2026-02-10 01:57:53,228 - main - INFO - === Logging system initialized ===
2026-02-10 01:57:53,228 - main - INFO - Log file: logs/app_20260210_015753.log
2026-02-10 01:57:53,229 - main - INFO - Log level: INFO
2026-02-10 01:57:53,229 - main - INFO - Timestamp: 20260210_015753
2026-02-10 01:58:00,241 - main - INFO - Included router: routers.aihub.router
2026-02-10 01:58:00,276 - main - INFO - Included router: routers.auth.router
2026-02-10 01:58:00,401 - main - INFO - Included router: routers.documents.router
2026-02-10 01:58:00,531 - main - INFO - Included router: routers.extractions.router
2026-02-10 01:58:00,550 - main - INFO - Included router: routers.google_auth.router
2026-02-10 01:58:00,552 - main - INFO - Included router: routers.health.router
2026-02-10 01:58:04,050 - main - INFO - Included router: routers.lease_analysis.router
2026-02-10 01:58:04,144 - main - INFO - Included router: routers.payments.router
2026-02-10 01:58:04,165 - main - INFO - Included router: routers.settings.router
2026-02-10 01:58:04,360 - main - INFO - Included router: routers.state_regulations.router
2026-02-10 01:58:04,407 - main - INFO - Included router: routers.storage.router
2026-02-10 01:58:04,695 - core.config - DEBUG - Read dynamic attribute stripe_secret_key from environment variable STRIPE_SECRET_KEY
2026-02-10 01:58:04,707 - main - INFO - Included router: routers.stripe_payments.router
2026-02-10 01:58:04,741 - main - INFO - Included router: routers.user.router
2026-02-10 01:58:04,794 - main - INFO - Included router: routers.user_credits.router
2026-02-10 01:58:04,796 - main - INFO - === Application startup initiated ===
2026-02-10 01:58:04,796 - services.database - DEBUG - [DB_OP] Starting database initialization
2026-02-10 01:58:04,796 - services.database - INFO - 🔧 Starting database initialization...
2026-02-10 01:58:04,797 - core.database - INFO - Starting database initialization...
2026-02-10 01:58:04,797 - core.database - INFO - Normalizing database URL for async compatibility...
2026-02-10 01:58:04,798 - core.database - INFO - Creating async database engine...
2026-02-10 01:58:04,798 - core.database - INFO - Using QueuePool with connection pooling for non-Lambda environment
2026-02-10 01:58:05,255 - core.database - INFO - Database engine created successfully
2026-02-10 01:58:05,255 - core.database - INFO - Creating async session maker...
2026-02-10 01:58:05,255 - core.database - INFO - Async session maker created successfully
2026-02-10 01:58:05,255 - core.database - INFO - Database connection initialized successfully
2026-02-10 01:58:05,255 - services.database - INFO - 🔧 Database connection initialized, now creating tables if tables not exist...
2026-02-10 01:58:05,255 - core.database - DEBUG - [DB_OP] Starting create_tables
2026-02-10 01:58:05,255 - core.database - INFO - 🔧 Starting table creation...
2026-02-10 01:58:06,921 - core.database - INFO - Tables initialized successfully
2026-02-10 01:58:06,922 - core.database - DEBUG - [DB_OP] Create tables completed in 1.6666s
2026-02-10 01:58:06,986 - services.database - INFO - 🔧 Table creation completed
2026-02-10 01:58:06,987 - services.database - INFO - Database initialized successfully
2026-02-10 01:58:06,987 - services.database - DEBUG - [DB_OP] Database initialization completed in 2.1907s
2026-02-10 01:58:06,988 - services.mock_data - INFO - Processing mock data file state_regulations.json for table state_regulations
2026-02-10 01:58:09,099 - services.mock_data - INFO - Table state_regulations already has 50 rows; skipping mock insert
2026-02-10 01:58:09,163 - services.database - DEBUG - [DB_OP] Starting database initialization
2026-02-10 01:58:09,164 - services.database - INFO - 🔧 Starting database initialization...
2026-02-10 01:58:09,164 - core.database - INFO - Starting database initialization...
2026-02-10 01:58:09,164 - core.database - INFO - Database already initialized
2026-02-10 01:58:09,164 - services.database - INFO - 🔧 Database connection initialized, now creating tables if tables not exist...
2026-02-10 01:58:09,164 - core.database - DEBUG - [DB_OP] Starting create_tables
2026-02-10 01:58:09,164 - core.database - INFO - Tables already initialized
2026-02-10 01:58:09,164 - services.database - INFO - 🔧 Table creation completed
2026-02-10 01:58:09,164 - services.database - INFO - Database initialized successfully
2026-02-10 01:58:09,165 - services.database - DEBUG - [DB_OP] Database initialization completed in 0.0013s
2026-02-10 01:58:09,557 - services.auth - DEBUG - Admin user 956410 already exists
2026-02-10 01:58:09,621 - main - INFO - === Application startup completed successfully ===
