2026-02-07 22:28:20,122 - main - INFO - === Logging system initialized ===
2026-02-07 22:28:20,123 - main - INFO - Log file: logs/app_20260207_222820.log
2026-02-07 22:28:20,123 - main - INFO - Log level: INFO
2026-02-07 22:28:20,123 - main - INFO - Timestamp: 20260207_222820
2026-02-07 22:28:20,946 - main - INFO - Included router: routers.aihub.router
2026-02-07 22:28:20,969 - main - INFO - Included router: routers.auth.router
2026-02-07 22:28:21,142 - main - INFO - Included router: routers.documents.router
2026-02-07 22:28:21,195 - main - INFO - Included router: routers.extractions.router
2026-02-07 22:28:21,198 - main - INFO - Included router: routers.health.router
2026-02-07 22:28:21,232 - main - INFO - Included router: routers.lease_analysis.router
2026-02-07 22:28:21,285 - main - INFO - Included router: routers.payments.router
2026-02-07 22:28:21,309 - main - INFO - Included router: routers.settings.router
2026-02-07 22:28:21,353 - main - INFO - Included router: routers.state_regulations.router
2026-02-07 22:28:21,391 - main - INFO - Included router: routers.storage.router
2026-02-07 22:28:21,423 - core.config - DEBUG - Read dynamic attribute stripe_secret_key from environment variable STRIPE_SECRET_KEY
2026-02-07 22:28:21,434 - main - INFO - Included router: routers.stripe_payments.router
2026-02-07 22:28:21,442 - main - INFO - Included router: routers.user.router
2026-02-07 22:28:21,489 - main - INFO - Included router: routers.user_credits.router
2026-02-07 22:28:21,490 - main - INFO - === Application startup initiated ===
2026-02-07 22:28:21,491 - services.database - DEBUG - [DB_OP] Starting database initialization
2026-02-07 22:28:21,491 - services.database - INFO - 🔧 Starting database initialization...
2026-02-07 22:28:21,491 - core.database - INFO - Starting database initialization...
2026-02-07 22:28:21,491 - core.config - DEBUG - Read dynamic attribute database_url from environment variable DATABASE_URL
2026-02-07 22:28:21,491 - core.database - INFO - Normalizing database URL for async compatibility...
2026-02-07 22:28:21,492 - core.database - INFO - Creating async database engine...
2026-02-07 22:28:21,492 - core.database - INFO - Using QueuePool with connection pooling for non-Lambda environment
2026-02-07 22:28:21,541 - core.database - INFO - Database engine created successfully
2026-02-07 22:28:21,541 - core.database - INFO - Creating async session maker...
2026-02-07 22:28:21,541 - core.database - INFO - Async session maker created successfully
2026-02-07 22:28:21,541 - core.database - INFO - Database connection initialized successfully
2026-02-07 22:28:21,542 - services.database - INFO - 🔧 Database connection initialized, now creating tables if tables not exist...
2026-02-07 22:28:21,542 - core.database - DEBUG - [DB_OP] Starting create_tables
2026-02-07 22:28:21,542 - core.database - INFO - 🔧 Starting table creation...
2026-02-07 22:28:23,418 - core.database - INFO - Tables initialized successfully
2026-02-07 22:28:23,418 - core.database - DEBUG - [DB_OP] Create tables completed in 1.8765s
2026-02-07 22:28:23,477 - services.database - INFO - 🔧 Table creation completed
2026-02-07 22:28:23,478 - services.database - INFO - Database initialized successfully
2026-02-07 22:28:23,478 - services.database - DEBUG - [DB_OP] Database initialization completed in 1.9873s
2026-02-07 22:28:23,480 - services.mock_data - INFO - Processing mock data file state_regulations.json for table state_regulations
2026-02-07 22:28:25,504 - services.mock_data - INFO - Table state_regulations already has 50 rows; skipping mock insert
2026-02-07 22:28:25,563 - services.database - DEBUG - [DB_OP] Starting database initialization
2026-02-07 22:28:25,564 - services.database - INFO - 🔧 Starting database initialization...
2026-02-07 22:28:25,564 - core.database - INFO - Starting database initialization...
2026-02-07 22:28:25,564 - core.database - INFO - Database already initialized
2026-02-07 22:28:25,564 - services.database - INFO - 🔧 Database connection initialized, now creating tables if tables not exist...
2026-02-07 22:28:25,564 - core.database - DEBUG - [DB_OP] Starting create_tables
2026-02-07 22:28:25,565 - core.database - INFO - Tables already initialized
2026-02-07 22:28:25,565 - services.database - INFO - 🔧 Table creation completed
2026-02-07 22:28:25,565 - services.database - INFO - Database initialized successfully
2026-02-07 22:28:25,565 - services.database - DEBUG - [DB_OP] Database initialization completed in 0.0017s
2026-02-07 22:28:25,565 - core.config - DEBUG - Read dynamic attribute admin_user_id from environment variable ADMIN_USER_ID
2026-02-07 22:28:25,565 - core.config - DEBUG - Read dynamic attribute admin_user_email from environment variable ADMIN_USER_EMAIL
2026-02-07 22:28:25,929 - services.auth - DEBUG - Admin user 956410 already exists
2026-02-07 22:28:25,988 - main - INFO - === Application startup completed successfully ===
2026-02-07 22:28:55,274 - services.database - DEBUG - [DB_OP] Starting database close
2026-02-07 22:28:55,338 - core.database - INFO - Database connection closed and engine disposed
2026-02-07 22:28:55,339 - services.database - INFO - Database connections closed
2026-02-07 22:28:55,339 - services.database - DEBUG - [DB_OP] Database close completed in 0.0644s
