2026-02-07 21:45:41,430 - main - INFO - === Logging system initialized ===
2026-02-07 21:45:41,430 - main - INFO - Log file: logs/app_20260207_214541.log
2026-02-07 21:45:41,430 - main - INFO - Log level: INFO
2026-02-07 21:45:41,430 - main - INFO - Timestamp: 20260207_214541
2026-02-07 21:45:42,054 - main - INFO - Included router: routers.aihub.router
2026-02-07 21:45:42,070 - main - INFO - Included router: routers.auth.router
2026-02-07 21:45:42,117 - main - INFO - Included router: routers.documents.router
2026-02-07 21:45:42,225 - main - INFO - Included router: routers.extractions.router
2026-02-07 21:45:42,227 - main - INFO - Included router: routers.health.router
2026-02-07 21:45:42,244 - main - INFO - Included router: routers.lease_analysis.router
2026-02-07 21:45:42,288 - main - INFO - Included router: routers.payments.router
2026-02-07 21:45:42,307 - main - INFO - Included router: routers.settings.router
2026-02-07 21:45:42,429 - main - INFO - Included router: routers.state_regulations.router
2026-02-07 21:45:42,465 - main - INFO - Included router: routers.storage.router
2026-02-07 21:45:42,483 - core.config - DEBUG - Read dynamic attribute stripe_secret_key from environment variable STRIPE_SECRET_KEY
2026-02-07 21:45:42,492 - main - INFO - Included router: routers.stripe_payments.router
2026-02-07 21:45:42,500 - main - INFO - Included router: routers.user.router
2026-02-07 21:45:42,542 - main - INFO - Included router: routers.user_credits.router
2026-02-07 21:45:42,543 - main - INFO - === Application startup initiated ===
2026-02-07 21:45:42,543 - services.database - DEBUG - [DB_OP] Starting database initialization
2026-02-07 21:45:42,543 - services.database - INFO - 🔧 Starting database initialization...
2026-02-07 21:45:42,543 - core.database - INFO - Starting database initialization...
2026-02-07 21:45:42,544 - core.config - DEBUG - Read dynamic attribute database_url from environment variable DATABASE_URL
2026-02-07 21:45:42,544 - core.database - INFO - Normalizing database URL for async compatibility...
2026-02-07 21:45:42,545 - core.database - INFO - Creating async database engine...
2026-02-07 21:45:42,545 - core.database - INFO - Using QueuePool with connection pooling for non-Lambda environment
2026-02-07 21:45:42,583 - core.database - INFO - Database engine created successfully
2026-02-07 21:45:42,583 - core.database - INFO - Creating async session maker...
2026-02-07 21:45:42,583 - core.database - INFO - Async session maker created successfully
2026-02-07 21:45:42,583 - core.database - INFO - Database connection initialized successfully
2026-02-07 21:45:42,583 - services.database - INFO - 🔧 Database connection initialized, now creating tables if tables not exist...
2026-02-07 21:45:42,583 - core.database - DEBUG - [DB_OP] Starting create_tables
2026-02-07 21:45:42,583 - core.database - INFO - 🔧 Starting table creation...
2026-02-07 21:45:44,107 - core.database - INFO - Tables initialized successfully
2026-02-07 21:45:44,107 - core.database - DEBUG - [DB_OP] Create tables completed in 1.5239s
2026-02-07 21:45:44,166 - services.database - INFO - 🔧 Table creation completed
2026-02-07 21:45:44,167 - services.database - INFO - Database initialized successfully
2026-02-07 21:45:44,167 - services.database - DEBUG - [DB_OP] Database initialization completed in 1.6238s
2026-02-07 21:45:44,170 - services.mock_data - INFO - Processing mock data file state_regulations.json for table state_regulations
2026-02-07 21:45:46,096 - services.mock_data - INFO - Table state_regulations already has 50 rows; skipping mock insert
2026-02-07 21:45:46,156 - services.database - DEBUG - [DB_OP] Starting database initialization
2026-02-07 21:45:46,156 - services.database - INFO - 🔧 Starting database initialization...
2026-02-07 21:45:46,156 - core.database - INFO - Starting database initialization...
2026-02-07 21:45:46,156 - core.database - INFO - Database already initialized
2026-02-07 21:45:46,156 - services.database - INFO - 🔧 Database connection initialized, now creating tables if tables not exist...
2026-02-07 21:45:46,156 - core.database - DEBUG - [DB_OP] Starting create_tables
2026-02-07 21:45:46,157 - core.database - INFO - Tables already initialized
2026-02-07 21:45:46,157 - services.database - INFO - 🔧 Table creation completed
2026-02-07 21:45:46,157 - services.database - INFO - Database initialized successfully
2026-02-07 21:45:46,157 - services.database - DEBUG - [DB_OP] Database initialization completed in 0.0018s
2026-02-07 21:45:46,158 - core.config - DEBUG - Read dynamic attribute admin_user_id from environment variable ADMIN_USER_ID
2026-02-07 21:45:46,158 - core.config - DEBUG - Read dynamic attribute admin_user_email from environment variable ADMIN_USER_EMAIL
2026-02-07 21:45:46,514 - services.auth - DEBUG - Admin user 956410 already exists
2026-02-07 21:45:46,572 - main - INFO - === Application startup completed successfully ===
2026-02-07 21:46:20,271 - services.database - DEBUG - [DB_OP] Starting database close
2026-02-07 21:46:20,333 - core.database - INFO - Database connection closed and engine disposed
2026-02-07 21:46:20,334 - services.database - INFO - Database connections closed
2026-02-07 21:46:20,334 - services.database - DEBUG - [DB_OP] Database close completed in 0.0629s
