2026-02-07 10:03:49,591 - main - INFO - === Logging system initialized ===
2026-02-07 10:03:49,591 - main - INFO - Log file: logs/app_20260207_100349.log
2026-02-07 10:03:49,591 - main - INFO - Log level: INFO
2026-02-07 10:03:49,591 - main - INFO - Timestamp: 20260207_100349
2026-02-07 10:03:50,406 - main - INFO - Included router: routers.aihub.router
2026-02-07 10:03:50,427 - main - INFO - Included router: routers.auth.router
2026-02-07 10:03:50,487 - main - INFO - Included router: routers.documents.router
2026-02-07 10:03:50,636 - main - INFO - Included router: routers.extractions.router
2026-02-07 10:03:50,639 - main - INFO - Included router: routers.health.router
2026-02-07 10:03:50,662 - main - INFO - Included router: routers.lease_analysis.router
2026-02-07 10:03:50,715 - main - INFO - Included router: routers.payments.router
2026-02-07 10:03:50,736 - main - INFO - Included router: routers.settings.router
2026-02-07 10:03:50,777 - main - INFO - Included router: routers.storage.router
2026-02-07 10:03:50,795 - core.config - DEBUG - Read dynamic attribute stripe_secret_key from environment variable STRIPE_SECRET_KEY
2026-02-07 10:03:50,804 - main - INFO - Included router: routers.stripe_payments.router
2026-02-07 10:03:50,812 - main - INFO - Included router: routers.user.router
2026-02-07 10:03:50,855 - main - INFO - Included router: routers.user_credits.router
2026-02-07 10:03:50,856 - main - INFO - === Application startup initiated ===
2026-02-07 10:03:50,856 - services.database - DEBUG - [DB_OP] Starting database initialization
2026-02-07 10:03:50,856 - services.database - INFO - 🔧 Starting database initialization...
2026-02-07 10:03:50,857 - core.database - INFO - Starting database initialization...
2026-02-07 10:03:50,857 - core.config - DEBUG - Read dynamic attribute database_url from environment variable DATABASE_URL
2026-02-07 10:03:50,857 - core.database - INFO - Normalizing database URL for async compatibility...
2026-02-07 10:03:50,858 - core.database - INFO - Creating async database engine...
2026-02-07 10:03:50,858 - core.database - INFO - Using QueuePool with connection pooling for non-Lambda environment
2026-02-07 10:03:50,896 - core.database - INFO - Database engine created successfully
2026-02-07 10:03:50,897 - core.database - INFO - Creating async session maker...
2026-02-07 10:03:50,897 - core.database - INFO - Async session maker created successfully
2026-02-07 10:03:50,897 - core.database - INFO - Database connection initialized successfully
2026-02-07 10:03:50,898 - services.database - INFO - 🔧 Database connection initialized, now creating tables if tables not exist...
2026-02-07 10:03:50,898 - core.database - DEBUG - [DB_OP] Starting create_tables
2026-02-07 10:03:50,898 - core.database - INFO - 🔧 Starting table creation...
2026-02-07 10:03:52,367 - core.database - INFO - Tables initialized successfully
2026-02-07 10:03:52,367 - core.database - DEBUG - [DB_OP] Create tables completed in 1.4692s
2026-02-07 10:03:52,428 - services.database - INFO - 🔧 Table creation completed
2026-02-07 10:03:52,428 - services.database - INFO - Database initialized successfully
2026-02-07 10:03:52,428 - services.database - DEBUG - [DB_OP] Database initialization completed in 1.5718s
2026-02-07 10:03:52,429 - services.mock_data - INFO - mock_data directory not found, skipping mock initialization
2026-02-07 10:03:52,429 - services.database - DEBUG - [DB_OP] Starting database initialization
2026-02-07 10:03:52,429 - services.database - INFO - 🔧 Starting database initialization...
2026-02-07 10:03:52,429 - core.database - INFO - Starting database initialization...
2026-02-07 10:03:52,430 - core.database - INFO - Database already initialized
2026-02-07 10:03:52,430 - services.database - INFO - 🔧 Database connection initialized, now creating tables if tables not exist...
2026-02-07 10:03:52,430 - core.database - DEBUG - [DB_OP] Starting create_tables
2026-02-07 10:03:52,430 - core.database - INFO - Tables already initialized
2026-02-07 10:03:52,430 - services.database - INFO - 🔧 Table creation completed
2026-02-07 10:03:52,430 - services.database - INFO - Database initialized successfully
2026-02-07 10:03:52,431 - services.database - DEBUG - [DB_OP] Database initialization completed in 0.0015s
2026-02-07 10:03:52,431 - core.config - DEBUG - Read dynamic attribute admin_user_id from environment variable ADMIN_USER_ID
2026-02-07 10:03:52,431 - core.config - DEBUG - Read dynamic attribute admin_user_email from environment variable ADMIN_USER_EMAIL
2026-02-07 10:03:52,852 - services.auth - DEBUG - Admin user 956410 already exists
2026-02-07 10:03:52,912 - main - INFO - === Application startup completed successfully ===
2026-02-07 10:06:40,090 - core.config - DEBUG - Read dynamic attribute jwt_secret_key from environment variable JWT_SECRET_KEY
2026-02-07 10:06:40,090 - core.config - DEBUG - Read dynamic attribute jwt_algorithm from environment variable JWT_ALGORITHM
2026-02-07 10:06:40,109 - core.auth - DEBUG - Authentication token validated for user hash: a89dfb40
2026-02-07 10:06:40,555 - core.auth - DEBUG - Authentication token validated for user hash: a89dfb40
2026-02-07 10:06:40,556 - core.database - DEBUG - [DB_OP] Starting get_db session creation
2026-02-07 10:06:40,556 - core.database - DEBUG - [DB_OP] Database session created successfully in 0.0002s
2026-02-07 10:06:40,556 - routers.documents - DEBUG - Querying documentss: query=None, sort=-created_at, skip=0, limit=50, fields=None
2026-02-07 10:06:41,058 - routers.documents - DEBUG - Found 0 documentss
2026-02-07 10:06:41,059 - core.database - DEBUG - [DB_OP] Database session cleanup after 0.5034s
2026-02-07 10:06:41,530 - core.auth - DEBUG - Authentication token validated for user hash: a89dfb40
2026-02-07 10:06:41,530 - core.database - DEBUG - [DB_OP] Starting get_db session creation
2026-02-07 10:06:41,532 - core.database - DEBUG - [DB_OP] Database session created successfully in 0.0012s
2026-02-07 10:06:42,428 - services.user_credits - INFO - Created user_credits with id: 1
2026-02-07 10:06:42,429 - core.database - DEBUG - [DB_OP] Database session cleanup after 0.8986s
2026-02-07 10:13:57,372 - services.database - DEBUG - [DB_OP] Starting database close
2026-02-07 10:13:57,373 - core.database - INFO - Database connection closed and engine disposed
2026-02-07 10:13:57,373 - services.database - INFO - Database connections closed
2026-02-07 10:13:57,374 - services.database - DEBUG - [DB_OP] Database close completed in 0.0012s
