2026-02-07 22:29:06,772 - main - INFO - === Logging system initialized ===
2026-02-07 22:29:06,773 - main - INFO - Log file: logs/app_20260207_222906.log
2026-02-07 22:29:06,773 - main - INFO - Log level: INFO
2026-02-07 22:29:06,773 - main - INFO - Timestamp: 20260207_222906
2026-02-07 22:29:07,413 - main - INFO - Included router: routers.aihub.router
2026-02-07 22:29:07,432 - main - INFO - Included router: routers.auth.router
2026-02-07 22:29:07,482 - main - INFO - Included router: routers.documents.router
2026-02-07 22:29:07,623 - main - INFO - Included router: routers.extractions.router
2026-02-07 22:29:07,626 - main - INFO - Included router: routers.health.router
2026-02-07 22:29:07,656 - main - INFO - Included router: routers.lease_analysis.router
2026-02-07 22:29:07,706 - main - INFO - Included router: routers.payments.router
2026-02-07 22:29:07,728 - main - INFO - Included router: routers.settings.router
2026-02-07 22:29:07,768 - main - INFO - Included router: routers.state_regulations.router
2026-02-07 22:29:07,806 - main - INFO - Included router: routers.storage.router
2026-02-07 22:29:07,826 - core.config - DEBUG - Read dynamic attribute stripe_secret_key from environment variable STRIPE_SECRET_KEY
2026-02-07 22:29:07,836 - main - INFO - Included router: routers.stripe_payments.router
2026-02-07 22:29:07,844 - main - INFO - Included router: routers.user.router
2026-02-07 22:29:07,888 - main - INFO - Included router: routers.user_credits.router
2026-02-07 22:29:07,889 - main - INFO - === Application startup initiated ===
2026-02-07 22:29:07,889 - services.database - DEBUG - [DB_OP] Starting database initialization
2026-02-07 22:29:07,890 - services.database - INFO - 🔧 Starting database initialization...
2026-02-07 22:29:07,890 - core.database - INFO - Starting database initialization...
2026-02-07 22:29:07,891 - core.config - DEBUG - Read dynamic attribute database_url from environment variable DATABASE_URL
2026-02-07 22:29:07,891 - core.database - INFO - Normalizing database URL for async compatibility...
2026-02-07 22:29:07,892 - core.database - INFO - Creating async database engine...
2026-02-07 22:29:07,892 - core.database - INFO - Using QueuePool with connection pooling for non-Lambda environment
2026-02-07 22:29:07,932 - core.database - INFO - Database engine created successfully
2026-02-07 22:29:07,932 - core.database - INFO - Creating async session maker...
2026-02-07 22:29:07,932 - core.database - INFO - Async session maker created successfully
2026-02-07 22:29:07,933 - core.database - INFO - Database connection initialized successfully
2026-02-07 22:29:07,933 - services.database - INFO - 🔧 Database connection initialized, now creating tables if tables not exist...
2026-02-07 22:29:07,933 - core.database - DEBUG - [DB_OP] Starting create_tables
2026-02-07 22:29:07,933 - core.database - INFO - 🔧 Starting table creation...
2026-02-07 22:29:09,513 - core.database - INFO - Tables initialized successfully
2026-02-07 22:29:09,514 - core.database - DEBUG - [DB_OP] Create tables completed in 1.5809s
2026-02-07 22:29:09,575 - services.database - INFO - 🔧 Table creation completed
2026-02-07 22:29:09,575 - services.database - INFO - Database initialized successfully
2026-02-07 22:29:09,575 - services.database - DEBUG - [DB_OP] Database initialization completed in 1.6861s
2026-02-07 22:29:09,577 - services.mock_data - INFO - Processing mock data file state_regulations.json for table state_regulations
2026-02-07 22:29:11,563 - services.mock_data - INFO - Table state_regulations already has 50 rows; skipping mock insert
2026-02-07 22:29:11,624 - services.database - DEBUG - [DB_OP] Starting database initialization
2026-02-07 22:29:11,625 - services.database - INFO - 🔧 Starting database initialization...
2026-02-07 22:29:11,625 - core.database - INFO - Starting database initialization...
2026-02-07 22:29:11,625 - core.database - INFO - Database already initialized
2026-02-07 22:29:11,625 - services.database - INFO - 🔧 Database connection initialized, now creating tables if tables not exist...
2026-02-07 22:29:11,626 - core.database - DEBUG - [DB_OP] Starting create_tables
2026-02-07 22:29:11,626 - core.database - INFO - Tables already initialized
2026-02-07 22:29:11,626 - services.database - INFO - 🔧 Table creation completed
2026-02-07 22:29:11,627 - services.database - INFO - Database initialized successfully
2026-02-07 22:29:11,627 - services.database - DEBUG - [DB_OP] Database initialization completed in 0.0029s
2026-02-07 22:29:11,627 - core.config - DEBUG - Read dynamic attribute admin_user_id from environment variable ADMIN_USER_ID
2026-02-07 22:29:11,627 - core.config - DEBUG - Read dynamic attribute admin_user_email from environment variable ADMIN_USER_EMAIL
2026-02-07 22:29:11,997 - services.auth - DEBUG - Admin user 956410 already exists
2026-02-07 22:29:12,058 - main - INFO - === Application startup completed successfully ===
2026-02-07 22:30:31,889 - core.config - DEBUG - Read dynamic attribute jwt_secret_key from environment variable JWT_SECRET_KEY
2026-02-07 22:30:31,889 - core.config - DEBUG - Read dynamic attribute jwt_algorithm from environment variable JWT_ALGORITHM
2026-02-07 22:30:31,900 - core.auth - DEBUG - Authentication token validated for user hash: a89dfb40
2026-02-07 22:30:32,416 - core.auth - DEBUG - Authentication token validated for user hash: a89dfb40
2026-02-07 22:30:32,417 - core.database - DEBUG - [DB_OP] Starting get_db session creation
2026-02-07 22:30:32,417 - core.database - DEBUG - [DB_OP] Database session created successfully in 0.0002s
2026-02-07 22:30:32,418 - routers.documents - DEBUG - Querying documentss: query=None, sort=-created_at, skip=0, limit=50, fields=None
2026-02-07 22:30:32,912 - routers.documents - DEBUG - Found 3 documentss
2026-02-07 22:30:32,913 - core.database - DEBUG - [DB_OP] Database session cleanup after 0.4965s
2026-02-07 22:30:33,400 - core.auth - DEBUG - Authentication token validated for user hash: a89dfb40
2026-02-07 22:30:33,401 - core.database - DEBUG - [DB_OP] Starting get_db session creation
2026-02-07 22:30:33,401 - core.database - DEBUG - [DB_OP] Database session created successfully in 0.0003s
2026-02-07 22:30:33,766 - core.database - DEBUG - [DB_OP] Database session cleanup after 0.3657s
2026-02-07 22:30:46,256 - core.auth - DEBUG - Authentication token validated for user hash: a89dfb40
2026-02-07 22:30:46,732 - core.auth - DEBUG - Authentication token validated for user hash: a89dfb40
2026-02-07 22:30:46,732 - core.database - DEBUG - [DB_OP] Starting get_db session creation
2026-02-07 22:30:46,732 - core.database - DEBUG - [DB_OP] Database session created successfully in 0.0002s
2026-02-07 22:30:46,732 - routers.documents - DEBUG - Querying documentss: query=None, sort=-created_at, skip=0, limit=50, fields=None
2026-02-07 22:30:47,094 - routers.documents - DEBUG - Found 3 documentss
2026-02-07 22:30:47,095 - core.database - DEBUG - [DB_OP] Database session cleanup after 0.3633s
2026-02-07 22:30:47,627 - core.auth - DEBUG - Authentication token validated for user hash: a89dfb40
2026-02-07 22:30:47,628 - core.database - DEBUG - [DB_OP] Starting get_db session creation
2026-02-07 22:30:47,628 - core.database - DEBUG - [DB_OP] Database session created successfully in 0.0002s
2026-02-07 22:30:47,940 - core.database - DEBUG - [DB_OP] Database session cleanup after 0.3125s
2026-02-07 22:30:53,759 - core.auth - DEBUG - Authentication token validated for user hash: a89dfb40
2026-02-07 22:30:59,053 - core.auth - DEBUG - Authentication token validated for user hash: a89dfb40
2026-02-07 22:30:59,053 - core.config - DEBUG - Read dynamic attribute oss_service_url from environment variable OSS_SERVICE_URL
2026-02-07 22:30:59,054 - core.config - DEBUG - Read dynamic attribute oss_api_key from environment variable OSS_API_KEY
2026-02-07 22:30:59,388 - httpcore.connection - DEBUG - connect_tcp.started host='atoms.dev' port=443 local_address=None timeout=120.0 socket_options=None
2026-02-07 22:30:59,404 - httpcore.connection - DEBUG - connect_tcp.complete return_value=<httpcore._backends.anyio.AnyIOStream object at 0x7f3918cebe50>
2026-02-07 22:30:59,404 - httpcore.connection - DEBUG - start_tls.started ssl_context=<ssl.SSLContext object at 0x7f3919966640> server_hostname='atoms.dev' timeout=120.0
2026-02-07 22:30:59,413 - httpcore.connection - DEBUG - start_tls.complete return_value=<httpcore._backends.anyio.AnyIOStream object at 0x7f39198e5990>
2026-02-07 22:30:59,413 - httpcore.http11 - DEBUG - send_request_headers.started request=<Request [b'POST']>
2026-02-07 22:30:59,414 - httpcore.http11 - DEBUG - send_request_headers.complete
2026-02-07 22:30:59,415 - httpcore.http11 - DEBUG - send_request_body.started request=<Request [b'POST']>
2026-02-07 22:30:59,416 - httpcore.http11 - DEBUG - send_request_body.complete
2026-02-07 22:30:59,416 - httpcore.http11 - DEBUG - receive_response_headers.started request=<Request [b'POST']>
2026-02-07 22:30:59,473 - httpcore.http11 - DEBUG - receive_response_headers.complete return_value=(b'HTTP/1.1', 200, b'OK', [(b'Date', b'Sun, 08 Feb 2026 06:30:59 GMT'), (b'Content-Type', b'application/json; charset=utf-8'), (b'Transfer-Encoding', b'chunked'), (b'Connection', b'keep-alive'), (b'Access-Control-Allow-Headers', b'Origin, Content-Type, Accept, Authorization'), (b'Access-Control-Allow-Methods', b'GET, POST, PUT, DELETE, OPTIONS'), (b'Access-Control-Allow-Origin', b'*'), (b'Access-Control-Max-Age', b'86400'), (b'X-Request-Id', b'c5a6984eed36a9f942cd1e9fc40f3d28'), (b'X-Trace-Id', b'09f312c82aa94c6bb085025e2acac8f5'), (b'Content-Security-Policy', b"frame-ancestors 'self' https://atoms.dev"), (b'Strict-Transport-Security', b'max-age=63072000; includeSubDomains; preload'), (b'X-Content-Type-Options', b'nosniff'), (b'X-XSS-Protection', b'1; mode=block'), (b'Referrer-Policy', b'strict-origin-when-cross-origin'), (b'cf-cache-status', b'DYNAMIC'), (b'Content-Encoding', b'gzip'), (b'Server', b'cloudflare'), (b'CF-RAY', b'9ca914dd5e6c1e08-LAX')])
2026-02-07 22:30:59,474 - httpx - INFO - HTTP Request: POST https://atoms.dev/api/v1/infra/client/oss/buckets/lease-documents/objects/upload_url "HTTP/1.1 200 OK"
2026-02-07 22:30:59,474 - httpcore.http11 - DEBUG - receive_response_body.started request=<Request [b'POST']>
2026-02-07 22:30:59,475 - httpcore.http11 - DEBUG - receive_response_body.complete
2026-02-07 22:30:59,475 - httpcore.http11 - DEBUG - response_closed.started
2026-02-07 22:30:59,475 - httpcore.http11 - DEBUG - response_closed.complete
2026-02-07 22:30:59,475 - httpcore.connection - DEBUG - close.started
2026-02-07 22:30:59,476 - httpcore.connection - DEBUG - close.complete
2026-02-07 22:31:03,543 - core.auth - DEBUG - Authentication token validated for user hash: a89dfb40
2026-02-07 22:31:03,543 - core.database - DEBUG - [DB_OP] Starting get_db session creation
2026-02-07 22:31:03,544 - core.database - DEBUG - [DB_OP] Database session created successfully in 0.0003s
2026-02-07 22:31:03,544 - routers.documents - DEBUG - Creating new documents with data: file_name='California-Standard-Residential-Lease-Agreement.pdf' file_key='leases/956410/1770532259335-California-Standard-Residential-Lease-Agreement.pdf' file_size=81319 status='pending' created_at=datetime.datetime(2026, 2, 8, 6, 31, 3, 846000, tzinfo=TzInfo(UTC)) updated_at=datetime.datetime(2026, 2, 8, 6, 31, 3, 846000, tzinfo=TzInfo(UTC))
2026-02-07 22:31:04,342 - services.documents - INFO - Created documents with id: 4
2026-02-07 22:31:04,342 - routers.documents - INFO - Documents created successfully with id: 4
2026-02-07 22:31:04,343 - core.database - DEBUG - [DB_OP] Database session cleanup after 0.7998s
2026-02-07 22:31:04,756 - core.auth - DEBUG - Authentication token validated for user hash: a89dfb40
2026-02-07 22:31:04,757 - core.database - DEBUG - [DB_OP] Starting get_db session creation
2026-02-07 22:31:04,757 - core.database - DEBUG - [DB_OP] Database session created successfully in 0.0002s
2026-02-07 22:31:05,726 - services.documents - INFO - Updated documents 4
2026-02-07 22:31:05,727 - core.config - DEBUG - Read dynamic attribute app_ai_base_url from environment variable APP_AI_BASE_URL
2026-02-07 22:31:05,727 - core.config - DEBUG - Read dynamic attribute app_ai_key from environment variable APP_AI_KEY
2026-02-07 22:31:06,241 - services.aihub - ERROR - gentxt error: argument 'by_alias': 'NoneType' object cannot be converted to 'PyBool'
2026-02-07 22:31:06,241 - services.lease_extraction - ERROR - Lease extraction error: argument 'by_alias': 'NoneType' object cannot be converted to 'PyBool'
2026-02-07 22:31:06,725 - services.documents - INFO - Updated documents 4
2026-02-07 22:31:06,725 - core.database - DEBUG - [DB_OP] Database session cleanup after 1.9689s
2026-02-07 22:33:43,995 - core.auth - DEBUG - Authentication token validated for user hash: a89dfb40
2026-02-07 22:33:44,465 - core.auth - DEBUG - Authentication token validated for user hash: a89dfb40
2026-02-07 22:33:44,466 - core.database - DEBUG - [DB_OP] Starting get_db session creation
2026-02-07 22:33:44,466 - core.database - DEBUG - [DB_OP] Database session created successfully in 0.0008s
2026-02-07 22:33:44,467 - routers.documents - DEBUG - Querying documentss: query=None, sort=-created_at, skip=0, limit=50, fields=None
2026-02-07 22:33:44,832 - routers.documents - DEBUG - Found 4 documentss
2026-02-07 22:33:44,834 - core.database - DEBUG - [DB_OP] Database session cleanup after 0.3680s
2026-02-07 22:33:45,314 - core.auth - DEBUG - Authentication token validated for user hash: a89dfb40
2026-02-07 22:33:45,315 - core.database - DEBUG - [DB_OP] Starting get_db session creation
2026-02-07 22:33:45,316 - core.database - DEBUG - [DB_OP] Database session created successfully in 0.0007s
2026-02-07 22:33:45,619 - core.database - DEBUG - [DB_OP] Database session cleanup after 0.3042s
2026-02-07 22:35:27,770 - core.auth - DEBUG - Authentication token validated for user hash: a89dfb40
2026-02-07 22:35:28,246 - core.auth - DEBUG - Authentication token validated for user hash: a89dfb40
2026-02-07 22:35:28,246 - core.database - DEBUG - [DB_OP] Starting get_db session creation
2026-02-07 22:35:28,247 - core.database - DEBUG - [DB_OP] Database session created successfully in 0.0003s
2026-02-07 22:35:28,247 - routers.documents - DEBUG - Querying documentss: query=None, sort=-created_at, skip=0, limit=50, fields=None
2026-02-07 22:35:28,911 - routers.documents - DEBUG - Found 4 documentss
2026-02-07 22:35:28,912 - core.database - DEBUG - [DB_OP] Database session cleanup after 0.6658s
2026-02-07 22:35:29,377 - core.auth - DEBUG - Authentication token validated for user hash: a89dfb40
2026-02-07 22:35:29,377 - core.database - DEBUG - [DB_OP] Starting get_db session creation
2026-02-07 22:35:29,377 - core.database - DEBUG - [DB_OP] Database session created successfully in 0.0002s
2026-02-07 22:35:29,678 - core.database - DEBUG - [DB_OP] Database session cleanup after 0.3008s
2026-02-07 22:35:31,842 - core.auth - DEBUG - Authentication token validated for user hash: a89dfb40
2026-02-07 22:35:32,299 - core.auth - DEBUG - Authentication token validated for user hash: a89dfb40
2026-02-07 22:35:32,300 - core.database - DEBUG - [DB_OP] Starting get_db session creation
2026-02-07 22:35:32,300 - core.database - DEBUG - [DB_OP] Database session created successfully in 0.0002s
2026-02-07 22:35:32,300 - routers.documents - DEBUG - Querying documentss: query=None, sort=-created_at, skip=0, limit=50, fields=None
2026-02-07 22:35:32,663 - routers.documents - DEBUG - Found 4 documentss
2026-02-07 22:35:32,664 - core.database - DEBUG - [DB_OP] Database session cleanup after 0.3648s
2026-02-07 22:35:33,103 - core.auth - DEBUG - Authentication token validated for user hash: a89dfb40
2026-02-07 22:35:33,103 - core.database - DEBUG - [DB_OP] Starting get_db session creation
2026-02-07 22:35:33,104 - core.database - DEBUG - [DB_OP] Database session created successfully in 0.0002s
2026-02-07 22:35:33,405 - core.database - DEBUG - [DB_OP] Database session cleanup after 0.3021s
2026-02-07 22:35:37,591 - core.auth - DEBUG - Authentication token validated for user hash: a89dfb40
2026-02-07 22:35:52,533 - core.auth - DEBUG - Authentication token validated for user hash: a89dfb40
2026-02-07 22:35:52,582 - httpcore.connection - DEBUG - connect_tcp.started host='atoms.dev' port=443 local_address=None timeout=120.0 socket_options=None
2026-02-07 22:35:52,594 - httpcore.connection - DEBUG - connect_tcp.complete return_value=<httpcore._backends.anyio.AnyIOStream object at 0x7f391877c670>
2026-02-07 22:35:52,595 - httpcore.connection - DEBUG - start_tls.started ssl_context=<ssl.SSLContext object at 0x7f3918cd6dc0> server_hostname='atoms.dev' timeout=120.0
2026-02-07 22:35:52,604 - httpcore.connection - DEBUG - start_tls.complete return_value=<httpcore._backends.anyio.AnyIOStream object at 0x7f391bb13160>
2026-02-07 22:35:52,604 - httpcore.http11 - DEBUG - send_request_headers.started request=<Request [b'POST']>
2026-02-07 22:35:52,605 - httpcore.http11 - DEBUG - send_request_headers.complete
2026-02-07 22:35:52,606 - httpcore.http11 - DEBUG - send_request_body.started request=<Request [b'POST']>
2026-02-07 22:35:52,606 - httpcore.http11 - DEBUG - send_request_body.complete
2026-02-07 22:35:52,606 - httpcore.http11 - DEBUG - receive_response_headers.started request=<Request [b'POST']>
2026-02-07 22:35:52,645 - httpcore.http11 - DEBUG - receive_response_headers.complete return_value=(b'HTTP/1.1', 200, b'OK', [(b'Date', b'Sun, 08 Feb 2026 06:35:52 GMT'), (b'Content-Type', b'application/json; charset=utf-8'), (b'Transfer-Encoding', b'chunked'), (b'Connection', b'keep-alive'), (b'Access-Control-Allow-Headers', b'Origin, Content-Type, Accept, Authorization'), (b'Access-Control-Allow-Methods', b'GET, POST, PUT, DELETE, OPTIONS'), (b'Access-Control-Allow-Origin', b'*'), (b'Access-Control-Max-Age', b'86400'), (b'X-Request-Id', b'213613fad4fd0f0efad9a8b28addd649'), (b'X-Trace-Id', b'4371f79ff54f4322bd9a0ad6df5bba29'), (b'Content-Security-Policy', b"frame-ancestors 'self' https://atoms.dev"), (b'Strict-Transport-Security', b'max-age=63072000; includeSubDomains; preload'), (b'X-Content-Type-Options', b'nosniff'), (b'X-XSS-Protection', b'1; mode=block'), (b'Referrer-Policy', b'strict-origin-when-cross-origin'), (b'cf-cache-status', b'DYNAMIC'), (b'Content-Encoding', b'gzip'), (b'Server', b'cloudflare'), (b'CF-RAY', b'9ca91c05c94d312c-LAX')])
2026-02-07 22:35:52,646 - httpx - INFO - HTTP Request: POST https://atoms.dev/api/v1/infra/client/oss/buckets/lease-documents/objects/upload_url "HTTP/1.1 200 OK"
2026-02-07 22:35:52,646 - httpcore.http11 - DEBUG - receive_response_body.started request=<Request [b'POST']>
2026-02-07 22:35:52,647 - httpcore.http11 - DEBUG - receive_response_body.complete
2026-02-07 22:35:52,647 - httpcore.http11 - DEBUG - response_closed.started
2026-02-07 22:35:52,647 - httpcore.http11 - DEBUG - response_closed.complete
2026-02-07 22:35:52,648 - httpcore.connection - DEBUG - close.started
2026-02-07 22:35:52,648 - httpcore.connection - DEBUG - close.complete
2026-02-07 22:35:58,437 - core.auth - DEBUG - Authentication token validated for user hash: a89dfb40
2026-02-07 22:35:58,437 - core.database - DEBUG - [DB_OP] Starting get_db session creation
2026-02-07 22:35:58,438 - core.database - DEBUG - [DB_OP] Database session created successfully in 0.0002s
2026-02-07 22:35:58,438 - routers.documents - DEBUG - Creating new documents with data: file_name='California-Standard-Residential-Lease-Agreement.pdf' file_key='leases/956410/1770532552801-California-Standard-Residential-Lease-Agreement.pdf' file_size=81319 status='pending' created_at=datetime.datetime(2026, 2, 8, 6, 35, 58, 712000, tzinfo=TzInfo(UTC)) updated_at=datetime.datetime(2026, 2, 8, 6, 35, 58, 712000, tzinfo=TzInfo(UTC))
2026-02-07 22:35:59,104 - services.documents - INFO - Created documents with id: 5
2026-02-07 22:35:59,105 - routers.documents - INFO - Documents created successfully with id: 5
2026-02-07 22:35:59,105 - core.database - DEBUG - [DB_OP] Database session cleanup after 0.6678s
2026-02-07 22:35:59,579 - core.auth - DEBUG - Authentication token validated for user hash: a89dfb40
2026-02-07 22:35:59,579 - core.database - DEBUG - [DB_OP] Starting get_db session creation
2026-02-07 22:35:59,580 - core.database - DEBUG - [DB_OP] Database session created successfully in 0.0007s
2026-02-07 22:36:00,432 - services.documents - INFO - Updated documents 5
2026-02-07 22:36:00,477 - services.aihub - ERROR - gentxt error: argument 'by_alias': 'NoneType' object cannot be converted to 'PyBool'
2026-02-07 22:36:00,477 - services.lease_extraction - ERROR - Lease extraction error: argument 'by_alias': 'NoneType' object cannot be converted to 'PyBool'
2026-02-07 22:36:00,964 - services.documents - INFO - Updated documents 5
2026-02-07 22:36:00,965 - core.database - DEBUG - [DB_OP] Database session cleanup after 1.3855s
2026-02-07 22:36:19,095 - core.auth - DEBUG - Authentication token validated for user hash: a89dfb40
2026-02-07 22:36:19,576 - core.auth - DEBUG - Authentication token validated for user hash: a89dfb40
2026-02-07 22:36:19,577 - core.database - DEBUG - [DB_OP] Starting get_db session creation
2026-02-07 22:36:19,577 - core.database - DEBUG - [DB_OP] Database session created successfully in 0.0003s
2026-02-07 22:36:19,578 - routers.documents - DEBUG - Querying documentss: query=None, sort=-created_at, skip=0, limit=50, fields=None
2026-02-07 22:36:19,941 - routers.documents - DEBUG - Found 5 documentss
2026-02-07 22:36:19,942 - core.database - DEBUG - [DB_OP] Database session cleanup after 0.3653s
2026-02-07 22:36:20,375 - core.auth - DEBUG - Authentication token validated for user hash: a89dfb40
2026-02-07 22:36:20,376 - core.database - DEBUG - [DB_OP] Starting get_db session creation
2026-02-07 22:36:20,376 - core.database - DEBUG - [DB_OP] Database session created successfully in 0.0002s
2026-02-07 22:36:20,678 - core.database - DEBUG - [DB_OP] Database session cleanup after 0.3022s
2026-02-07 22:40:00,817 - services.database - DEBUG - [DB_OP] Starting database close
2026-02-07 22:40:00,819 - core.database - INFO - Database connection closed and engine disposed
2026-02-07 22:40:00,819 - services.database - INFO - Database connections closed
2026-02-07 22:40:00,819 - services.database - DEBUG - [DB_OP] Database close completed in 0.0018s
