2026-02-08 20:54:30,056 - main - INFO - === Logging system initialized ===
2026-02-08 20:54:30,056 - main - INFO - Log file: logs/app_20260208_205430.log
2026-02-08 20:54:30,056 - main - INFO - Log level: INFO
2026-02-08 20:54:30,056 - main - INFO - Timestamp: 20260208_205430
2026-02-08 20:54:30,733 - main - INFO - Included router: routers.aihub.router
2026-02-08 20:54:30,755 - main - INFO - Included router: routers.auth.router
2026-02-08 20:54:30,806 - main - INFO - Included router: routers.documents.router
2026-02-08 20:54:30,874 - main - INFO - Included router: routers.extractions.router
2026-02-08 20:54:30,876 - main - INFO - Included router: routers.health.router
2026-02-08 20:54:30,993 - main - INFO - Included router: routers.lease_analysis.router
2026-02-08 20:54:31,043 - main - INFO - Included router: routers.payments.router
2026-02-08 20:54:31,080 - main - INFO - Included router: routers.settings.router
2026-02-08 20:54:31,134 - main - INFO - Included router: routers.state_regulations.router
2026-02-08 20:54:31,179 - main - INFO - Included router: routers.storage.router
2026-02-08 20:54:31,208 - core.config - DEBUG - Read dynamic attribute stripe_secret_key from environment variable STRIPE_SECRET_KEY
2026-02-08 20:54:31,218 - main - INFO - Included router: routers.stripe_payments.router
2026-02-08 20:54:31,229 - main - INFO - Included router: routers.user.router
2026-02-08 20:54:31,280 - main - INFO - Included router: routers.user_credits.router
2026-02-08 20:54:31,282 - main - INFO - === Application startup initiated ===
2026-02-08 20:54:31,282 - services.database - DEBUG - [DB_OP] Starting database initialization
2026-02-08 20:54:31,282 - services.database - INFO - 🔧 Starting database initialization...
2026-02-08 20:54:31,282 - core.database - INFO - Starting database initialization...
2026-02-08 20:54:31,282 - core.config - DEBUG - Read dynamic attribute database_url from environment variable DATABASE_URL
2026-02-08 20:54:31,283 - core.database - INFO - Normalizing database URL for async compatibility...
2026-02-08 20:54:31,284 - core.database - INFO - Creating async database engine...
2026-02-08 20:54:31,284 - core.database - INFO - Using QueuePool with connection pooling for non-Lambda environment
2026-02-08 20:54:31,358 - core.database - INFO - Database engine created successfully
2026-02-08 20:54:31,358 - core.database - INFO - Creating async session maker...
2026-02-08 20:54:31,358 - core.database - INFO - Async session maker created successfully
2026-02-08 20:54:31,358 - core.database - INFO - Database connection initialized successfully
2026-02-08 20:54:31,358 - services.database - INFO - 🔧 Database connection initialized, now creating tables if tables not exist...
2026-02-08 20:54:31,359 - core.database - DEBUG - [DB_OP] Starting create_tables
2026-02-08 20:54:31,359 - core.database - INFO - 🔧 Starting table creation...
2026-02-08 20:54:33,265 - core.database - INFO - Tables initialized successfully
2026-02-08 20:54:33,266 - core.database - DEBUG - [DB_OP] Create tables completed in 1.9071s
2026-02-08 20:54:33,325 - services.database - INFO - 🔧 Table creation completed
2026-02-08 20:54:33,325 - services.database - INFO - Database initialized successfully
2026-02-08 20:54:33,325 - services.database - DEBUG - [DB_OP] Database initialization completed in 2.0433s
2026-02-08 20:54:33,328 - services.mock_data - INFO - Processing mock data file state_regulations.json for table state_regulations
2026-02-08 20:54:35,347 - services.mock_data - INFO - Table state_regulations already has 50 rows; skipping mock insert
2026-02-08 20:54:35,406 - services.database - DEBUG - [DB_OP] Starting database initialization
2026-02-08 20:54:35,407 - services.database - INFO - 🔧 Starting database initialization...
2026-02-08 20:54:35,407 - core.database - INFO - Starting database initialization...
2026-02-08 20:54:35,408 - core.database - INFO - Database already initialized
2026-02-08 20:54:35,408 - services.database - INFO - 🔧 Database connection initialized, now creating tables if tables not exist...
2026-02-08 20:54:35,408 - core.database - DEBUG - [DB_OP] Starting create_tables
2026-02-08 20:54:35,408 - core.database - INFO - Tables already initialized
2026-02-08 20:54:35,409 - services.database - INFO - 🔧 Table creation completed
2026-02-08 20:54:35,409 - services.database - INFO - Database initialized successfully
2026-02-08 20:54:35,409 - services.database - DEBUG - [DB_OP] Database initialization completed in 0.0030s
2026-02-08 20:54:35,409 - core.config - DEBUG - Read dynamic attribute admin_user_id from environment variable ADMIN_USER_ID
2026-02-08 20:54:35,410 - core.config - DEBUG - Read dynamic attribute admin_user_email from environment variable ADMIN_USER_EMAIL
2026-02-08 20:54:35,776 - services.auth - DEBUG - Admin user 956410 already exists
2026-02-08 20:54:35,835 - main - INFO - === Application startup completed successfully ===
2026-02-08 20:55:13,237 - services.database - DEBUG - [DB_OP] Starting database close
2026-02-08 20:55:13,300 - core.database - INFO - Database connection closed and engine disposed
2026-02-08 20:55:13,301 - services.database - INFO - Database connections closed
2026-02-08 20:55:13,301 - services.database - DEBUG - [DB_OP] Database close completed in 0.0643s
