2026-02-09 22:15:03,256 - main - INFO - === Logging system initialized ===
2026-02-09 22:15:03,256 - main - INFO - Log file: logs/app_20260209_221503.log
2026-02-09 22:15:03,256 - main - INFO - Log level: INFO
2026-02-09 22:15:03,256 - main - INFO - Timestamp: 20260209_221503
2026-02-09 22:15:04,008 - main - INFO - Included router: routers.aihub.router
2026-02-09 22:15:04,099 - main - INFO - Included router: routers.auth.router
2026-02-09 22:15:04,145 - main - INFO - Included router: routers.documents.router
2026-02-09 22:15:04,197 - main - INFO - Included router: routers.extractions.router
2026-02-09 22:15:04,203 - main - INFO - Included router: routers.google_auth.router
2026-02-09 22:15:04,207 - main - INFO - Included router: routers.health.router
2026-02-09 22:15:04,375 - main - INFO - Included router: routers.lease_analysis.router
2026-02-09 22:15:04,417 - main - INFO - Included router: routers.payments.router
2026-02-09 22:15:04,435 - main - INFO - Included router: routers.settings.router
2026-02-09 22:15:04,472 - main - INFO - Included router: routers.state_regulations.router
2026-02-09 22:15:04,493 - main - INFO - Included router: routers.storage.router
2026-02-09 22:15:04,516 - core.config - DEBUG - Read dynamic attribute stripe_secret_key from environment variable STRIPE_SECRET_KEY
2026-02-09 22:15:04,523 - main - INFO - Included router: routers.stripe_payments.router
2026-02-09 22:15:04,530 - main - INFO - Included router: routers.user.router
2026-02-09 22:15:04,647 - main - INFO - Included router: routers.user_credits.router
2026-02-09 22:15:04,649 - main - INFO - === Application startup initiated ===
2026-02-09 22:15:04,649 - services.database - DEBUG - [DB_OP] Starting database initialization
2026-02-09 22:15:04,649 - services.database - INFO - 🔧 Starting database initialization...
2026-02-09 22:15:04,649 - core.database - INFO - Starting database initialization...
2026-02-09 22:15:04,649 - core.config - DEBUG - Read dynamic attribute database_url from environment variable DATABASE_URL
2026-02-09 22:15:04,649 - core.database - INFO - Normalizing database URL for async compatibility...
2026-02-09 22:15:04,650 - core.database - INFO - Creating async database engine...
2026-02-09 22:15:04,650 - core.database - INFO - Using QueuePool with connection pooling for non-Lambda environment
2026-02-09 22:15:04,691 - core.database - INFO - Database engine created successfully
2026-02-09 22:15:04,691 - core.database - INFO - Creating async session maker...
2026-02-09 22:15:04,691 - core.database - INFO - Async session maker created successfully
2026-02-09 22:15:04,691 - core.database - INFO - Database connection initialized successfully
2026-02-09 22:15:04,692 - services.database - INFO - 🔧 Database connection initialized, now creating tables if tables not exist...
2026-02-09 22:15:04,692 - core.database - DEBUG - [DB_OP] Starting create_tables
2026-02-09 22:15:04,692 - core.database - INFO - 🔧 Starting table creation...
2026-02-09 22:15:06,589 - core.database - INFO - Tables initialized successfully
2026-02-09 22:15:06,589 - core.database - DEBUG - [DB_OP] Create tables completed in 1.8977s
2026-02-09 22:15:06,651 - services.database - INFO - 🔧 Table creation completed
2026-02-09 22:15:06,651 - services.database - INFO - 🔧 Checking and repairing existing tables...
2026-02-09 22:15:07,128 - services.database - INFO - Existing columns in extractions table: ['monthly_rent', 'renewal_notice_days', 'created_at', 'security_deposit', 'document_id', 'id', 'lease_end_date', 'pet_policy', 'late_fee_terms', 'risk_flags', 'raw_extraction', 'compliance_data', 'source_map', 'pages_meta', 'user_id', 'tenant_name', 'landlord_name', 'property_address', 'lease_start_date']
2026-02-09 22:15:07,189 - services.database - INFO - 🔧 Table repair completed
2026-02-09 22:15:07,190 - services.database - INFO - Database initialized successfully
2026-02-09 22:15:07,190 - services.database - DEBUG - [DB_OP] Database initialization completed in 2.5411s
2026-02-09 22:15:07,191 - services.mock_data - INFO - Processing mock data file state_regulations.json for table state_regulations
2026-02-09 22:15:09,169 - services.mock_data - INFO - Table state_regulations already has 50 rows; skipping mock insert
2026-02-09 22:15:09,230 - services.database - DEBUG - [DB_OP] Starting database initialization
2026-02-09 22:15:09,230 - services.database - INFO - 🔧 Starting database initialization...
2026-02-09 22:15:09,230 - core.database - INFO - Starting database initialization...
2026-02-09 22:15:09,230 - core.database - INFO - Database already initialized
2026-02-09 22:15:09,230 - services.database - INFO - 🔧 Database connection initialized, now creating tables if tables not exist...
2026-02-09 22:15:09,231 - core.database - DEBUG - [DB_OP] Starting create_tables
2026-02-09 22:15:09,231 - core.database - INFO - Tables already initialized
2026-02-09 22:15:09,231 - services.database - INFO - 🔧 Table creation completed
2026-02-09 22:15:09,231 - services.database - INFO - 🔧 Checking and repairing existing tables...
2026-02-09 22:15:09,590 - services.database - INFO - Existing columns in extractions table: ['monthly_rent', 'renewal_notice_days', 'created_at', 'security_deposit', 'document_id', 'id', 'lease_end_date', 'pet_policy', 'late_fee_terms', 'risk_flags', 'raw_extraction', 'compliance_data', 'source_map', 'pages_meta', 'user_id', 'tenant_name', 'landlord_name', 'property_address', 'lease_start_date']
2026-02-09 22:15:09,651 - services.database - INFO - 🔧 Table repair completed
2026-02-09 22:15:09,651 - services.database - INFO - Database initialized successfully
2026-02-09 22:15:09,651 - services.database - DEBUG - [DB_OP] Database initialization completed in 0.4211s
2026-02-09 22:15:09,651 - core.config - DEBUG - Read dynamic attribute admin_user_id from environment variable ADMIN_USER_ID
2026-02-09 22:15:09,651 - core.config - DEBUG - Read dynamic attribute admin_user_email from environment variable ADMIN_USER_EMAIL
2026-02-09 22:15:10,024 - services.auth - DEBUG - Admin user 956410 already exists
2026-02-09 22:15:10,085 - main - INFO - === Application startup completed successfully ===
2026-02-09 22:18:30,268 - services.database - DEBUG - [DB_OP] Starting database close
2026-02-09 22:18:30,332 - core.database - INFO - Database connection closed and engine disposed
2026-02-09 22:18:30,332 - services.database - INFO - Database connections closed
2026-02-09 22:18:30,332 - services.database - DEBUG - [DB_OP] Database close completed in 0.0642s
