2026-02-07 21:46:58,236 - main - INFO - === Logging system initialized ===
2026-02-07 21:46:58,236 - main - INFO - Log file: logs/app_20260207_214658.log
2026-02-07 21:46:58,236 - main - INFO - Log level: INFO
2026-02-07 21:46:58,236 - main - INFO - Timestamp: 20260207_214658
2026-02-07 21:46:59,062 - main - INFO - Included router: routers.aihub.router
2026-02-07 21:46:59,080 - main - INFO - Included router: routers.auth.router
2026-02-07 21:46:59,129 - main - INFO - Included router: routers.documents.router
2026-02-07 21:46:59,276 - main - INFO - Included router: routers.extractions.router
2026-02-07 21:46:59,278 - main - INFO - Included router: routers.health.router
2026-02-07 21:46:59,304 - main - INFO - Included router: routers.lease_analysis.router
2026-02-07 21:46:59,352 - main - INFO - Included router: routers.payments.router
2026-02-07 21:46:59,375 - main - INFO - Included router: routers.settings.router
2026-02-07 21:46:59,418 - main - INFO - Included router: routers.state_regulations.router
2026-02-07 21:46:59,453 - main - INFO - Included router: routers.storage.router
2026-02-07 21:46:59,468 - core.config - DEBUG - Read dynamic attribute stripe_secret_key from environment variable STRIPE_SECRET_KEY
2026-02-07 21:46:59,479 - main - INFO - Included router: routers.stripe_payments.router
2026-02-07 21:46:59,487 - main - INFO - Included router: routers.user.router
2026-02-07 21:46:59,541 - main - INFO - Included router: routers.user_credits.router
2026-02-07 21:46:59,544 - main - INFO - === Application startup initiated ===
2026-02-07 21:46:59,544 - services.database - DEBUG - [DB_OP] Starting database initialization
2026-02-07 21:46:59,544 - services.database - INFO - 🔧 Starting database initialization...
2026-02-07 21:46:59,544 - core.database - INFO - Starting database initialization...
2026-02-07 21:46:59,545 - core.config - DEBUG - Read dynamic attribute database_url from environment variable DATABASE_URL
2026-02-07 21:46:59,545 - core.database - INFO - Normalizing database URL for async compatibility...
2026-02-07 21:46:59,546 - core.database - INFO - Creating async database engine...
2026-02-07 21:46:59,546 - core.database - INFO - Using QueuePool with connection pooling for non-Lambda environment
2026-02-07 21:46:59,594 - core.database - INFO - Database engine created successfully
2026-02-07 21:46:59,594 - core.database - INFO - Creating async session maker...
2026-02-07 21:46:59,594 - core.database - INFO - Async session maker created successfully
2026-02-07 21:46:59,594 - core.database - INFO - Database connection initialized successfully
2026-02-07 21:46:59,594 - services.database - INFO - 🔧 Database connection initialized, now creating tables if tables not exist...
2026-02-07 21:46:59,594 - core.database - DEBUG - [DB_OP] Starting create_tables
2026-02-07 21:46:59,594 - core.database - INFO - 🔧 Starting table creation...
2026-02-07 21:47:01,139 - core.database - INFO - Tables initialized successfully
2026-02-07 21:47:01,140 - core.database - DEBUG - [DB_OP] Create tables completed in 1.5455s
2026-02-07 21:47:01,199 - services.database - INFO - 🔧 Table creation completed
2026-02-07 21:47:01,200 - services.database - INFO - Database initialized successfully
2026-02-07 21:47:01,200 - services.database - DEBUG - [DB_OP] Database initialization completed in 1.6560s
2026-02-07 21:47:01,201 - services.mock_data - INFO - Processing mock data file state_regulations.json for table state_regulations
2026-02-07 21:47:03,145 - services.mock_data - INFO - Table state_regulations already has 50 rows; skipping mock insert
2026-02-07 21:47:03,204 - services.database - DEBUG - [DB_OP] Starting database initialization
2026-02-07 21:47:03,205 - services.database - INFO - 🔧 Starting database initialization...
2026-02-07 21:47:03,205 - core.database - INFO - Starting database initialization...
2026-02-07 21:47:03,205 - core.database - INFO - Database already initialized
2026-02-07 21:47:03,206 - services.database - INFO - 🔧 Database connection initialized, now creating tables if tables not exist...
2026-02-07 21:47:03,206 - core.database - DEBUG - [DB_OP] Starting create_tables
2026-02-07 21:47:03,206 - core.database - INFO - Tables already initialized
2026-02-07 21:47:03,206 - services.database - INFO - 🔧 Table creation completed
2026-02-07 21:47:03,206 - services.database - INFO - Database initialized successfully
2026-02-07 21:47:03,206 - services.database - DEBUG - [DB_OP] Database initialization completed in 0.0016s
2026-02-07 21:47:03,206 - core.config - DEBUG - Read dynamic attribute admin_user_id from environment variable ADMIN_USER_ID
2026-02-07 21:47:03,206 - core.config - DEBUG - Read dynamic attribute admin_user_email from environment variable ADMIN_USER_EMAIL
2026-02-07 21:47:03,571 - services.auth - DEBUG - Admin user 956410 already exists
2026-02-07 21:47:03,631 - main - INFO - === Application startup completed successfully ===
2026-02-07 21:50:52,952 - services.database - DEBUG - [DB_OP] Starting database close
2026-02-07 21:50:53,015 - core.database - INFO - Database connection closed and engine disposed
2026-02-07 21:50:53,015 - services.database - INFO - Database connections closed
2026-02-07 21:50:53,015 - services.database - DEBUG - [DB_OP] Database close completed in 0.0629s
