2026-02-07 10:02:20,056 - main - INFO - === Logging system initialized ===
2026-02-07 10:02:20,056 - main - INFO - Log file: logs/app_20260207_100220.log
2026-02-07 10:02:20,057 - main - INFO - Log level: INFO
2026-02-07 10:02:20,057 - main - INFO - Timestamp: 20260207_100220
2026-02-07 10:02:21,067 - main - INFO - Included router: routers.aihub.router
2026-02-07 10:02:21,087 - main - INFO - Included router: routers.auth.router
2026-02-07 10:02:21,135 - main - INFO - Included router: routers.documents.router
2026-02-07 10:02:21,288 - main - INFO - Included router: routers.extractions.router
2026-02-07 10:02:21,301 - main - INFO - Included router: routers.health.router
2026-02-07 10:02:21,322 - main - INFO - Included router: routers.lease_analysis.router
2026-02-07 10:02:21,378 - main - INFO - Included router: routers.payments.router
2026-02-07 10:02:21,401 - main - INFO - Included router: routers.settings.router
2026-02-07 10:02:21,443 - main - INFO - Included router: routers.storage.router
2026-02-07 10:02:21,465 - core.config - DEBUG - Read dynamic attribute stripe_secret_key from environment variable STRIPE_SECRET_KEY
2026-02-07 10:02:21,474 - main - INFO - Included router: routers.stripe_payments.router
2026-02-07 10:02:21,486 - main - INFO - Included router: routers.user.router
2026-02-07 10:02:21,530 - main - INFO - Included router: routers.user_credits.router
2026-02-07 10:02:21,531 - main - INFO - === Application startup initiated ===
2026-02-07 10:02:21,532 - services.database - DEBUG - [DB_OP] Starting database initialization
2026-02-07 10:02:21,532 - services.database - INFO - 🔧 Starting database initialization...
2026-02-07 10:02:21,532 - core.database - INFO - Starting database initialization...
2026-02-07 10:02:21,532 - core.config - DEBUG - Read dynamic attribute database_url from environment variable DATABASE_URL
2026-02-07 10:02:21,532 - core.database - INFO - Normalizing database URL for async compatibility...
2026-02-07 10:02:21,533 - core.database - INFO - Creating async database engine...
2026-02-07 10:02:21,533 - core.database - INFO - Using QueuePool with connection pooling for non-Lambda environment
2026-02-07 10:02:21,585 - core.database - INFO - Database engine created successfully
2026-02-07 10:02:21,586 - core.database - INFO - Creating async session maker...
2026-02-07 10:02:21,586 - core.database - INFO - Async session maker created successfully
2026-02-07 10:02:21,586 - core.database - INFO - Database connection initialized successfully
2026-02-07 10:02:21,586 - services.database - INFO - 🔧 Database connection initialized, now creating tables if tables not exist...
2026-02-07 10:02:21,586 - core.database - DEBUG - [DB_OP] Starting create_tables
2026-02-07 10:02:21,586 - core.database - INFO - 🔧 Starting table creation...
2026-02-07 10:02:23,384 - core.database - INFO - Tables initialized successfully
2026-02-07 10:02:23,384 - core.database - DEBUG - [DB_OP] Create tables completed in 1.7981s
2026-02-07 10:02:23,443 - services.database - INFO - 🔧 Table creation completed
2026-02-07 10:02:23,444 - services.database - INFO - Database initialized successfully
2026-02-07 10:02:23,445 - services.database - DEBUG - [DB_OP] Database initialization completed in 1.9131s
2026-02-07 10:02:23,446 - services.mock_data - INFO - mock_data directory not found, skipping mock initialization
2026-02-07 10:02:23,446 - services.database - DEBUG - [DB_OP] Starting database initialization
2026-02-07 10:02:23,447 - services.database - INFO - 🔧 Starting database initialization...
2026-02-07 10:02:23,447 - core.database - INFO - Starting database initialization...
2026-02-07 10:02:23,447 - core.database - INFO - Database already initialized
2026-02-07 10:02:23,447 - services.database - INFO - 🔧 Database connection initialized, now creating tables if tables not exist...
2026-02-07 10:02:23,447 - core.database - DEBUG - [DB_OP] Starting create_tables
2026-02-07 10:02:23,447 - core.database - INFO - Tables already initialized
2026-02-07 10:02:23,448 - services.database - INFO - 🔧 Table creation completed
2026-02-07 10:02:23,448 - services.database - INFO - Database initialized successfully
2026-02-07 10:02:23,448 - services.database - DEBUG - [DB_OP] Database initialization completed in 0.0015s
2026-02-07 10:02:23,448 - core.config - DEBUG - Read dynamic attribute admin_user_id from environment variable ADMIN_USER_ID
2026-02-07 10:02:23,448 - core.config - DEBUG - Read dynamic attribute admin_user_email from environment variable ADMIN_USER_EMAIL
2026-02-07 10:02:23,881 - services.auth - DEBUG - Admin user 956410 already exists
2026-02-07 10:02:23,941 - main - INFO - === Application startup completed successfully ===
2026-02-07 10:03:37,749 - services.database - DEBUG - [DB_OP] Starting database close
2026-02-07 10:03:37,813 - core.database - INFO - Database connection closed and engine disposed
2026-02-07 10:03:37,813 - services.database - INFO - Database connections closed
2026-02-07 10:03:37,813 - services.database - DEBUG - [DB_OP] Database close completed in 0.0638s
