2026-02-09 23:08:25,891 - main - INFO - === Logging system initialized ===
2026-02-09 23:08:25,892 - main - INFO - Log file: logs/app_20260209_230825.log
2026-02-09 23:08:25,892 - main - INFO - Log level: INFO
2026-02-09 23:08:25,892 - main - INFO - Timestamp: 20260209_230825
2026-02-09 23:08:26,464 - main - INFO - Included router: routers.aihub.router
2026-02-09 23:08:26,482 - main - INFO - Included router: routers.auth.router
2026-02-09 23:08:26,524 - main - INFO - Included router: routers.documents.router
2026-02-09 23:08:26,577 - main - INFO - Included router: routers.extractions.router
2026-02-09 23:08:26,582 - main - INFO - Included router: routers.google_auth.router
2026-02-09 23:08:26,583 - main - INFO - Included router: routers.health.router
2026-02-09 23:08:26,795 - main - INFO - Included router: routers.lease_analysis.router
2026-02-09 23:08:26,837 - main - INFO - Included router: routers.payments.router
2026-02-09 23:08:26,855 - main - INFO - Included router: routers.settings.router
2026-02-09 23:08:26,892 - main - INFO - Included router: routers.state_regulations.router
2026-02-09 23:08:26,913 - main - INFO - Included router: routers.storage.router
2026-02-09 23:08:26,934 - core.config - DEBUG - Read dynamic attribute stripe_secret_key from environment variable STRIPE_SECRET_KEY
2026-02-09 23:08:26,942 - main - INFO - Included router: routers.stripe_payments.router
2026-02-09 23:08:26,952 - main - INFO - Included router: routers.user.router
2026-02-09 23:08:27,107 - main - INFO - Included router: routers.user_credits.router
2026-02-09 23:08:27,109 - main - INFO - === Application startup initiated ===
2026-02-09 23:08:27,109 - services.database - DEBUG - [DB_OP] Starting database initialization
2026-02-09 23:08:27,109 - services.database - INFO - 🔧 Starting database initialization...
2026-02-09 23:08:27,109 - core.database - INFO - Starting database initialization...
2026-02-09 23:08:27,109 - core.config - DEBUG - Read dynamic attribute database_url from environment variable DATABASE_URL
2026-02-09 23:08:27,109 - core.database - INFO - Normalizing database URL for async compatibility...
2026-02-09 23:08:27,110 - core.database - INFO - Creating async database engine...
2026-02-09 23:08:27,110 - core.database - INFO - Using QueuePool with connection pooling for non-Lambda environment
2026-02-09 23:08:27,169 - core.database - INFO - Database engine created successfully
2026-02-09 23:08:27,169 - core.database - INFO - Creating async session maker...
2026-02-09 23:08:27,169 - core.database - INFO - Async session maker created successfully
2026-02-09 23:08:27,169 - core.database - INFO - Database connection initialized successfully
2026-02-09 23:08:27,169 - services.database - INFO - 🔧 Database connection initialized, now creating tables if tables not exist...
2026-02-09 23:08:27,169 - core.database - DEBUG - [DB_OP] Starting create_tables
2026-02-09 23:08:27,170 - core.database - INFO - 🔧 Starting table creation...
2026-02-09 23:08:29,103 - core.database - INFO - Tables initialized successfully
2026-02-09 23:08:29,103 - core.database - DEBUG - [DB_OP] Create tables completed in 1.9337s
2026-02-09 23:08:29,164 - services.database - INFO - 🔧 Table creation completed
2026-02-09 23:08:29,165 - services.database - INFO - 🔧 Checking and repairing existing tables...
2026-02-09 23:08:29,636 - services.database - INFO - Existing columns in extractions table: ['monthly_rent', 'renewal_notice_days', 'created_at', 'security_deposit', 'document_id', 'id', 'lease_end_date', 'pet_policy', 'late_fee_terms', 'risk_flags', 'raw_extraction', 'compliance_data', 'source_map', 'pages_meta', 'user_id', 'tenant_name', 'landlord_name', 'property_address', 'lease_start_date']
2026-02-09 23:08:29,697 - services.database - INFO - 🔧 Table repair completed
2026-02-09 23:08:29,697 - services.database - INFO - Database initialized successfully
2026-02-09 23:08:29,698 - services.database - DEBUG - [DB_OP] Database initialization completed in 2.5887s
2026-02-09 23:08:29,698 - services.mock_data - INFO - Processing mock data file state_regulations.json for table state_regulations
2026-02-09 23:08:31,682 - services.mock_data - INFO - Table state_regulations already has 50 rows; skipping mock insert
2026-02-09 23:08:31,743 - services.database - DEBUG - [DB_OP] Starting database initialization
2026-02-09 23:08:31,743 - services.database - INFO - 🔧 Starting database initialization...
2026-02-09 23:08:31,743 - core.database - INFO - Starting database initialization...
2026-02-09 23:08:31,743 - core.database - INFO - Database already initialized
2026-02-09 23:08:31,743 - services.database - INFO - 🔧 Database connection initialized, now creating tables if tables not exist...
2026-02-09 23:08:31,744 - core.database - DEBUG - [DB_OP] Starting create_tables
2026-02-09 23:08:31,744 - core.database - INFO - Tables already initialized
2026-02-09 23:08:31,744 - services.database - INFO - 🔧 Table creation completed
2026-02-09 23:08:31,744 - services.database - INFO - 🔧 Checking and repairing existing tables...
2026-02-09 23:08:32,104 - services.database - INFO - Existing columns in extractions table: ['monthly_rent', 'renewal_notice_days', 'created_at', 'security_deposit', 'document_id', 'id', 'lease_end_date', 'pet_policy', 'late_fee_terms', 'risk_flags', 'raw_extraction', 'compliance_data', 'source_map', 'pages_meta', 'user_id', 'tenant_name', 'landlord_name', 'property_address', 'lease_start_date']
2026-02-09 23:08:32,165 - services.database - INFO - 🔧 Table repair completed
2026-02-09 23:08:32,165 - services.database - INFO - Database initialized successfully
2026-02-09 23:08:32,165 - services.database - DEBUG - [DB_OP] Database initialization completed in 0.4219s
2026-02-09 23:08:32,165 - core.config - DEBUG - Read dynamic attribute admin_user_id from environment variable ADMIN_USER_ID
2026-02-09 23:08:32,165 - core.config - DEBUG - Read dynamic attribute admin_user_email from environment variable ADMIN_USER_EMAIL
2026-02-09 23:08:32,542 - services.auth - DEBUG - Admin user 956410 already exists
2026-02-09 23:08:32,603 - main - INFO - === Application startup completed successfully ===
2026-02-09 23:09:57,559 - core.config - DEBUG - Read dynamic attribute jwt_secret_key from environment variable JWT_SECRET_KEY
2026-02-09 23:09:57,559 - core.config - DEBUG - Read dynamic attribute jwt_algorithm from environment variable JWT_ALGORITHM
2026-02-09 23:09:57,572 - core.auth - DEBUG - Authentication token validated for user hash: a89dfb40
2026-02-09 23:09:57,805 - core.auth - DEBUG - Authentication token validated for user hash: a89dfb40
2026-02-09 23:09:57,805 - core.database - DEBUG - [DB_OP] Starting get_db session creation
2026-02-09 23:09:57,805 - core.database - DEBUG - [DB_OP] Database session created successfully in 0.0004s
2026-02-09 23:09:57,806 - routers.documents - DEBUG - Querying documentss: query=None, sort=-created_at, skip=0, limit=50, fields=None
2026-02-09 23:09:58,378 - routers.documents - DEBUG - Found 16 documentss
2026-02-09 23:09:58,379 - core.database - DEBUG - [DB_OP] Database session cleanup after 0.5738s
2026-02-09 23:09:58,741 - core.auth - DEBUG - Authentication token validated for user hash: a89dfb40
2026-02-09 23:09:58,741 - core.database - DEBUG - [DB_OP] Starting get_db session creation
2026-02-09 23:09:58,741 - core.database - DEBUG - [DB_OP] Database session created successfully in 0.0002s
2026-02-09 23:09:59,110 - core.database - DEBUG - [DB_OP] Database session cleanup after 0.3693s
2026-02-09 23:12:21,410 - services.database - DEBUG - [DB_OP] Starting database close
2026-02-09 23:12:21,474 - core.database - INFO - Database connection closed and engine disposed
2026-02-09 23:12:21,475 - services.database - INFO - Database connections closed
2026-02-09 23:12:21,475 - services.database - DEBUG - [DB_OP] Database close completed in 0.0648s
