2026-02-07 09:38:12,671 - main - INFO - === Logging system initialized ===
2026-02-07 09:38:12,671 - main - INFO - Log file: logs/app_20260207_093812.log
2026-02-07 09:38:12,671 - main - INFO - Log level: INFO
2026-02-07 09:38:12,671 - main - INFO - Timestamp: 20260207_093812
2026-02-07 09:38:21,783 - main - INFO - Included router: routers.aihub.router
2026-02-07 09:38:21,964 - main - INFO - Included router: routers.auth.router
2026-02-07 09:38:22,103 - main - INFO - Included router: routers.documents.router
2026-02-07 09:38:22,312 - main - INFO - Included router: routers.extractions.router
2026-02-07 09:38:22,414 - main - INFO - Included router: routers.health.router
2026-02-07 09:38:22,511 - main - INFO - Included router: routers.payments.router
2026-02-07 09:38:22,562 - main - INFO - Included router: routers.settings.router
2026-02-07 09:38:22,775 - main - INFO - Included router: routers.storage.router
2026-02-07 09:38:22,834 - main - INFO - Included router: routers.user.router
2026-02-07 09:38:23,029 - main - INFO - Included router: routers.user_credits.router
2026-02-07 09:38:23,031 - main - INFO - === Application startup initiated ===
2026-02-07 09:38:23,031 - services.database - DEBUG - [DB_OP] Starting database initialization
2026-02-07 09:38:23,031 - services.database - INFO - 🔧 Starting database initialization...
2026-02-07 09:38:23,031 - core.database - INFO - Starting database initialization...
2026-02-07 09:38:23,031 - core.config - DEBUG - Read dynamic attribute database_url from environment variable DATABASE_URL
2026-02-07 09:38:23,031 - core.database - INFO - Normalizing database URL for async compatibility...
2026-02-07 09:38:23,033 - core.database - INFO - Creating async database engine...
2026-02-07 09:38:23,033 - core.database - INFO - Using QueuePool with connection pooling for non-Lambda environment
2026-02-07 09:38:23,824 - core.database - INFO - Database engine created successfully
2026-02-07 09:38:23,824 - core.database - INFO - Creating async session maker...
2026-02-07 09:38:23,825 - core.database - INFO - Async session maker created successfully
2026-02-07 09:38:23,825 - core.database - INFO - Database connection initialized successfully
2026-02-07 09:38:23,825 - services.database - INFO - 🔧 Database connection initialized, now creating tables if tables not exist...
2026-02-07 09:38:23,825 - core.database - DEBUG - [DB_OP] Starting create_tables
2026-02-07 09:38:23,826 - core.database - INFO - 🔧 Starting table creation...
2026-02-07 09:38:26,020 - core.database - INFO - Tables initialized successfully
2026-02-07 09:38:26,021 - core.database - DEBUG - [DB_OP] Create tables completed in 2.1954s
2026-02-07 09:38:26,082 - services.database - INFO - 🔧 Table creation completed
2026-02-07 09:38:26,083 - services.database - INFO - Database initialized successfully
2026-02-07 09:38:26,083 - services.database - DEBUG - [DB_OP] Database initialization completed in 3.0521s
2026-02-07 09:38:26,084 - services.mock_data - INFO - mock_data directory not found, skipping mock initialization
2026-02-07 09:38:26,084 - services.database - DEBUG - [DB_OP] Starting database initialization
2026-02-07 09:38:26,084 - services.database - INFO - 🔧 Starting database initialization...
2026-02-07 09:38:26,084 - core.database - INFO - Starting database initialization...
2026-02-07 09:38:26,085 - core.database - INFO - Database already initialized
2026-02-07 09:38:26,085 - services.database - INFO - 🔧 Database connection initialized, now creating tables if tables not exist...
2026-02-07 09:38:26,085 - core.database - DEBUG - [DB_OP] Starting create_tables
2026-02-07 09:38:26,085 - core.database - INFO - Tables already initialized
2026-02-07 09:38:26,085 - services.database - INFO - 🔧 Table creation completed
2026-02-07 09:38:26,085 - services.database - INFO - Database initialized successfully
2026-02-07 09:38:26,085 - services.database - DEBUG - [DB_OP] Database initialization completed in 0.0011s
2026-02-07 09:38:26,085 - core.config - DEBUG - Read dynamic attribute admin_user_id from environment variable ADMIN_USER_ID
2026-02-07 09:38:26,086 - core.config - DEBUG - Read dynamic attribute admin_user_email from environment variable ADMIN_USER_EMAIL
2026-02-07 09:38:26,702 - services.auth - DEBUG - Created admin user: 956410 with email: hotogems@gmail.com
2026-02-07 09:38:26,702 - main - INFO - === Application startup completed successfully ===
2026-02-07 09:39:08,269 - services.database - DEBUG - [DB_OP] Starting database close
2026-02-07 09:39:08,333 - core.database - INFO - Database connection closed and engine disposed
2026-02-07 09:39:08,333 - services.database - INFO - Database connections closed
2026-02-07 09:39:08,333 - services.database - DEBUG - [DB_OP] Database close completed in 0.0638s
