2026-02-09 22:57:55,214 - main - INFO - === Logging system initialized ===
2026-02-09 22:57:55,214 - main - INFO - Log file: logs/app_20260209_225755.log
2026-02-09 22:57:55,214 - main - INFO - Log level: INFO
2026-02-09 22:57:55,214 - main - INFO - Timestamp: 20260209_225755
2026-02-09 22:57:55,649 - main - INFO - Included router: routers.aihub.router
2026-02-09 22:57:55,665 - main - INFO - Included router: routers.auth.router
2026-02-09 22:57:55,707 - main - INFO - Included router: routers.documents.router
2026-02-09 22:57:55,762 - main - INFO - Included router: routers.extractions.router
2026-02-09 22:57:55,768 - main - INFO - Included router: routers.google_auth.router
2026-02-09 22:57:55,769 - main - INFO - Included router: routers.health.router
2026-02-09 22:57:55,947 - main - INFO - Included router: routers.lease_analysis.router
2026-02-09 22:57:55,992 - main - INFO - Included router: routers.payments.router
2026-02-09 22:57:56,012 - main - INFO - Included router: routers.settings.router
2026-02-09 22:57:56,078 - main - INFO - Included router: routers.state_regulations.router
2026-02-09 22:57:56,101 - main - INFO - Included router: routers.storage.router
2026-02-09 22:57:56,122 - core.config - DEBUG - Read dynamic attribute stripe_secret_key from environment variable STRIPE_SECRET_KEY
2026-02-09 22:57:56,130 - main - INFO - Included router: routers.stripe_payments.router
2026-02-09 22:57:56,136 - main - INFO - Included router: routers.user.router
2026-02-09 22:57:56,259 - main - INFO - Included router: routers.user_credits.router
2026-02-09 22:57:56,260 - main - INFO - === Application startup initiated ===
2026-02-09 22:57:56,261 - services.database - DEBUG - [DB_OP] Starting database initialization
2026-02-09 22:57:56,261 - services.database - INFO - 🔧 Starting database initialization...
2026-02-09 22:57:56,261 - core.database - INFO - Starting database initialization...
2026-02-09 22:57:56,261 - core.config - DEBUG - Read dynamic attribute database_url from environment variable DATABASE_URL
2026-02-09 22:57:56,261 - core.database - INFO - Normalizing database URL for async compatibility...
2026-02-09 22:57:56,262 - core.database - INFO - Creating async database engine...
2026-02-09 22:57:56,262 - core.database - INFO - Using QueuePool with connection pooling for non-Lambda environment
2026-02-09 22:57:56,297 - core.database - INFO - Database engine created successfully
2026-02-09 22:57:56,298 - core.database - INFO - Creating async session maker...
2026-02-09 22:57:56,298 - core.database - INFO - Async session maker created successfully
2026-02-09 22:57:56,298 - core.database - INFO - Database connection initialized successfully
2026-02-09 22:57:56,298 - services.database - INFO - 🔧 Database connection initialized, now creating tables if tables not exist...
2026-02-09 22:57:56,298 - core.database - DEBUG - [DB_OP] Starting create_tables
2026-02-09 22:57:56,298 - core.database - INFO - 🔧 Starting table creation...
2026-02-09 22:57:57,856 - core.database - INFO - Tables initialized successfully
2026-02-09 22:57:57,857 - core.database - DEBUG - [DB_OP] Create tables completed in 1.5589s
2026-02-09 22:57:57,917 - services.database - INFO - 🔧 Table creation completed
2026-02-09 22:57:57,917 - services.database - INFO - 🔧 Checking and repairing existing tables...
2026-02-09 22:57:58,345 - services.database - INFO - Existing columns in extractions table: ['monthly_rent', 'renewal_notice_days', 'created_at', 'security_deposit', 'document_id', 'id', 'lease_end_date', 'pet_policy', 'late_fee_terms', 'risk_flags', 'raw_extraction', 'compliance_data', 'source_map', 'pages_meta', 'user_id', 'tenant_name', 'landlord_name', 'property_address', 'lease_start_date']
2026-02-09 22:57:58,406 - services.database - INFO - 🔧 Table repair completed
2026-02-09 22:57:58,406 - services.database - INFO - Database initialized successfully
2026-02-09 22:57:58,407 - services.database - DEBUG - [DB_OP] Database initialization completed in 2.1461s
2026-02-09 22:57:58,408 - services.mock_data - INFO - Processing mock data file state_regulations.json for table state_regulations
2026-02-09 22:58:00,312 - services.mock_data - INFO - Table state_regulations already has 50 rows; skipping mock insert
2026-02-09 22:58:00,372 - services.database - DEBUG - [DB_OP] Starting database initialization
2026-02-09 22:58:00,373 - services.database - INFO - 🔧 Starting database initialization...
2026-02-09 22:58:00,373 - core.database - INFO - Starting database initialization...
2026-02-09 22:58:00,373 - core.database - INFO - Database already initialized
2026-02-09 22:58:00,373 - services.database - INFO - 🔧 Database connection initialized, now creating tables if tables not exist...
2026-02-09 22:58:00,373 - core.database - DEBUG - [DB_OP] Starting create_tables
2026-02-09 22:58:00,373 - core.database - INFO - Tables already initialized
2026-02-09 22:58:00,373 - services.database - INFO - 🔧 Table creation completed
2026-02-09 22:58:00,373 - services.database - INFO - 🔧 Checking and repairing existing tables...
2026-02-09 22:58:00,733 - services.database - INFO - Existing columns in extractions table: ['monthly_rent', 'renewal_notice_days', 'created_at', 'security_deposit', 'document_id', 'id', 'lease_end_date', 'pet_policy', 'late_fee_terms', 'risk_flags', 'raw_extraction', 'compliance_data', 'source_map', 'pages_meta', 'user_id', 'tenant_name', 'landlord_name', 'property_address', 'lease_start_date']
2026-02-09 22:58:00,793 - services.database - INFO - 🔧 Table repair completed
2026-02-09 22:58:00,793 - services.database - INFO - Database initialized successfully
2026-02-09 22:58:00,793 - services.database - DEBUG - [DB_OP] Database initialization completed in 0.4213s
2026-02-09 22:58:00,794 - core.config - DEBUG - Read dynamic attribute admin_user_id from environment variable ADMIN_USER_ID
2026-02-09 22:58:00,794 - core.config - DEBUG - Read dynamic attribute admin_user_email from environment variable ADMIN_USER_EMAIL
2026-02-09 22:58:01,162 - services.auth - DEBUG - Admin user 956410 already exists
2026-02-09 22:58:01,222 - main - INFO - === Application startup completed successfully ===
2026-02-09 23:08:15,186 - services.database - DEBUG - [DB_OP] Starting database close
2026-02-09 23:08:15,187 - core.database - INFO - Database connection closed and engine disposed
2026-02-09 23:08:15,187 - services.database - INFO - Database connections closed
2026-02-09 23:08:15,187 - services.database - DEBUG - [DB_OP] Database close completed in 0.0010s
