2026-02-07 23:15:04,833 - main - INFO - === Logging system initialized ===
2026-02-07 23:15:04,834 - main - INFO - Log file: logs/app_20260207_231504.log
2026-02-07 23:15:04,834 - main - INFO - Log level: INFO
2026-02-07 23:15:04,834 - main - INFO - Timestamp: 20260207_231504
2026-02-07 23:15:05,586 - main - INFO - Included router: routers.aihub.router
2026-02-07 23:15:05,602 - main - INFO - Included router: routers.auth.router
2026-02-07 23:15:05,650 - main - INFO - Included router: routers.documents.router
2026-02-07 23:15:05,826 - main - INFO - Included router: routers.extractions.router
2026-02-07 23:15:05,841 - main - INFO - Included router: routers.health.router
2026-02-07 23:15:05,870 - main - INFO - Included router: routers.lease_analysis.router
2026-02-07 23:15:05,918 - main - INFO - Included router: routers.payments.router
2026-02-07 23:15:05,937 - main - INFO - Included router: routers.settings.router
2026-02-07 23:15:05,976 - main - INFO - Included router: routers.state_regulations.router
2026-02-07 23:15:06,012 - main - INFO - Included router: routers.storage.router
2026-02-07 23:15:06,055 - core.config - DEBUG - Read dynamic attribute stripe_secret_key from environment variable STRIPE_SECRET_KEY
2026-02-07 23:15:06,064 - main - INFO - Included router: routers.stripe_payments.router
2026-02-07 23:15:06,073 - main - INFO - Included router: routers.user.router
2026-02-07 23:15:06,114 - main - INFO - Included router: routers.user_credits.router
2026-02-07 23:15:06,115 - main - INFO - === Application startup initiated ===
2026-02-07 23:15:06,115 - services.database - DEBUG - [DB_OP] Starting database initialization
2026-02-07 23:15:06,116 - services.database - INFO - 🔧 Starting database initialization...
2026-02-07 23:15:06,116 - core.database - INFO - Starting database initialization...
2026-02-07 23:15:06,116 - core.config - DEBUG - Read dynamic attribute database_url from environment variable DATABASE_URL
2026-02-07 23:15:06,116 - core.database - INFO - Normalizing database URL for async compatibility...
2026-02-07 23:15:06,117 - core.database - INFO - Creating async database engine...
2026-02-07 23:15:06,117 - core.database - INFO - Using QueuePool with connection pooling for non-Lambda environment
2026-02-07 23:15:06,167 - core.database - INFO - Database engine created successfully
2026-02-07 23:15:06,167 - core.database - INFO - Creating async session maker...
2026-02-07 23:15:06,167 - core.database - INFO - Async session maker created successfully
2026-02-07 23:15:06,167 - core.database - INFO - Database connection initialized successfully
2026-02-07 23:15:06,167 - services.database - INFO - 🔧 Database connection initialized, now creating tables if tables not exist...
2026-02-07 23:15:06,167 - core.database - DEBUG - [DB_OP] Starting create_tables
2026-02-07 23:15:06,167 - core.database - INFO - 🔧 Starting table creation...
2026-02-07 23:15:08,029 - core.database - INFO - Tables initialized successfully
2026-02-07 23:15:08,030 - core.database - DEBUG - [DB_OP] Create tables completed in 1.8625s
2026-02-07 23:15:08,089 - services.database - INFO - 🔧 Table creation completed
2026-02-07 23:15:08,089 - services.database - INFO - Database initialized successfully
2026-02-07 23:15:08,090 - services.database - DEBUG - [DB_OP] Database initialization completed in 1.9743s
2026-02-07 23:15:08,091 - services.mock_data - INFO - Processing mock data file state_regulations.json for table state_regulations
2026-02-07 23:15:10,102 - services.mock_data - INFO - Table state_regulations already has 50 rows; skipping mock insert
2026-02-07 23:15:10,160 - services.database - DEBUG - [DB_OP] Starting database initialization
2026-02-07 23:15:10,161 - services.database - INFO - 🔧 Starting database initialization...
2026-02-07 23:15:10,161 - core.database - INFO - Starting database initialization...
2026-02-07 23:15:10,161 - core.database - INFO - Database already initialized
2026-02-07 23:15:10,161 - services.database - INFO - 🔧 Database connection initialized, now creating tables if tables not exist...
2026-02-07 23:15:10,161 - core.database - DEBUG - [DB_OP] Starting create_tables
2026-02-07 23:15:10,161 - core.database - INFO - Tables already initialized
2026-02-07 23:15:10,162 - services.database - INFO - 🔧 Table creation completed
2026-02-07 23:15:10,162 - services.database - INFO - Database initialized successfully
2026-02-07 23:15:10,162 - services.database - DEBUG - [DB_OP] Database initialization completed in 0.0014s
2026-02-07 23:15:10,162 - core.config - DEBUG - Read dynamic attribute admin_user_id from environment variable ADMIN_USER_ID
2026-02-07 23:15:10,162 - core.config - DEBUG - Read dynamic attribute admin_user_email from environment variable ADMIN_USER_EMAIL
2026-02-07 23:15:10,523 - services.auth - DEBUG - Admin user 956410 already exists
2026-02-07 23:15:10,581 - main - INFO - === Application startup completed successfully ===
2026-02-07 23:15:35,379 - services.database - DEBUG - [DB_OP] Starting database close
2026-02-07 23:15:35,452 - core.database - INFO - Database connection closed and engine disposed
2026-02-07 23:15:35,453 - services.database - INFO - Database connections closed
2026-02-07 23:15:35,453 - services.database - DEBUG - [DB_OP] Database close completed in 0.0742s
