2026-02-07 22:18:43,768 - main - INFO - === Logging system initialized ===
2026-02-07 22:18:43,768 - main - INFO - Log file: logs/app_20260207_221843.log
2026-02-07 22:18:43,768 - main - INFO - Log level: INFO
2026-02-07 22:18:43,768 - main - INFO - Timestamp: 20260207_221843
2026-02-07 22:18:44,772 - main - INFO - Included router: routers.aihub.router
2026-02-07 22:18:44,786 - main - INFO - Included router: routers.auth.router
2026-02-07 22:18:44,824 - main - INFO - Included router: routers.documents.router
2026-02-07 22:18:44,869 - main - INFO - Included router: routers.extractions.router
2026-02-07 22:18:44,873 - main - INFO - Included router: routers.health.router
2026-02-07 22:18:44,897 - main - INFO - Included router: routers.lease_analysis.router
2026-02-07 22:18:44,938 - main - INFO - Included router: routers.payments.router
2026-02-07 22:18:44,957 - main - INFO - Included router: routers.settings.router
2026-02-07 22:18:44,994 - main - INFO - Included router: routers.state_regulations.router
2026-02-07 22:18:45,055 - main - INFO - Included router: routers.storage.router
2026-02-07 22:18:45,081 - core.config - DEBUG - Read dynamic attribute stripe_secret_key from environment variable STRIPE_SECRET_KEY
2026-02-07 22:18:45,089 - main - INFO - Included router: routers.stripe_payments.router
2026-02-07 22:18:45,095 - main - INFO - Included router: routers.user.router
2026-02-07 22:18:45,133 - main - INFO - Included router: routers.user_credits.router
2026-02-07 22:18:45,135 - main - INFO - === Application startup initiated ===
2026-02-07 22:18:45,135 - services.database - DEBUG - [DB_OP] Starting database initialization
2026-02-07 22:18:45,136 - services.database - INFO - 🔧 Starting database initialization...
2026-02-07 22:18:45,136 - core.database - INFO - Starting database initialization...
2026-02-07 22:18:45,136 - core.config - DEBUG - Read dynamic attribute database_url from environment variable DATABASE_URL
2026-02-07 22:18:45,136 - core.database - INFO - Normalizing database URL for async compatibility...
2026-02-07 22:18:45,137 - core.database - INFO - Creating async database engine...
2026-02-07 22:18:45,138 - core.database - INFO - Using QueuePool with connection pooling for non-Lambda environment
2026-02-07 22:18:45,345 - core.database - INFO - Database engine created successfully
2026-02-07 22:18:45,345 - core.database - INFO - Creating async session maker...
2026-02-07 22:18:45,345 - core.database - INFO - Async session maker created successfully
2026-02-07 22:18:45,346 - core.database - INFO - Database connection initialized successfully
2026-02-07 22:18:45,346 - services.database - INFO - 🔧 Database connection initialized, now creating tables if tables not exist...
2026-02-07 22:18:45,346 - core.database - DEBUG - [DB_OP] Starting create_tables
2026-02-07 22:18:45,346 - core.database - INFO - 🔧 Starting table creation...
2026-02-07 22:18:46,905 - core.database - INFO - Tables initialized successfully
2026-02-07 22:18:46,906 - core.database - DEBUG - [DB_OP] Create tables completed in 1.5600s
2026-02-07 22:18:46,965 - services.database - INFO - 🔧 Table creation completed
2026-02-07 22:18:46,966 - services.database - INFO - Database initialized successfully
2026-02-07 22:18:46,966 - services.database - DEBUG - [DB_OP] Database initialization completed in 1.8307s
2026-02-07 22:18:46,967 - services.mock_data - INFO - Processing mock data file state_regulations.json for table state_regulations
2026-02-07 22:18:48,995 - services.mock_data - INFO - Table state_regulations already has 50 rows; skipping mock insert
2026-02-07 22:18:49,055 - services.database - DEBUG - [DB_OP] Starting database initialization
2026-02-07 22:18:49,055 - services.database - INFO - 🔧 Starting database initialization...
2026-02-07 22:18:49,056 - core.database - INFO - Starting database initialization...
2026-02-07 22:18:49,056 - core.database - INFO - Database already initialized
2026-02-07 22:18:49,056 - services.database - INFO - 🔧 Database connection initialized, now creating tables if tables not exist...
2026-02-07 22:18:49,056 - core.database - DEBUG - [DB_OP] Starting create_tables
2026-02-07 22:18:49,056 - core.database - INFO - Tables already initialized
2026-02-07 22:18:49,056 - services.database - INFO - 🔧 Table creation completed
2026-02-07 22:18:49,056 - services.database - INFO - Database initialized successfully
2026-02-07 22:18:49,056 - services.database - DEBUG - [DB_OP] Database initialization completed in 0.0009s
2026-02-07 22:18:49,056 - core.config - DEBUG - Read dynamic attribute admin_user_id from environment variable ADMIN_USER_ID
2026-02-07 22:18:49,056 - core.config - DEBUG - Read dynamic attribute admin_user_email from environment variable ADMIN_USER_EMAIL
2026-02-07 22:18:49,423 - services.auth - DEBUG - Admin user 956410 already exists
2026-02-07 22:18:49,483 - main - INFO - === Application startup completed successfully ===
