2026-02-10 00:38:46,162 - main - INFO - === Logging system initialized ===
2026-02-10 00:38:46,162 - main - INFO - Log file: logs/app_20260210_003846.log
2026-02-10 00:38:46,162 - main - INFO - Log level: INFO
2026-02-10 00:38:46,162 - main - INFO - Timestamp: 20260210_003846
2026-02-10 00:38:46,612 - main - INFO - Included router: routers.aihub.router
2026-02-10 00:38:46,631 - main - INFO - Included router: routers.auth.router
2026-02-10 00:38:46,673 - main - INFO - Included router: routers.documents.router
2026-02-10 00:38:46,731 - main - INFO - Included router: routers.extractions.router
2026-02-10 00:38:46,736 - main - INFO - Included router: routers.google_auth.router
2026-02-10 00:38:46,737 - main - INFO - Included router: routers.health.router
2026-02-10 00:38:46,942 - main - INFO - Included router: routers.lease_analysis.router
2026-02-10 00:38:46,992 - main - INFO - Included router: routers.payments.router
2026-02-10 00:38:47,014 - main - INFO - Included router: routers.settings.router
2026-02-10 00:38:47,077 - main - INFO - Included router: routers.state_regulations.router
2026-02-10 00:38:47,100 - main - INFO - Included router: routers.storage.router
2026-02-10 00:38:47,120 - main - WARNING - Failed to import module 'routers.stripe_payments': 'Settings' object has no attribute 'stripe_secret_key'
2026-02-10 00:38:47,129 - main - INFO - Included router: routers.user.router
2026-02-10 00:38:47,298 - main - INFO - Included router: routers.user_credits.router
2026-02-10 00:38:47,300 - main - INFO - === Application startup initiated ===
2026-02-10 00:38:47,300 - services.database - DEBUG - [DB_OP] Starting database initialization
2026-02-10 00:38:47,300 - services.database - INFO - 🔧 Starting database initialization...
2026-02-10 00:38:47,300 - core.database - INFO - Starting database initialization...
2026-02-10 00:38:47,300 - core.database - ERROR - No database URL provided. DATABASE_URL environment variable must be set.
2026-02-10 00:38:47,300 - services.database - ERROR - Failed to initialize database: DATABASE_URL environment variable is required
