2026-02-10 01:58:10,961 - main - INFO - === Logging system initialized ===
2026-02-10 01:58:10,961 - main - INFO - Log file: logs/app_20260210_015810.log
2026-02-10 01:58:10,961 - main - INFO - Log level: INFO
2026-02-10 01:58:10,961 - main - INFO - Timestamp: 20260210_015810
2026-02-10 01:58:11,472 - main - INFO - Included router: routers.aihub.router
2026-02-10 01:58:11,494 - main - INFO - Included router: routers.auth.router
2026-02-10 01:58:11,546 - main - INFO - Included router: routers.documents.router
2026-02-10 01:58:11,604 - main - INFO - Included router: routers.extractions.router
2026-02-10 01:58:11,616 - main - INFO - Included router: routers.google_auth.router
2026-02-10 01:58:11,617 - main - INFO - Included router: routers.health.router
2026-02-10 01:58:12,027 - main - INFO - Included router: routers.lease_analysis.router
2026-02-10 01:58:12,076 - main - INFO - Included router: routers.payments.router
2026-02-10 01:58:12,098 - main - INFO - Included router: routers.settings.router
2026-02-10 01:58:12,257 - main - INFO - Included router: routers.state_regulations.router
2026-02-10 01:58:12,280 - main - INFO - Included router: routers.storage.router
2026-02-10 01:58:12,297 - core.config - DEBUG - Read dynamic attribute stripe_secret_key from environment variable STRIPE_SECRET_KEY
2026-02-10 01:58:12,305 - main - INFO - Included router: routers.stripe_payments.router
2026-02-10 01:58:12,344 - main - INFO - Included router: routers.user.router
2026-02-10 01:58:12,396 - main - INFO - Included router: routers.user_credits.router
2026-02-10 01:58:12,398 - main - INFO - === Application startup initiated ===
2026-02-10 01:58:12,398 - services.database - DEBUG - [DB_OP] Starting database initialization
2026-02-10 01:58:12,398 - services.database - INFO - 🔧 Starting database initialization...
2026-02-10 01:58:12,398 - core.database - INFO - Starting database initialization...
2026-02-10 01:58:12,398 - core.database - INFO - Normalizing database URL for async compatibility...
2026-02-10 01:58:12,399 - core.database - INFO - Creating async database engine...
2026-02-10 01:58:12,399 - core.database - INFO - Using QueuePool with connection pooling for non-Lambda environment
2026-02-10 01:58:12,441 - core.database - INFO - Database engine created successfully
2026-02-10 01:58:12,441 - core.database - INFO - Creating async session maker...
2026-02-10 01:58:12,441 - core.database - INFO - Async session maker created successfully
2026-02-10 01:58:12,441 - core.database - INFO - Database connection initialized successfully
2026-02-10 01:58:12,442 - services.database - INFO - 🔧 Database connection initialized, now creating tables if tables not exist...
2026-02-10 01:58:12,442 - core.database - DEBUG - [DB_OP] Starting create_tables
2026-02-10 01:58:12,442 - core.database - INFO - 🔧 Starting table creation...
2026-02-10 01:58:13,984 - core.database - INFO - Tables initialized successfully
2026-02-10 01:58:13,984 - core.database - DEBUG - [DB_OP] Create tables completed in 1.5427s
2026-02-10 01:58:14,045 - services.database - INFO - 🔧 Table creation completed
2026-02-10 01:58:14,046 - services.database - INFO - Database initialized successfully
2026-02-10 01:58:14,046 - services.database - DEBUG - [DB_OP] Database initialization completed in 1.6485s
2026-02-10 01:58:14,048 - services.mock_data - INFO - Processing mock data file state_regulations.json for table state_regulations
2026-02-10 01:58:16,015 - services.mock_data - INFO - Table state_regulations already has 50 rows; skipping mock insert
2026-02-10 01:58:16,075 - services.database - DEBUG - [DB_OP] Starting database initialization
2026-02-10 01:58:16,075 - services.database - INFO - 🔧 Starting database initialization...
2026-02-10 01:58:16,076 - core.database - INFO - Starting database initialization...
2026-02-10 01:58:16,076 - core.database - INFO - Database already initialized
2026-02-10 01:58:16,076 - services.database - INFO - 🔧 Database connection initialized, now creating tables if tables not exist...
2026-02-10 01:58:16,076 - core.database - DEBUG - [DB_OP] Starting create_tables
2026-02-10 01:58:16,076 - core.database - INFO - Tables already initialized
2026-02-10 01:58:16,076 - services.database - INFO - 🔧 Table creation completed
2026-02-10 01:58:16,076 - services.database - INFO - Database initialized successfully
2026-02-10 01:58:16,076 - services.database - DEBUG - [DB_OP] Database initialization completed in 0.0014s
2026-02-10 01:58:16,442 - services.auth - DEBUG - Admin user 956410 already exists
2026-02-10 01:58:16,502 - main - INFO - === Application startup completed successfully ===
2026-02-10 01:58:44,784 - services.database - DEBUG - [DB_OP] Starting database close
2026-02-10 01:58:44,847 - core.database - INFO - Database connection closed and engine disposed
2026-02-10 01:58:44,848 - services.database - INFO - Database connections closed
2026-02-10 01:58:44,848 - services.database - DEBUG - [DB_OP] Database close completed in 0.0640s
