2026-02-08 01:59:40,149 - main - INFO - === Logging system initialized ===
2026-02-08 01:59:40,149 - main - INFO - Log file: logs/app_20260208_015940.log
2026-02-08 01:59:40,149 - main - INFO - Log level: INFO
2026-02-08 01:59:40,149 - main - INFO - Timestamp: 20260208_015940
2026-02-08 01:59:40,890 - main - INFO - Included router: routers.aihub.router
2026-02-08 01:59:40,909 - main - INFO - Included router: routers.auth.router
2026-02-08 01:59:40,955 - main - INFO - Included router: routers.documents.router
2026-02-08 01:59:41,080 - main - INFO - Included router: routers.extractions.router
2026-02-08 01:59:41,082 - main - INFO - Included router: routers.health.router
2026-02-08 01:59:41,110 - main - INFO - Included router: routers.lease_analysis.router
2026-02-08 01:59:41,158 - main - INFO - Included router: routers.payments.router
2026-02-08 01:59:41,178 - main - INFO - Included router: routers.settings.router
2026-02-08 01:59:41,221 - main - INFO - Included router: routers.state_regulations.router
2026-02-08 01:59:41,271 - main - INFO - Included router: routers.storage.router
2026-02-08 01:59:41,291 - core.config - DEBUG - Read dynamic attribute stripe_secret_key from environment variable STRIPE_SECRET_KEY
2026-02-08 01:59:41,302 - main - INFO - Included router: routers.stripe_payments.router
2026-02-08 01:59:41,315 - main - INFO - Included router: routers.user.router
2026-02-08 01:59:41,362 - main - INFO - Included router: routers.user_credits.router
2026-02-08 01:59:41,363 - main - INFO - === Application startup initiated ===
2026-02-08 01:59:41,363 - services.database - DEBUG - [DB_OP] Starting database initialization
2026-02-08 01:59:41,363 - services.database - INFO - 🔧 Starting database initialization...
2026-02-08 01:59:41,363 - core.database - INFO - Starting database initialization...
2026-02-08 01:59:41,364 - core.config - DEBUG - Read dynamic attribute database_url from environment variable DATABASE_URL
2026-02-08 01:59:41,364 - core.database - INFO - Normalizing database URL for async compatibility...
2026-02-08 01:59:41,365 - core.database - INFO - Creating async database engine...
2026-02-08 01:59:41,365 - core.database - INFO - Using QueuePool with connection pooling for non-Lambda environment
2026-02-08 01:59:41,417 - core.database - INFO - Database engine created successfully
2026-02-08 01:59:41,417 - core.database - INFO - Creating async session maker...
2026-02-08 01:59:41,417 - core.database - INFO - Async session maker created successfully
2026-02-08 01:59:41,417 - core.database - INFO - Database connection initialized successfully
2026-02-08 01:59:41,417 - services.database - INFO - 🔧 Database connection initialized, now creating tables if tables not exist...
2026-02-08 01:59:41,417 - core.database - DEBUG - [DB_OP] Starting create_tables
2026-02-08 01:59:41,418 - core.database - INFO - 🔧 Starting table creation...
2026-02-08 01:59:43,029 - core.database - INFO - Tables initialized successfully
2026-02-08 01:59:43,030 - core.database - DEBUG - [DB_OP] Create tables completed in 1.6125s
2026-02-08 01:59:43,092 - services.database - INFO - 🔧 Table creation completed
2026-02-08 01:59:43,093 - services.database - INFO - Database initialized successfully
2026-02-08 01:59:43,093 - services.database - DEBUG - [DB_OP] Database initialization completed in 1.7297s
2026-02-08 01:59:43,096 - services.mock_data - INFO - Processing mock data file state_regulations.json for table state_regulations
2026-02-08 01:59:45,151 - services.mock_data - INFO - Table state_regulations already has 50 rows; skipping mock insert
2026-02-08 01:59:45,214 - services.database - DEBUG - [DB_OP] Starting database initialization
2026-02-08 01:59:45,214 - services.database - INFO - 🔧 Starting database initialization...
2026-02-08 01:59:45,214 - core.database - INFO - Starting database initialization...
2026-02-08 01:59:45,214 - core.database - INFO - Database already initialized
2026-02-08 01:59:45,214 - services.database - INFO - 🔧 Database connection initialized, now creating tables if tables not exist...
2026-02-08 01:59:45,214 - core.database - DEBUG - [DB_OP] Starting create_tables
2026-02-08 01:59:45,214 - core.database - INFO - Tables already initialized
2026-02-08 01:59:45,214 - services.database - INFO - 🔧 Table creation completed
2026-02-08 01:59:45,215 - services.database - INFO - Database initialized successfully
2026-02-08 01:59:45,215 - services.database - DEBUG - [DB_OP] Database initialization completed in 0.0013s
2026-02-08 01:59:45,215 - core.config - DEBUG - Read dynamic attribute admin_user_id from environment variable ADMIN_USER_ID
2026-02-08 01:59:45,215 - core.config - DEBUG - Read dynamic attribute admin_user_email from environment variable ADMIN_USER_EMAIL
2026-02-08 01:59:45,594 - services.auth - DEBUG - Admin user 956410 already exists
2026-02-08 01:59:45,657 - main - INFO - === Application startup completed successfully ===
2026-02-08 02:34:44,337 - services.database - DEBUG - [DB_OP] Starting database close
2026-02-08 02:34:44,338 - core.database - INFO - Database connection closed and engine disposed
2026-02-08 02:34:44,338 - services.database - INFO - Database connections closed
2026-02-08 02:34:44,338 - services.database - DEBUG - [DB_OP] Database close completed in 0.0013s
