2026-02-07 09:56:20,804 - main - INFO - === Logging system initialized ===
2026-02-07 09:56:20,804 - main - INFO - Log file: logs/app_20260207_095620.log
2026-02-07 09:56:20,805 - main - INFO - Log level: INFO
2026-02-07 09:56:20,805 - main - INFO - Timestamp: 20260207_095620
2026-02-07 09:56:21,528 - main - INFO - Included router: routers.aihub.router
2026-02-07 09:56:21,549 - main - INFO - Included router: routers.auth.router
2026-02-07 09:56:21,599 - main - INFO - Included router: routers.documents.router
2026-02-07 09:56:21,731 - main - INFO - Included router: routers.extractions.router
2026-02-07 09:56:21,734 - main - INFO - Included router: routers.health.router
2026-02-07 09:56:21,751 - main - INFO - Included router: routers.lease_analysis.router
2026-02-07 09:56:21,801 - main - INFO - Included router: routers.payments.router
2026-02-07 09:56:21,824 - main - INFO - Included router: routers.settings.router
2026-02-07 09:56:21,862 - main - INFO - Included router: routers.storage.router
2026-02-07 09:56:21,882 - core.config - DEBUG - Read dynamic attribute stripe_secret_key from environment variable STRIPE_SECRET_KEY
2026-02-07 09:56:21,890 - main - INFO - Included router: routers.stripe_payments.router
2026-02-07 09:56:21,898 - main - INFO - Included router: routers.user.router
2026-02-07 09:56:21,941 - main - INFO - Included router: routers.user_credits.router
2026-02-07 09:56:21,943 - main - INFO - === Application startup initiated ===
2026-02-07 09:56:21,943 - services.database - DEBUG - [DB_OP] Starting database initialization
2026-02-07 09:56:21,943 - services.database - INFO - 🔧 Starting database initialization...
2026-02-07 09:56:21,943 - core.database - INFO - Starting database initialization...
2026-02-07 09:56:21,943 - core.config - DEBUG - Read dynamic attribute database_url from environment variable DATABASE_URL
2026-02-07 09:56:21,943 - core.database - INFO - Normalizing database URL for async compatibility...
2026-02-07 09:56:21,944 - core.database - INFO - Creating async database engine...
2026-02-07 09:56:21,945 - core.database - INFO - Using QueuePool with connection pooling for non-Lambda environment
2026-02-07 09:56:21,992 - core.database - INFO - Database engine created successfully
2026-02-07 09:56:21,992 - core.database - INFO - Creating async session maker...
2026-02-07 09:56:21,992 - core.database - INFO - Async session maker created successfully
2026-02-07 09:56:21,992 - core.database - INFO - Database connection initialized successfully
2026-02-07 09:56:21,993 - services.database - INFO - 🔧 Database connection initialized, now creating tables if tables not exist...
2026-02-07 09:56:21,993 - core.database - DEBUG - [DB_OP] Starting create_tables
2026-02-07 09:56:21,993 - core.database - INFO - 🔧 Starting table creation...
2026-02-07 09:56:23,806 - core.database - INFO - Tables initialized successfully
2026-02-07 09:56:23,807 - core.database - DEBUG - [DB_OP] Create tables completed in 1.8138s
2026-02-07 09:56:23,866 - services.database - INFO - 🔧 Table creation completed
2026-02-07 09:56:23,867 - services.database - INFO - Database initialized successfully
2026-02-07 09:56:23,867 - services.database - DEBUG - [DB_OP] Database initialization completed in 1.9242s
2026-02-07 09:56:23,867 - services.mock_data - INFO - mock_data directory not found, skipping mock initialization
2026-02-07 09:56:23,868 - services.database - DEBUG - [DB_OP] Starting database initialization
2026-02-07 09:56:23,868 - services.database - INFO - 🔧 Starting database initialization...
2026-02-07 09:56:23,868 - core.database - INFO - Starting database initialization...
2026-02-07 09:56:23,868 - core.database - INFO - Database already initialized
2026-02-07 09:56:23,868 - services.database - INFO - 🔧 Database connection initialized, now creating tables if tables not exist...
2026-02-07 09:56:23,868 - core.database - DEBUG - [DB_OP] Starting create_tables
2026-02-07 09:56:23,868 - core.database - INFO - Tables already initialized
2026-02-07 09:56:23,869 - services.database - INFO - 🔧 Table creation completed
2026-02-07 09:56:23,869 - services.database - INFO - Database initialized successfully
2026-02-07 09:56:23,869 - services.database - DEBUG - [DB_OP] Database initialization completed in 0.0014s
2026-02-07 09:56:23,869 - core.config - DEBUG - Read dynamic attribute admin_user_id from environment variable ADMIN_USER_ID
2026-02-07 09:56:23,869 - core.config - DEBUG - Read dynamic attribute admin_user_email from environment variable ADMIN_USER_EMAIL
2026-02-07 09:56:24,301 - services.auth - DEBUG - Admin user 956410 already exists
2026-02-07 09:56:24,360 - main - INFO - === Application startup completed successfully ===
2026-02-07 10:02:08,040 - services.database - DEBUG - [DB_OP] Starting database close
2026-02-07 10:02:08,041 - core.database - INFO - Database connection closed and engine disposed
2026-02-07 10:02:08,041 - services.database - INFO - Database connections closed
2026-02-07 10:02:08,041 - services.database - DEBUG - [DB_OP] Database close completed in 0.0013s
