2026-02-08 20:48:38,473 - main - INFO - === Logging system initialized ===
2026-02-08 20:48:38,473 - main - INFO - Log file: logs/app_20260208_204838.log
2026-02-08 20:48:38,473 - main - INFO - Log level: INFO
2026-02-08 20:48:38,474 - main - INFO - Timestamp: 20260208_204838
2026-02-08 20:48:42,534 - main - INFO - Included router: routers.aihub.router
2026-02-08 20:48:42,641 - main - INFO - Included router: routers.auth.router
2026-02-08 20:48:42,750 - main - INFO - Included router: routers.documents.router
2026-02-08 20:48:42,878 - main - INFO - Included router: routers.extractions.router
2026-02-08 20:48:42,897 - main - INFO - Included router: routers.health.router
2026-02-08 20:48:43,256 - main - INFO - Included router: routers.lease_analysis.router
2026-02-08 20:48:43,387 - main - INFO - Included router: routers.payments.router
2026-02-08 20:48:43,430 - main - INFO - Included router: routers.settings.router
2026-02-08 20:48:43,551 - main - INFO - Included router: routers.state_regulations.router
2026-02-08 20:48:43,706 - main - INFO - Included router: routers.storage.router
2026-02-08 20:48:43,899 - core.config - DEBUG - Read dynamic attribute stripe_secret_key from environment variable STRIPE_SECRET_KEY
2026-02-08 20:48:43,909 - main - INFO - Included router: routers.stripe_payments.router
2026-02-08 20:48:43,986 - main - INFO - Included router: routers.user.router
2026-02-08 20:48:44,047 - main - INFO - Included router: routers.user_credits.router
2026-02-08 20:48:44,048 - main - INFO - === Application startup initiated ===
2026-02-08 20:48:44,048 - services.database - DEBUG - [DB_OP] Starting database initialization
2026-02-08 20:48:44,049 - services.database - INFO - 🔧 Starting database initialization...
2026-02-08 20:48:44,049 - core.database - INFO - Starting database initialization...
2026-02-08 20:48:44,050 - core.config - DEBUG - Read dynamic attribute database_url from environment variable DATABASE_URL
2026-02-08 20:48:44,050 - core.database - INFO - Normalizing database URL for async compatibility...
2026-02-08 20:48:44,051 - core.database - INFO - Creating async database engine...
2026-02-08 20:48:44,051 - core.database - INFO - Using QueuePool with connection pooling for non-Lambda environment
2026-02-08 20:48:44,266 - core.database - INFO - Database engine created successfully
2026-02-08 20:48:44,267 - core.database - INFO - Creating async session maker...
2026-02-08 20:48:44,267 - core.database - INFO - Async session maker created successfully
2026-02-08 20:48:44,267 - core.database - INFO - Database connection initialized successfully
2026-02-08 20:48:44,267 - services.database - INFO - 🔧 Database connection initialized, now creating tables if tables not exist...
2026-02-08 20:48:44,267 - core.database - DEBUG - [DB_OP] Starting create_tables
2026-02-08 20:48:44,267 - core.database - INFO - 🔧 Starting table creation...
2026-02-08 20:48:46,190 - core.database - INFO - Tables initialized successfully
2026-02-08 20:48:46,191 - core.database - DEBUG - [DB_OP] Create tables completed in 1.9234s
2026-02-08 20:48:46,251 - services.database - INFO - 🔧 Table creation completed
2026-02-08 20:48:46,251 - services.database - INFO - Database initialized successfully
2026-02-08 20:48:46,251 - services.database - DEBUG - [DB_OP] Database initialization completed in 2.2029s
2026-02-08 20:48:46,253 - services.mock_data - INFO - Processing mock data file state_regulations.json for table state_regulations
2026-02-08 20:48:48,410 - services.mock_data - INFO - Table state_regulations already has 50 rows; skipping mock insert
2026-02-08 20:48:48,470 - services.database - DEBUG - [DB_OP] Starting database initialization
2026-02-08 20:48:48,471 - services.database - INFO - 🔧 Starting database initialization...
2026-02-08 20:48:48,472 - core.database - INFO - Starting database initialization...
2026-02-08 20:48:48,472 - core.database - INFO - Database already initialized
2026-02-08 20:48:48,473 - services.database - INFO - 🔧 Database connection initialized, now creating tables if tables not exist...
2026-02-08 20:48:48,473 - core.database - DEBUG - [DB_OP] Starting create_tables
2026-02-08 20:48:48,473 - core.database - INFO - Tables already initialized
2026-02-08 20:48:48,473 - services.database - INFO - 🔧 Table creation completed
2026-02-08 20:48:48,473 - services.database - INFO - Database initialized successfully
2026-02-08 20:48:48,473 - services.database - DEBUG - [DB_OP] Database initialization completed in 0.0027s
2026-02-08 20:48:48,473 - core.config - DEBUG - Read dynamic attribute admin_user_id from environment variable ADMIN_USER_ID
2026-02-08 20:48:48,473 - core.config - DEBUG - Read dynamic attribute admin_user_email from environment variable ADMIN_USER_EMAIL
2026-02-08 20:48:48,971 - services.auth - DEBUG - Admin user 956410 already exists
2026-02-08 20:48:49,032 - main - INFO - === Application startup completed successfully ===
