2026-02-09 23:44:27,657 - main - INFO - === Logging system initialized ===
2026-02-09 23:44:27,657 - main - INFO - Log file: logs/app_20260209_234427.log
2026-02-09 23:44:27,657 - main - INFO - Log level: INFO
2026-02-09 23:44:27,658 - main - INFO - Timestamp: 20260209_234427
2026-02-09 23:44:28,245 - main - INFO - Included router: routers.aihub.router
2026-02-09 23:44:28,269 - main - INFO - Included router: routers.auth.router
2026-02-09 23:44:28,319 - main - INFO - Included router: routers.documents.router
2026-02-09 23:44:28,384 - main - INFO - Included router: routers.extractions.router
2026-02-09 23:44:28,390 - main - INFO - Included router: routers.google_auth.router
2026-02-09 23:44:28,392 - main - INFO - Included router: routers.health.router
2026-02-09 23:44:28,626 - main - INFO - Included router: routers.lease_analysis.router
2026-02-09 23:44:28,670 - main - INFO - Included router: routers.payments.router
2026-02-09 23:44:28,689 - main - INFO - Included router: routers.settings.router
2026-02-09 23:44:28,728 - main - INFO - Included router: routers.state_regulations.router
2026-02-09 23:44:28,751 - main - INFO - Included router: routers.storage.router
2026-02-09 23:44:28,991 - core.config - DEBUG - Read dynamic attribute stripe_secret_key from environment variable STRIPE_SECRET_KEY
2026-02-09 23:44:29,000 - main - INFO - Included router: routers.stripe_payments.router
2026-02-09 23:44:29,045 - main - INFO - Included router: routers.user.router
2026-02-09 23:44:29,181 - main - INFO - Included router: routers.user_credits.router
2026-02-09 23:44:29,183 - main - INFO - === Application startup initiated ===
2026-02-09 23:44:29,183 - services.database - DEBUG - [DB_OP] Starting database initialization
2026-02-09 23:44:29,183 - services.database - INFO - 🔧 Starting database initialization...
2026-02-09 23:44:29,183 - core.database - INFO - Starting database initialization...
2026-02-09 23:44:29,183 - core.config - DEBUG - Read dynamic attribute database_url from environment variable DATABASE_URL
2026-02-09 23:44:29,183 - core.database - INFO - Normalizing database URL for async compatibility...
2026-02-09 23:44:29,184 - core.database - INFO - Creating async database engine...
2026-02-09 23:44:29,184 - core.database - INFO - Using QueuePool with connection pooling for non-Lambda environment
2026-02-09 23:44:29,244 - core.database - INFO - Database engine created successfully
2026-02-09 23:44:29,244 - core.database - INFO - Creating async session maker...
2026-02-09 23:44:29,244 - core.database - INFO - Async session maker created successfully
2026-02-09 23:44:29,244 - core.database - INFO - Database connection initialized successfully
2026-02-09 23:44:29,244 - services.database - INFO - 🔧 Database connection initialized, now creating tables if tables not exist...
2026-02-09 23:44:29,244 - core.database - DEBUG - [DB_OP] Starting create_tables
2026-02-09 23:44:29,244 - core.database - INFO - 🔧 Starting table creation...
2026-02-09 23:44:30,844 - core.database - INFO - Tables initialized successfully
2026-02-09 23:44:30,845 - core.database - DEBUG - [DB_OP] Create tables completed in 1.6006s
2026-02-09 23:44:30,907 - services.database - INFO - 🔧 Table creation completed
2026-02-09 23:44:30,908 - services.database - INFO - 🔧 Checking and repairing existing tables...
2026-02-09 23:44:31,350 - services.database - INFO - Existing columns in extractions table: ['monthly_rent', 'renewal_notice_days', 'created_at', 'security_deposit', 'document_id', 'id', 'lease_end_date', 'pet_policy', 'late_fee_terms', 'risk_flags', 'raw_extraction', 'compliance_data', 'source_map', 'pages_meta', 'user_id', 'tenant_name', 'landlord_name', 'property_address', 'lease_start_date']
2026-02-09 23:44:31,412 - services.database - INFO - 🔧 Table repair completed
2026-02-09 23:44:31,412 - services.database - INFO - Database initialized successfully
2026-02-09 23:44:31,413 - services.database - DEBUG - [DB_OP] Database initialization completed in 2.2296s
2026-02-09 23:44:31,415 - services.mock_data - INFO - Processing mock data file state_regulations.json for table state_regulations
2026-02-09 23:44:33,388 - services.mock_data - INFO - Table state_regulations already has 50 rows; skipping mock insert
2026-02-09 23:44:33,451 - services.database - DEBUG - [DB_OP] Starting database initialization
2026-02-09 23:44:33,451 - services.database - INFO - 🔧 Starting database initialization...
2026-02-09 23:44:33,452 - core.database - INFO - Starting database initialization...
2026-02-09 23:44:33,452 - core.database - INFO - Database already initialized
2026-02-09 23:44:33,452 - services.database - INFO - 🔧 Database connection initialized, now creating tables if tables not exist...
2026-02-09 23:44:33,452 - core.database - DEBUG - [DB_OP] Starting create_tables
2026-02-09 23:44:33,452 - core.database - INFO - Tables already initialized
2026-02-09 23:44:33,452 - services.database - INFO - 🔧 Table creation completed
2026-02-09 23:44:33,452 - services.database - INFO - 🔧 Checking and repairing existing tables...
2026-02-09 23:44:33,823 - services.database - INFO - Existing columns in extractions table: ['monthly_rent', 'renewal_notice_days', 'created_at', 'security_deposit', 'document_id', 'id', 'lease_end_date', 'pet_policy', 'late_fee_terms', 'risk_flags', 'raw_extraction', 'compliance_data', 'source_map', 'pages_meta', 'user_id', 'tenant_name', 'landlord_name', 'property_address', 'lease_start_date']
2026-02-09 23:44:33,886 - services.database - INFO - 🔧 Table repair completed
2026-02-09 23:44:33,886 - services.database - INFO - Database initialized successfully
2026-02-09 23:44:33,886 - services.database - DEBUG - [DB_OP] Database initialization completed in 0.4351s
2026-02-09 23:44:33,886 - core.config - DEBUG - Read dynamic attribute admin_user_id from environment variable ADMIN_USER_ID
2026-02-09 23:44:33,886 - core.config - DEBUG - Read dynamic attribute admin_user_email from environment variable ADMIN_USER_EMAIL
2026-02-09 23:44:34,266 - services.auth - DEBUG - Admin user 956410 already exists
2026-02-09 23:44:34,328 - main - INFO - === Application startup completed successfully ===
2026-02-09 23:45:17,333 - services.database - DEBUG - [DB_OP] Starting database close
2026-02-09 23:45:17,399 - core.database - INFO - Database connection closed and engine disposed
2026-02-09 23:45:17,400 - services.database - INFO - Database connections closed
2026-02-09 23:45:17,400 - services.database - DEBUG - [DB_OP] Database close completed in 0.0665s
