2026-02-07 22:11:11,807 - main - INFO - === Logging system initialized ===
2026-02-07 22:11:11,807 - main - INFO - Log file: logs/app_20260207_221111.log
2026-02-07 22:11:11,807 - main - INFO - Log level: INFO
2026-02-07 22:11:11,807 - main - INFO - Timestamp: 20260207_221111
2026-02-07 22:11:12,502 - main - INFO - Included router: routers.aihub.router
2026-02-07 22:11:12,527 - main - INFO - Included router: routers.auth.router
2026-02-07 22:11:12,579 - main - INFO - Included router: routers.documents.router
2026-02-07 22:11:12,749 - main - INFO - Included router: routers.extractions.router
2026-02-07 22:11:12,751 - main - INFO - Included router: routers.health.router
2026-02-07 22:11:12,783 - main - INFO - Included router: routers.lease_analysis.router
2026-02-07 22:11:12,833 - main - INFO - Included router: routers.payments.router
2026-02-07 22:11:12,855 - main - INFO - Included router: routers.settings.router
2026-02-07 22:11:12,897 - main - INFO - Included router: routers.state_regulations.router
2026-02-07 22:11:12,940 - main - INFO - Included router: routers.storage.router
2026-02-07 22:11:12,965 - main - WARNING - Failed to import module 'routers.stripe_payments': 'Settings' object has no attribute 'stripe_secret_key'
2026-02-07 22:11:12,976 - main - INFO - Included router: routers.user.router
2026-02-07 22:11:13,024 - main - INFO - Included router: routers.user_credits.router
2026-02-07 22:11:13,026 - main - INFO - === Application startup initiated ===
2026-02-07 22:11:13,026 - services.database - DEBUG - [DB_OP] Starting database initialization
2026-02-07 22:11:13,026 - services.database - INFO - 🔧 Starting database initialization...
2026-02-07 22:11:13,026 - core.database - INFO - Starting database initialization...
2026-02-07 22:11:13,026 - services.database - ERROR - Failed to initialize database: 'Settings' object has no attribute 'database_url'
