2026-02-07 22:40:04,789 - main - INFO - === Logging system initialized ===
2026-02-07 22:40:04,790 - main - INFO - Log file: logs/app_20260207_224004.log
2026-02-07 22:40:04,790 - main - INFO - Log level: INFO
2026-02-07 22:40:04,790 - main - INFO - Timestamp: 20260207_224004
2026-02-07 22:40:06,251 - main - INFO - Included router: routers.aihub.router
2026-02-07 22:40:06,270 - main - INFO - Included router: routers.auth.router
2026-02-07 22:40:06,312 - main - INFO - Included router: routers.documents.router
2026-02-07 22:40:06,355 - main - INFO - Included router: routers.extractions.router
2026-02-07 22:40:06,359 - main - INFO - Included router: routers.health.router
2026-02-07 22:40:06,388 - main - INFO - Included router: routers.lease_analysis.router
2026-02-07 22:40:06,429 - main - INFO - Included router: routers.payments.router
2026-02-07 22:40:06,447 - main - INFO - Included router: routers.settings.router
2026-02-07 22:40:06,478 - main - INFO - Included router: routers.state_regulations.router
2026-02-07 22:40:06,508 - main - INFO - Included router: routers.storage.router
2026-02-07 22:40:06,533 - main - WARNING - Failed to import module 'routers.stripe_payments': 'Settings' object has no attribute 'stripe_secret_key'
2026-02-07 22:40:06,543 - main - INFO - Included router: routers.user.router
2026-02-07 22:40:06,582 - main - INFO - Included router: routers.user_credits.router
2026-02-07 22:40:06,583 - main - INFO - === Application startup initiated ===
2026-02-07 22:40:06,584 - services.database - DEBUG - [DB_OP] Starting database initialization
2026-02-07 22:40:06,584 - services.database - INFO - 🔧 Starting database initialization...
2026-02-07 22:40:06,584 - core.database - INFO - Starting database initialization...
2026-02-07 22:40:06,584 - services.database - ERROR - Failed to initialize database: 'Settings' object has no attribute 'database_url'
