2026-02-09 23:27:20,348 - main - INFO - === Logging system initialized ===
2026-02-09 23:27:20,348 - main - INFO - Log file: logs/app_20260209_232720.log
2026-02-09 23:27:20,349 - main - INFO - Log level: INFO
2026-02-09 23:27:20,349 - main - INFO - Timestamp: 20260209_232720
2026-02-09 23:27:20,902 - main - INFO - Included router: routers.aihub.router
2026-02-09 23:27:20,921 - main - INFO - Included router: routers.auth.router
2026-02-09 23:27:20,965 - main - INFO - Included router: routers.documents.router
2026-02-09 23:27:21,020 - main - INFO - Included router: routers.extractions.router
2026-02-09 23:27:21,044 - main - INFO - Included router: routers.google_auth.router
2026-02-09 23:27:21,046 - main - INFO - Included router: routers.health.router
2026-02-09 23:27:21,234 - main - INFO - Included router: routers.lease_analysis.router
2026-02-09 23:27:21,283 - main - INFO - Included router: routers.payments.router
2026-02-09 23:27:21,304 - main - INFO - Included router: routers.settings.router
2026-02-09 23:27:21,344 - main - INFO - Included router: routers.state_regulations.router
2026-02-09 23:27:21,365 - main - INFO - Included router: routers.storage.router
2026-02-09 23:27:21,387 - core.config - DEBUG - Read dynamic attribute stripe_secret_key from environment variable STRIPE_SECRET_KEY
2026-02-09 23:27:21,395 - main - INFO - Included router: routers.stripe_payments.router
2026-02-09 23:27:21,402 - main - INFO - Included router: routers.user.router
2026-02-09 23:27:21,532 - main - INFO - Included router: routers.user_credits.router
2026-02-09 23:27:21,533 - main - INFO - === Application startup initiated ===
2026-02-09 23:27:21,533 - services.database - DEBUG - [DB_OP] Starting database initialization
2026-02-09 23:27:21,533 - services.database - INFO - 🔧 Starting database initialization...
2026-02-09 23:27:21,534 - core.database - INFO - Starting database initialization...
2026-02-09 23:27:21,534 - core.config - DEBUG - Read dynamic attribute database_url from environment variable DATABASE_URL
2026-02-09 23:27:21,534 - core.database - INFO - Normalizing database URL for async compatibility...
2026-02-09 23:27:21,535 - core.database - INFO - Creating async database engine...
2026-02-09 23:27:21,535 - core.database - INFO - Using QueuePool with connection pooling for non-Lambda environment
2026-02-09 23:27:21,576 - core.database - INFO - Database engine created successfully
2026-02-09 23:27:21,576 - core.database - INFO - Creating async session maker...
2026-02-09 23:27:21,576 - core.database - INFO - Async session maker created successfully
2026-02-09 23:27:21,576 - core.database - INFO - Database connection initialized successfully
2026-02-09 23:27:21,576 - services.database - INFO - 🔧 Database connection initialized, now creating tables if tables not exist...
2026-02-09 23:27:21,576 - core.database - DEBUG - [DB_OP] Starting create_tables
2026-02-09 23:27:21,576 - core.database - INFO - 🔧 Starting table creation...
2026-02-09 23:27:23,455 - core.database - INFO - Tables initialized successfully
2026-02-09 23:27:23,456 - core.database - DEBUG - [DB_OP] Create tables completed in 1.8796s
2026-02-09 23:27:23,516 - services.database - INFO - 🔧 Table creation completed
2026-02-09 23:27:23,517 - services.database - INFO - 🔧 Checking and repairing existing tables...
2026-02-09 23:27:24,020 - services.database - INFO - Existing columns in extractions table: ['monthly_rent', 'renewal_notice_days', 'created_at', 'security_deposit', 'document_id', 'id', 'lease_end_date', 'pet_policy', 'late_fee_terms', 'risk_flags', 'raw_extraction', 'compliance_data', 'source_map', 'pages_meta', 'user_id', 'tenant_name', 'landlord_name', 'property_address', 'lease_start_date']
2026-02-09 23:27:24,095 - services.database - INFO - 🔧 Table repair completed
2026-02-09 23:27:24,095 - services.database - INFO - Database initialized successfully
2026-02-09 23:27:24,095 - services.database - DEBUG - [DB_OP] Database initialization completed in 2.5616s
2026-02-09 23:27:24,096 - services.mock_data - INFO - Processing mock data file state_regulations.json for table state_regulations
2026-02-09 23:27:26,068 - services.mock_data - INFO - Table state_regulations already has 50 rows; skipping mock insert
2026-02-09 23:27:26,127 - services.database - DEBUG - [DB_OP] Starting database initialization
2026-02-09 23:27:26,128 - services.database - INFO - 🔧 Starting database initialization...
2026-02-09 23:27:26,128 - core.database - INFO - Starting database initialization...
2026-02-09 23:27:26,128 - core.database - INFO - Database already initialized
2026-02-09 23:27:26,128 - services.database - INFO - 🔧 Database connection initialized, now creating tables if tables not exist...
2026-02-09 23:27:26,128 - core.database - DEBUG - [DB_OP] Starting create_tables
2026-02-09 23:27:26,128 - core.database - INFO - Tables already initialized
2026-02-09 23:27:26,128 - services.database - INFO - 🔧 Table creation completed
2026-02-09 23:27:26,128 - services.database - INFO - 🔧 Checking and repairing existing tables...
2026-02-09 23:27:26,486 - services.database - INFO - Existing columns in extractions table: ['monthly_rent', 'renewal_notice_days', 'created_at', 'security_deposit', 'document_id', 'id', 'lease_end_date', 'pet_policy', 'late_fee_terms', 'risk_flags', 'raw_extraction', 'compliance_data', 'source_map', 'pages_meta', 'user_id', 'tenant_name', 'landlord_name', 'property_address', 'lease_start_date']
2026-02-09 23:27:26,546 - services.database - INFO - 🔧 Table repair completed
2026-02-09 23:27:26,546 - services.database - INFO - Database initialized successfully
2026-02-09 23:27:26,546 - services.database - DEBUG - [DB_OP] Database initialization completed in 0.4188s
2026-02-09 23:27:26,546 - core.config - DEBUG - Read dynamic attribute admin_user_id from environment variable ADMIN_USER_ID
2026-02-09 23:27:26,547 - core.config - DEBUG - Read dynamic attribute admin_user_email from environment variable ADMIN_USER_EMAIL
2026-02-09 23:27:26,919 - services.auth - DEBUG - Admin user 956410 already exists
2026-02-09 23:27:26,980 - main - INFO - === Application startup completed successfully ===
