2026-02-08 23:35:21,097 - main - INFO - === Logging system initialized ===
2026-02-08 23:35:21,097 - main - INFO - Log file: logs/app_20260208_233521.log
2026-02-08 23:35:21,097 - main - INFO - Log level: INFO
2026-02-08 23:35:21,097 - main - INFO - Timestamp: 20260208_233521
2026-02-08 23:35:21,537 - main - INFO - Included router: routers.aihub.router
2026-02-08 23:35:21,550 - main - INFO - Included router: routers.auth.router
2026-02-08 23:35:21,595 - main - INFO - Included router: routers.documents.router
2026-02-08 23:35:21,647 - main - INFO - Included router: routers.extractions.router
2026-02-08 23:35:21,653 - main - INFO - Included router: routers.google_auth.router
2026-02-08 23:35:21,655 - main - INFO - Included router: routers.health.router
2026-02-08 23:35:22,513 - main - INFO - Included router: routers.lease_analysis.router
2026-02-08 23:35:22,570 - main - INFO - Included router: routers.payments.router
2026-02-08 23:35:22,589 - main - INFO - Included router: routers.settings.router
2026-02-08 23:35:22,627 - main - INFO - Included router: routers.state_regulations.router
2026-02-08 23:35:22,651 - main - INFO - Included router: routers.storage.router
2026-02-08 23:35:22,670 - core.config - DEBUG - Read dynamic attribute stripe_secret_key from environment variable STRIPE_SECRET_KEY
2026-02-08 23:35:22,680 - main - INFO - Included router: routers.stripe_payments.router
2026-02-08 23:35:22,687 - main - INFO - Included router: routers.user.router
2026-02-08 23:35:22,728 - main - INFO - Included router: routers.user_credits.router
2026-02-08 23:35:22,729 - main - INFO - === Application startup initiated ===
2026-02-08 23:35:22,729 - services.database - DEBUG - [DB_OP] Starting database initialization
2026-02-08 23:35:22,729 - services.database - INFO - 🔧 Starting database initialization...
2026-02-08 23:35:22,729 - core.database - INFO - Starting database initialization...
2026-02-08 23:35:22,729 - core.config - DEBUG - Read dynamic attribute database_url from environment variable DATABASE_URL
2026-02-08 23:35:22,730 - core.database - INFO - Normalizing database URL for async compatibility...
2026-02-08 23:35:22,730 - core.database - INFO - Creating async database engine...
2026-02-08 23:35:22,730 - core.database - INFO - Using QueuePool with connection pooling for non-Lambda environment
2026-02-08 23:35:22,777 - core.database - INFO - Database engine created successfully
2026-02-08 23:35:22,777 - core.database - INFO - Creating async session maker...
2026-02-08 23:35:22,777 - core.database - INFO - Async session maker created successfully
2026-02-08 23:35:22,777 - core.database - INFO - Database connection initialized successfully
2026-02-08 23:35:22,777 - services.database - INFO - 🔧 Database connection initialized, now creating tables if tables not exist...
2026-02-08 23:35:22,778 - core.database - DEBUG - [DB_OP] Starting create_tables
2026-02-08 23:35:22,778 - core.database - INFO - 🔧 Starting table creation...
2026-02-08 23:35:24,457 - core.database - INFO - Tables initialized successfully
2026-02-08 23:35:24,458 - core.database - DEBUG - [DB_OP] Create tables completed in 1.6803s
2026-02-08 23:35:24,523 - services.database - INFO - 🔧 Table creation completed
2026-02-08 23:35:24,523 - services.database - INFO - Database initialized successfully
2026-02-08 23:35:24,523 - services.database - DEBUG - [DB_OP] Database initialization completed in 1.7944s
2026-02-08 23:35:24,525 - services.mock_data - INFO - Processing mock data file state_regulations.json for table state_regulations
2026-02-08 23:35:26,683 - services.mock_data - INFO - Table state_regulations already has 50 rows; skipping mock insert
2026-02-08 23:35:26,805 - services.database - DEBUG - [DB_OP] Starting database initialization
2026-02-08 23:35:26,806 - services.database - INFO - 🔧 Starting database initialization...
2026-02-08 23:35:26,806 - core.database - INFO - Starting database initialization...
2026-02-08 23:35:26,806 - core.database - INFO - Database already initialized
2026-02-08 23:35:26,806 - services.database - INFO - 🔧 Database connection initialized, now creating tables if tables not exist...
2026-02-08 23:35:26,806 - core.database - DEBUG - [DB_OP] Starting create_tables
2026-02-08 23:35:26,806 - core.database - INFO - Tables already initialized
2026-02-08 23:35:26,807 - services.database - INFO - 🔧 Table creation completed
2026-02-08 23:35:26,807 - services.database - INFO - Database initialized successfully
2026-02-08 23:35:26,807 - services.database - DEBUG - [DB_OP] Database initialization completed in 0.0017s
2026-02-08 23:35:26,807 - core.config - DEBUG - Read dynamic attribute admin_user_id from environment variable ADMIN_USER_ID
2026-02-08 23:35:26,807 - core.config - DEBUG - Read dynamic attribute admin_user_email from environment variable ADMIN_USER_EMAIL
2026-02-08 23:35:27,221 - services.auth - DEBUG - Admin user 956410 already exists
2026-02-08 23:35:27,288 - main - INFO - === Application startup completed successfully ===
