2026-02-10 02:01:27,293 - main - INFO - === Logging system initialized ===
2026-02-10 02:01:27,294 - main - INFO - Log file: logs/app_20260210_020127.log
2026-02-10 02:01:27,294 - main - INFO - Log level: INFO
2026-02-10 02:01:27,294 - main - INFO - Timestamp: 20260210_020127
2026-02-10 02:01:27,877 - main - INFO - Included router: routers.aihub.router
2026-02-10 02:01:27,896 - main - INFO - Included router: routers.auth.router
2026-02-10 02:01:27,946 - main - INFO - Included router: routers.documents.router
2026-02-10 02:01:28,009 - main - INFO - Included router: routers.extractions.router
2026-02-10 02:01:28,016 - main - INFO - Included router: routers.google_auth.router
2026-02-10 02:01:28,017 - main - INFO - Included router: routers.health.router
2026-02-10 02:01:28,484 - main - INFO - Included router: routers.lease_analysis.router
2026-02-10 02:01:28,535 - main - INFO - Included router: routers.payments.router
2026-02-10 02:01:28,559 - main - INFO - Included router: routers.settings.router
2026-02-10 02:01:28,735 - main - INFO - Included router: routers.state_regulations.router
2026-02-10 02:01:28,760 - main - INFO - Included router: routers.storage.router
2026-02-10 02:01:28,781 - main - WARNING - Failed to import module 'routers.stripe_payments': 'Settings' object has no attribute 'stripe_secret_key'
2026-02-10 02:01:28,790 - main - INFO - Included router: routers.user.router
2026-02-10 02:01:28,833 - main - INFO - Included router: routers.user_credits.router
2026-02-10 02:01:28,834 - main - INFO - === Application startup initiated ===
2026-02-10 02:01:28,834 - services.database - DEBUG - [DB_OP] Starting database initialization
2026-02-10 02:01:28,834 - services.database - INFO - 🔧 Starting database initialization...
2026-02-10 02:01:28,835 - core.database - INFO - Starting database initialization...
2026-02-10 02:01:28,835 - core.database - INFO - Normalizing database URL for async compatibility...
2026-02-10 02:01:28,836 - core.database - DEBUG - Database exists:./app.db
2026-02-10 02:01:28,836 - core.database - WARNING - Adjusted database URL driver for async compatibility
2026-02-10 02:01:28,836 - core.database - INFO - Creating async database engine...
2026-02-10 02:01:28,836 - core.database - INFO - Using QueuePool with connection pooling for non-Lambda environment
2026-02-10 02:01:29,177 - core.database - INFO - Database engine created successfully
2026-02-10 02:01:29,177 - core.database - INFO - Creating async session maker...
2026-02-10 02:01:29,177 - core.database - INFO - Async session maker created successfully
2026-02-10 02:01:29,178 - core.database - INFO - Database connection initialized successfully
2026-02-10 02:01:29,178 - services.database - INFO - 🔧 Database connection initialized, now creating tables if tables not exist...
2026-02-10 02:01:29,178 - core.database - DEBUG - [DB_OP] Starting create_tables
2026-02-10 02:01:29,178 - core.database - INFO - 🔧 Starting table creation...
2026-02-10 02:01:29,180 - aiosqlite - DEBUG - executing <function connect.<locals>.connector at 0x7ff3a998d750>
2026-02-10 02:01:29,181 - aiosqlite - DEBUG - operation <function connect.<locals>.connector at 0x7ff3a998d750> completed
2026-02-10 02:01:29,181 - aiosqlite - DEBUG - executing functools.partial(<built-in method create_function of sqlite3.Connection object at 0x7ff3a9ed5740>, 'regexp', 2, <function SQLiteDialect_pysqlite.on_connect.<locals>.regexp at 0x7ff3a998d2d0>, deterministic=True)
2026-02-10 02:01:29,182 - aiosqlite - DEBUG - operation functools.partial(<built-in method create_function of sqlite3.Connection object at 0x7ff3a9ed5740>, 'regexp', 2, <function SQLiteDialect_pysqlite.on_connect.<locals>.regexp at 0x7ff3a998d2d0>, deterministic=True) completed
2026-02-10 02:01:29,182 - aiosqlite - DEBUG - executing functools.partial(<built-in method create_function of sqlite3.Connection object at 0x7ff3a9ed5740>, 'floor', 1, <built-in function floor>, deterministic=True)
2026-02-10 02:01:29,182 - aiosqlite - DEBUG - operation functools.partial(<built-in method create_function of sqlite3.Connection object at 0x7ff3a9ed5740>, 'floor', 1, <built-in function floor>, deterministic=True) completed
2026-02-10 02:01:29,183 - aiosqlite - DEBUG - executing functools.partial(<built-in method cursor of sqlite3.Connection object at 0x7ff3a9ed5740>)
2026-02-10 02:01:29,183 - aiosqlite - DEBUG - operation functools.partial(<built-in method cursor of sqlite3.Connection object at 0x7ff3a9ed5740>) completed
2026-02-10 02:01:29,183 - aiosqlite - DEBUG - executing functools.partial(<built-in method execute of sqlite3.Cursor object at 0x7ff3a993d540>, 'PRAGMA read_uncommitted', [])
2026-02-10 02:01:29,183 - aiosqlite - DEBUG - operation functools.partial(<built-in method execute of sqlite3.Cursor object at 0x7ff3a993d540>, 'PRAGMA read_uncommitted', []) completed
2026-02-10 02:01:29,183 - aiosqlite - DEBUG - executing functools.partial(<built-in method fetchall of sqlite3.Cursor object at 0x7ff3a993d540>)
2026-02-10 02:01:29,183 - aiosqlite - DEBUG - operation functools.partial(<built-in method fetchall of sqlite3.Cursor object at 0x7ff3a993d540>) completed
2026-02-10 02:01:29,184 - aiosqlite - DEBUG - executing functools.partial(<built-in method close of sqlite3.Cursor object at 0x7ff3a993d540>)
2026-02-10 02:01:29,184 - aiosqlite - DEBUG - operation functools.partial(<built-in method close of sqlite3.Cursor object at 0x7ff3a993d540>) completed
2026-02-10 02:01:29,184 - aiosqlite - DEBUG - executing functools.partial(<built-in method rollback of sqlite3.Connection object at 0x7ff3a9ed5740>)
2026-02-10 02:01:29,184 - aiosqlite - DEBUG - operation functools.partial(<built-in method rollback of sqlite3.Connection object at 0x7ff3a9ed5740>) completed
2026-02-10 02:01:29,185 - aiosqlite - DEBUG - executing functools.partial(<built-in method cursor of sqlite3.Connection object at 0x7ff3a9ed5740>)
2026-02-10 02:01:29,186 - aiosqlite - DEBUG - operation functools.partial(<built-in method cursor of sqlite3.Connection object at 0x7ff3a9ed5740>) completed
2026-02-10 02:01:29,186 - aiosqlite - DEBUG - executing functools.partial(<built-in method execute of sqlite3.Cursor object at 0x7ff3a993d540>, 'PRAGMA main.table_info("users")', ())
2026-02-10 02:01:29,192 - aiosqlite - DEBUG - operation functools.partial(<built-in method execute of sqlite3.Cursor object at 0x7ff3a993d540>, 'PRAGMA main.table_info("users")', ()) completed
2026-02-10 02:01:29,193 - aiosqlite - DEBUG - executing functools.partial(<built-in method fetchall of sqlite3.Cursor object at 0x7ff3a993d540>)
2026-02-10 02:01:29,193 - aiosqlite - DEBUG - operation functools.partial(<built-in method fetchall of sqlite3.Cursor object at 0x7ff3a993d540>) completed
2026-02-10 02:01:29,194 - aiosqlite - DEBUG - executing functools.partial(<built-in method close of sqlite3.Cursor object at 0x7ff3a993d540>)
2026-02-10 02:01:29,194 - aiosqlite - DEBUG - operation functools.partial(<built-in method close of sqlite3.Cursor object at 0x7ff3a993d540>) completed
2026-02-10 02:01:29,194 - aiosqlite - DEBUG - executing functools.partial(<built-in method cursor of sqlite3.Connection object at 0x7ff3a9ed5740>)
2026-02-10 02:01:29,195 - aiosqlite - DEBUG - operation functools.partial(<built-in method cursor of sqlite3.Connection object at 0x7ff3a9ed5740>) completed
2026-02-10 02:01:29,195 - aiosqlite - DEBUG - executing functools.partial(<built-in method execute of sqlite3.Cursor object at 0x7ff3a993d540>, 'PRAGMA main.table_info("oidc_states")', ())
2026-02-10 02:01:29,196 - aiosqlite - DEBUG - operation functools.partial(<built-in method execute of sqlite3.Cursor object at 0x7ff3a993d540>, 'PRAGMA main.table_info("oidc_states")', ()) completed
2026-02-10 02:01:29,197 - aiosqlite - DEBUG - executing functools.partial(<built-in method fetchall of sqlite3.Cursor object at 0x7ff3a993d540>)
2026-02-10 02:01:29,201 - aiosqlite - DEBUG - operation functools.partial(<built-in method fetchall of sqlite3.Cursor object at 0x7ff3a993d540>) completed
2026-02-10 02:01:29,201 - aiosqlite - DEBUG - executing functools.partial(<built-in method close of sqlite3.Cursor object at 0x7ff3a993d540>)
2026-02-10 02:01:29,202 - aiosqlite - DEBUG - operation functools.partial(<built-in method close of sqlite3.Cursor object at 0x7ff3a993d540>) completed
2026-02-10 02:01:29,202 - aiosqlite - DEBUG - executing functools.partial(<built-in method cursor of sqlite3.Connection object at 0x7ff3a9ed5740>)
2026-02-10 02:01:29,202 - aiosqlite - DEBUG - operation functools.partial(<built-in method cursor of sqlite3.Connection object at 0x7ff3a9ed5740>) completed
2026-02-10 02:01:29,202 - aiosqlite - DEBUG - executing functools.partial(<built-in method execute of sqlite3.Cursor object at 0x7ff3a993d540>, 'PRAGMA main.table_info("documents")', ())
2026-02-10 02:01:29,205 - aiosqlite - DEBUG - operation functools.partial(<built-in method execute of sqlite3.Cursor object at 0x7ff3a993d540>, 'PRAGMA main.table_info("documents")', ()) completed
2026-02-10 02:01:29,206 - aiosqlite - DEBUG - executing functools.partial(<built-in method fetchall of sqlite3.Cursor object at 0x7ff3a993d540>)
2026-02-10 02:01:29,206 - aiosqlite - DEBUG - operation functools.partial(<built-in method fetchall of sqlite3.Cursor object at 0x7ff3a993d540>) completed
2026-02-10 02:01:29,207 - aiosqlite - DEBUG - executing functools.partial(<built-in method close of sqlite3.Cursor object at 0x7ff3a993d540>)
2026-02-10 02:01:29,207 - aiosqlite - DEBUG - operation functools.partial(<built-in method close of sqlite3.Cursor object at 0x7ff3a993d540>) completed
2026-02-10 02:01:29,207 - aiosqlite - DEBUG - executing functools.partial(<built-in method cursor of sqlite3.Connection object at 0x7ff3a9ed5740>)
2026-02-10 02:01:29,207 - aiosqlite - DEBUG - operation functools.partial(<built-in method cursor of sqlite3.Connection object at 0x7ff3a9ed5740>) completed
2026-02-10 02:01:29,207 - aiosqlite - DEBUG - executing functools.partial(<built-in method execute of sqlite3.Cursor object at 0x7ff3a993d540>, 'PRAGMA main.table_info("extractions")', ())
2026-02-10 02:01:29,209 - aiosqlite - DEBUG - operation functools.partial(<built-in method execute of sqlite3.Cursor object at 0x7ff3a993d540>, 'PRAGMA main.table_info("extractions")', ()) completed
2026-02-10 02:01:29,209 - aiosqlite - DEBUG - executing functools.partial(<built-in method fetchall of sqlite3.Cursor object at 0x7ff3a993d540>)
2026-02-10 02:01:29,210 - aiosqlite - DEBUG - operation functools.partial(<built-in method fetchall of sqlite3.Cursor object at 0x7ff3a993d540>) completed
2026-02-10 02:01:29,210 - aiosqlite - DEBUG - executing functools.partial(<built-in method close of sqlite3.Cursor object at 0x7ff3a993d540>)
2026-02-10 02:01:29,210 - aiosqlite - DEBUG - operation functools.partial(<built-in method close of sqlite3.Cursor object at 0x7ff3a993d540>) completed
2026-02-10 02:01:29,211 - aiosqlite - DEBUG - executing functools.partial(<built-in method cursor of sqlite3.Connection object at 0x7ff3a9ed5740>)
2026-02-10 02:01:29,211 - aiosqlite - DEBUG - operation functools.partial(<built-in method cursor of sqlite3.Connection object at 0x7ff3a9ed5740>) completed
2026-02-10 02:01:29,211 - aiosqlite - DEBUG - executing functools.partial(<built-in method execute of sqlite3.Cursor object at 0x7ff3a993d540>, 'PRAGMA main.table_info("user_credits")', ())
2026-02-10 02:01:29,213 - aiosqlite - DEBUG - operation functools.partial(<built-in method execute of sqlite3.Cursor object at 0x7ff3a993d540>, 'PRAGMA main.table_info("user_credits")', ()) completed
2026-02-10 02:01:29,213 - aiosqlite - DEBUG - executing functools.partial(<built-in method fetchall of sqlite3.Cursor object at 0x7ff3a993d540>)
2026-02-10 02:01:29,214 - aiosqlite - DEBUG - operation functools.partial(<built-in method fetchall of sqlite3.Cursor object at 0x7ff3a993d540>) completed
2026-02-10 02:01:29,214 - aiosqlite - DEBUG - executing functools.partial(<built-in method close of sqlite3.Cursor object at 0x7ff3a993d540>)
2026-02-10 02:01:29,214 - aiosqlite - DEBUG - operation functools.partial(<built-in method close of sqlite3.Cursor object at 0x7ff3a993d540>) completed
2026-02-10 02:01:29,214 - aiosqlite - DEBUG - executing functools.partial(<built-in method cursor of sqlite3.Connection object at 0x7ff3a9ed5740>)
2026-02-10 02:01:29,214 - aiosqlite - DEBUG - operation functools.partial(<built-in method cursor of sqlite3.Connection object at 0x7ff3a9ed5740>) completed
2026-02-10 02:01:29,214 - aiosqlite - DEBUG - executing functools.partial(<built-in method execute of sqlite3.Cursor object at 0x7ff3a993d540>, 'PRAGMA main.table_info("state_regulations")', ())
2026-02-10 02:01:29,216 - aiosqlite - DEBUG - operation functools.partial(<built-in method execute of sqlite3.Cursor object at 0x7ff3a993d540>, 'PRAGMA main.table_info("state_regulations")', ()) completed
2026-02-10 02:01:29,216 - aiosqlite - DEBUG - executing functools.partial(<built-in method fetchall of sqlite3.Cursor object at 0x7ff3a993d540>)
2026-02-10 02:01:29,217 - aiosqlite - DEBUG - operation functools.partial(<built-in method fetchall of sqlite3.Cursor object at 0x7ff3a993d540>) completed
2026-02-10 02:01:29,217 - aiosqlite - DEBUG - executing functools.partial(<built-in method close of sqlite3.Cursor object at 0x7ff3a993d540>)
2026-02-10 02:01:29,217 - aiosqlite - DEBUG - operation functools.partial(<built-in method close of sqlite3.Cursor object at 0x7ff3a993d540>) completed
2026-02-10 02:01:29,217 - aiosqlite - DEBUG - executing functools.partial(<built-in method cursor of sqlite3.Connection object at 0x7ff3a9ed5740>)
2026-02-10 02:01:29,217 - aiosqlite - DEBUG - operation functools.partial(<built-in method cursor of sqlite3.Connection object at 0x7ff3a9ed5740>) completed
2026-02-10 02:01:29,217 - aiosqlite - DEBUG - executing functools.partial(<built-in method execute of sqlite3.Cursor object at 0x7ff3a993d540>, 'PRAGMA main.table_info("payments")', ())
2026-02-10 02:01:29,219 - aiosqlite - DEBUG - operation functools.partial(<built-in method execute of sqlite3.Cursor object at 0x7ff3a993d540>, 'PRAGMA main.table_info("payments")', ()) completed
2026-02-10 02:01:29,219 - aiosqlite - DEBUG - executing functools.partial(<built-in method fetchall of sqlite3.Cursor object at 0x7ff3a993d540>)
2026-02-10 02:01:29,220 - aiosqlite - DEBUG - operation functools.partial(<built-in method fetchall of sqlite3.Cursor object at 0x7ff3a993d540>) completed
2026-02-10 02:01:29,220 - aiosqlite - DEBUG - executing functools.partial(<built-in method close of sqlite3.Cursor object at 0x7ff3a993d540>)
2026-02-10 02:01:29,220 - aiosqlite - DEBUG - operation functools.partial(<built-in method close of sqlite3.Cursor object at 0x7ff3a993d540>) completed
2026-02-10 02:01:29,221 - core.database - INFO - Tables initialized successfully
2026-02-10 02:01:29,222 - core.database - DEBUG - [DB_OP] Create tables completed in 0.0431s
2026-02-10 02:01:29,222 - aiosqlite - DEBUG - executing functools.partial(<built-in method commit of sqlite3.Connection object at 0x7ff3a9ed5740>)
2026-02-10 02:01:29,222 - aiosqlite - DEBUG - operation functools.partial(<built-in method commit of sqlite3.Connection object at 0x7ff3a9ed5740>) completed
2026-02-10 02:01:29,222 - aiosqlite - DEBUG - executing functools.partial(<built-in method rollback of sqlite3.Connection object at 0x7ff3a9ed5740>)
2026-02-10 02:01:29,222 - aiosqlite - DEBUG - operation functools.partial(<built-in method rollback of sqlite3.Connection object at 0x7ff3a9ed5740>) completed
2026-02-10 02:01:29,223 - services.database - INFO - 🔧 Table creation completed
2026-02-10 02:01:29,223 - services.database - INFO - Database initialized successfully
2026-02-10 02:01:29,223 - services.database - DEBUG - [DB_OP] Database initialization completed in 0.3889s
2026-02-10 02:01:29,224 - services.mock_data - INFO - Processing mock data file state_regulations.json for table state_regulations
2026-02-10 02:01:29,225 - aiosqlite - DEBUG - executing functools.partial(<built-in method cursor of sqlite3.Connection object at 0x7ff3a9ed5740>)
2026-02-10 02:01:29,225 - aiosqlite - DEBUG - operation functools.partial(<built-in method cursor of sqlite3.Connection object at 0x7ff3a9ed5740>) completed
2026-02-10 02:01:29,226 - aiosqlite - DEBUG - executing functools.partial(<built-in method execute of sqlite3.Cursor object at 0x7ff3a993d340>, 'SELECT 1', [])
2026-02-10 02:01:29,226 - aiosqlite - DEBUG - operation functools.partial(<built-in method execute of sqlite3.Cursor object at 0x7ff3a993d340>, 'SELECT 1', []) completed
2026-02-10 02:01:29,226 - aiosqlite - DEBUG - executing functools.partial(<built-in method fetchall of sqlite3.Cursor object at 0x7ff3a993d340>)
2026-02-10 02:01:29,226 - aiosqlite - DEBUG - operation functools.partial(<built-in method fetchall of sqlite3.Cursor object at 0x7ff3a993d340>) completed
2026-02-10 02:01:29,227 - aiosqlite - DEBUG - executing functools.partial(<built-in method close of sqlite3.Cursor object at 0x7ff3a993d340>)
2026-02-10 02:01:29,227 - aiosqlite - DEBUG - operation functools.partial(<built-in method close of sqlite3.Cursor object at 0x7ff3a993d340>) completed
2026-02-10 02:01:29,228 - aiosqlite - DEBUG - executing functools.partial(<built-in method cursor of sqlite3.Connection object at 0x7ff3a9ed5740>)
2026-02-10 02:01:29,228 - aiosqlite - DEBUG - operation functools.partial(<built-in method cursor of sqlite3.Connection object at 0x7ff3a9ed5740>) completed
2026-02-10 02:01:29,228 - aiosqlite - DEBUG - executing functools.partial(<built-in method execute of sqlite3.Cursor object at 0x7ff3a993d340>, 'PRAGMA main.table_xinfo("state_regulations")', ())
2026-02-10 02:01:29,231 - aiosqlite - DEBUG - operation functools.partial(<built-in method execute of sqlite3.Cursor object at 0x7ff3a993d340>, 'PRAGMA main.table_xinfo("state_regulations")', ()) completed
2026-02-10 02:01:29,232 - aiosqlite - DEBUG - executing functools.partial(<built-in method fetchall of sqlite3.Cursor object at 0x7ff3a993d340>)
2026-02-10 02:01:29,232 - aiosqlite - DEBUG - operation functools.partial(<built-in method fetchall of sqlite3.Cursor object at 0x7ff3a993d340>) completed
2026-02-10 02:01:29,232 - aiosqlite - DEBUG - executing functools.partial(<built-in method close of sqlite3.Cursor object at 0x7ff3a993d340>)
2026-02-10 02:01:29,232 - aiosqlite - DEBUG - operation functools.partial(<built-in method close of sqlite3.Cursor object at 0x7ff3a993d340>) completed
2026-02-10 02:01:29,234 - aiosqlite - DEBUG - executing functools.partial(<built-in method cursor of sqlite3.Connection object at 0x7ff3a9ed5740>)
2026-02-10 02:01:29,234 - aiosqlite - DEBUG - operation functools.partial(<built-in method cursor of sqlite3.Connection object at 0x7ff3a9ed5740>) completed
2026-02-10 02:01:29,234 - aiosqlite - DEBUG - executing functools.partial(<built-in method execute of sqlite3.Cursor object at 0x7ff3a993d340>, "SELECT sql FROM  (SELECT * FROM sqlite_master UNION ALL   SELECT * FROM sqlite_temp_master) WHERE name = ? AND type in ('table', 'view')", ('state_regulations',))
2026-02-10 02:01:29,236 - aiosqlite - DEBUG - operation functools.partial(<built-in method execute of sqlite3.Cursor object at 0x7ff3a993d340>, "SELECT sql FROM  (SELECT * FROM sqlite_master UNION ALL   SELECT * FROM sqlite_temp_master) WHERE name = ? AND type in ('table', 'view')", ('state_regulations',)) completed
2026-02-10 02:01:29,236 - aiosqlite - DEBUG - executing functools.partial(<built-in method fetchall of sqlite3.Cursor object at 0x7ff3a993d340>)
2026-02-10 02:01:29,237 - aiosqlite - DEBUG - operation functools.partial(<built-in method fetchall of sqlite3.Cursor object at 0x7ff3a993d340>) completed
2026-02-10 02:01:29,237 - aiosqlite - DEBUG - executing functools.partial(<built-in method close of sqlite3.Cursor object at 0x7ff3a993d340>)
2026-02-10 02:01:29,238 - aiosqlite - DEBUG - operation functools.partial(<built-in method close of sqlite3.Cursor object at 0x7ff3a993d340>) completed
2026-02-10 02:01:29,239 - aiosqlite - DEBUG - executing functools.partial(<built-in method cursor of sqlite3.Connection object at 0x7ff3a9ed5740>)
2026-02-10 02:01:29,239 - aiosqlite - DEBUG - operation functools.partial(<built-in method cursor of sqlite3.Connection object at 0x7ff3a9ed5740>) completed
2026-02-10 02:01:29,239 - aiosqlite - DEBUG - executing functools.partial(<built-in method execute of sqlite3.Cursor object at 0x7ff3a993d340>, 'PRAGMA main.foreign_key_list("state_regulations")', ())
2026-02-10 02:01:29,240 - aiosqlite - DEBUG - operation functools.partial(<built-in method execute of sqlite3.Cursor object at 0x7ff3a993d340>, 'PRAGMA main.foreign_key_list("state_regulations")', ()) completed
2026-02-10 02:01:29,240 - aiosqlite - DEBUG - executing functools.partial(<built-in method fetchall of sqlite3.Cursor object at 0x7ff3a993d340>)
2026-02-10 02:01:29,240 - aiosqlite - DEBUG - operation functools.partial(<built-in method fetchall of sqlite3.Cursor object at 0x7ff3a993d340>) completed
2026-02-10 02:01:29,240 - aiosqlite - DEBUG - executing functools.partial(<built-in method close of sqlite3.Cursor object at 0x7ff3a993d340>)
2026-02-10 02:01:29,240 - aiosqlite - DEBUG - operation functools.partial(<built-in method close of sqlite3.Cursor object at 0x7ff3a993d340>) completed
2026-02-10 02:01:29,241 - aiosqlite - DEBUG - executing functools.partial(<built-in method cursor of sqlite3.Connection object at 0x7ff3a9ed5740>)
2026-02-10 02:01:29,241 - aiosqlite - DEBUG - operation functools.partial(<built-in method cursor of sqlite3.Connection object at 0x7ff3a9ed5740>) completed
2026-02-10 02:01:29,241 - aiosqlite - DEBUG - executing functools.partial(<built-in method execute of sqlite3.Cursor object at 0x7ff3a993d340>, 'PRAGMA temp.foreign_key_list("state_regulations")', ())
2026-02-10 02:01:29,241 - aiosqlite - DEBUG - operation functools.partial(<built-in method execute of sqlite3.Cursor object at 0x7ff3a993d340>, 'PRAGMA temp.foreign_key_list("state_regulations")', ()) completed
2026-02-10 02:01:29,241 - aiosqlite - DEBUG - executing functools.partial(<built-in method fetchall of sqlite3.Cursor object at 0x7ff3a993d340>)
2026-02-10 02:01:29,241 - aiosqlite - DEBUG - operation functools.partial(<built-in method fetchall of sqlite3.Cursor object at 0x7ff3a993d340>) completed
2026-02-10 02:01:29,241 - aiosqlite - DEBUG - executing functools.partial(<built-in method close of sqlite3.Cursor object at 0x7ff3a993d340>)
2026-02-10 02:01:29,242 - aiosqlite - DEBUG - operation functools.partial(<built-in method close of sqlite3.Cursor object at 0x7ff3a993d340>) completed
2026-02-10 02:01:29,242 - aiosqlite - DEBUG - executing functools.partial(<built-in method cursor of sqlite3.Connection object at 0x7ff3a9ed5740>)
2026-02-10 02:01:29,242 - aiosqlite - DEBUG - operation functools.partial(<built-in method cursor of sqlite3.Connection object at 0x7ff3a9ed5740>) completed
2026-02-10 02:01:29,242 - aiosqlite - DEBUG - executing functools.partial(<built-in method execute of sqlite3.Cursor object at 0x7ff3a993d340>, "SELECT sql FROM  (SELECT * FROM sqlite_master UNION ALL   SELECT * FROM sqlite_temp_master) WHERE name = ? AND type in ('table', 'view')", ('state_regulations',))
2026-02-10 02:01:29,245 - aiosqlite - DEBUG - operation functools.partial(<built-in method execute of sqlite3.Cursor object at 0x7ff3a993d340>, "SELECT sql FROM  (SELECT * FROM sqlite_master UNION ALL   SELECT * FROM sqlite_temp_master) WHERE name = ? AND type in ('table', 'view')", ('state_regulations',)) completed
2026-02-10 02:01:29,245 - aiosqlite - DEBUG - executing functools.partial(<built-in method fetchall of sqlite3.Cursor object at 0x7ff3a993d340>)
2026-02-10 02:01:29,247 - aiosqlite - DEBUG - operation functools.partial(<built-in method fetchall of sqlite3.Cursor object at 0x7ff3a993d340>) completed
2026-02-10 02:01:29,247 - aiosqlite - DEBUG - executing functools.partial(<built-in method close of sqlite3.Cursor object at 0x7ff3a993d340>)
2026-02-10 02:01:29,247 - aiosqlite - DEBUG - operation functools.partial(<built-in method close of sqlite3.Cursor object at 0x7ff3a993d340>) completed
2026-02-10 02:01:29,250 - aiosqlite - DEBUG - executing functools.partial(<built-in method cursor of sqlite3.Connection object at 0x7ff3a9ed5740>)
2026-02-10 02:01:29,250 - aiosqlite - DEBUG - operation functools.partial(<built-in method cursor of sqlite3.Connection object at 0x7ff3a9ed5740>) completed
2026-02-10 02:01:29,250 - aiosqlite - DEBUG - executing functools.partial(<built-in method execute of sqlite3.Cursor object at 0x7ff3a993d340>, 'PRAGMA main.index_list("state_regulations")', ())
2026-02-10 02:01:29,253 - aiosqlite - DEBUG - operation functools.partial(<built-in method execute of sqlite3.Cursor object at 0x7ff3a993d340>, 'PRAGMA main.index_list("state_regulations")', ()) completed
2026-02-10 02:01:29,254 - aiosqlite - DEBUG - executing functools.partial(<built-in method fetchall of sqlite3.Cursor object at 0x7ff3a993d340>)
2026-02-10 02:01:29,255 - aiosqlite - DEBUG - operation functools.partial(<built-in method fetchall of sqlite3.Cursor object at 0x7ff3a993d340>) completed
2026-02-10 02:01:29,255 - aiosqlite - DEBUG - executing functools.partial(<built-in method close of sqlite3.Cursor object at 0x7ff3a993d340>)
2026-02-10 02:01:29,255 - aiosqlite - DEBUG - operation functools.partial(<built-in method close of sqlite3.Cursor object at 0x7ff3a993d340>) completed
2026-02-10 02:01:29,256 - aiosqlite - DEBUG - executing functools.partial(<built-in method cursor of sqlite3.Connection object at 0x7ff3a9ed5740>)
2026-02-10 02:01:29,256 - aiosqlite - DEBUG - operation functools.partial(<built-in method cursor of sqlite3.Connection object at 0x7ff3a9ed5740>) completed
2026-02-10 02:01:29,256 - aiosqlite - DEBUG - executing functools.partial(<built-in method execute of sqlite3.Cursor object at 0x7ff3a993d340>, 'PRAGMA main.index_info("ix_state_regulations_id")', ())
2026-02-10 02:01:29,258 - aiosqlite - DEBUG - operation functools.partial(<built-in method execute of sqlite3.Cursor object at 0x7ff3a993d340>, 'PRAGMA main.index_info("ix_state_regulations_id")', ()) completed
2026-02-10 02:01:29,258 - aiosqlite - DEBUG - executing functools.partial(<built-in method fetchall of sqlite3.Cursor object at 0x7ff3a993d340>)
2026-02-10 02:01:29,259 - aiosqlite - DEBUG - operation functools.partial(<built-in method fetchall of sqlite3.Cursor object at 0x7ff3a993d340>) completed
2026-02-10 02:01:29,259 - aiosqlite - DEBUG - executing functools.partial(<built-in method close of sqlite3.Cursor object at 0x7ff3a993d340>)
2026-02-10 02:01:29,259 - aiosqlite - DEBUG - operation functools.partial(<built-in method close of sqlite3.Cursor object at 0x7ff3a993d340>) completed
2026-02-10 02:01:29,260 - aiosqlite - DEBUG - executing functools.partial(<built-in method cursor of sqlite3.Connection object at 0x7ff3a9ed5740>)
2026-02-10 02:01:29,260 - aiosqlite - DEBUG - operation functools.partial(<built-in method cursor of sqlite3.Connection object at 0x7ff3a9ed5740>) completed
2026-02-10 02:01:29,260 - aiosqlite - DEBUG - executing functools.partial(<built-in method execute of sqlite3.Cursor object at 0x7ff3a993d340>, 'PRAGMA main.index_list("state_regulations")', ())
2026-02-10 02:01:29,261 - aiosqlite - DEBUG - operation functools.partial(<built-in method execute of sqlite3.Cursor object at 0x7ff3a993d340>, 'PRAGMA main.index_list("state_regulations")', ()) completed
2026-02-10 02:01:29,262 - aiosqlite - DEBUG - executing functools.partial(<built-in method fetchall of sqlite3.Cursor object at 0x7ff3a993d340>)
2026-02-10 02:01:29,263 - aiosqlite - DEBUG - operation functools.partial(<built-in method fetchall of sqlite3.Cursor object at 0x7ff3a993d340>) completed
2026-02-10 02:01:29,263 - aiosqlite - DEBUG - executing functools.partial(<built-in method close of sqlite3.Cursor object at 0x7ff3a993d340>)
2026-02-10 02:01:29,263 - aiosqlite - DEBUG - operation functools.partial(<built-in method close of sqlite3.Cursor object at 0x7ff3a993d340>) completed
2026-02-10 02:01:29,263 - aiosqlite - DEBUG - executing functools.partial(<built-in method cursor of sqlite3.Connection object at 0x7ff3a9ed5740>)
2026-02-10 02:01:29,264 - aiosqlite - DEBUG - operation functools.partial(<built-in method cursor of sqlite3.Connection object at 0x7ff3a9ed5740>) completed
2026-02-10 02:01:29,264 - aiosqlite - DEBUG - executing functools.partial(<built-in method execute of sqlite3.Cursor object at 0x7ff3a993d340>, 'PRAGMA main.index_info("ix_state_regulations_id")', ())
2026-02-10 02:01:29,266 - aiosqlite - DEBUG - operation functools.partial(<built-in method execute of sqlite3.Cursor object at 0x7ff3a993d340>, 'PRAGMA main.index_info("ix_state_regulations_id")', ()) completed
2026-02-10 02:01:29,266 - aiosqlite - DEBUG - executing functools.partial(<built-in method fetchall of sqlite3.Cursor object at 0x7ff3a993d340>)
2026-02-10 02:01:29,267 - aiosqlite - DEBUG - operation functools.partial(<built-in method fetchall of sqlite3.Cursor object at 0x7ff3a993d340>) completed
2026-02-10 02:01:29,267 - aiosqlite - DEBUG - executing functools.partial(<built-in method close of sqlite3.Cursor object at 0x7ff3a993d340>)
2026-02-10 02:01:29,267 - aiosqlite - DEBUG - operation functools.partial(<built-in method close of sqlite3.Cursor object at 0x7ff3a993d340>) completed
2026-02-10 02:01:29,267 - aiosqlite - DEBUG - executing functools.partial(<built-in method cursor of sqlite3.Connection object at 0x7ff3a9ed5740>)
2026-02-10 02:01:29,268 - aiosqlite - DEBUG - operation functools.partial(<built-in method cursor of sqlite3.Connection object at 0x7ff3a9ed5740>) completed
2026-02-10 02:01:29,268 - aiosqlite - DEBUG - executing functools.partial(<built-in method execute of sqlite3.Cursor object at 0x7ff3a993d340>, "SELECT sql FROM  (SELECT * FROM sqlite_master UNION ALL   SELECT * FROM sqlite_temp_master) WHERE name = ? AND type in ('table', 'view')", ('state_regulations',))
2026-02-10 02:01:29,270 - aiosqlite - DEBUG - operation functools.partial(<built-in method execute of sqlite3.Cursor object at 0x7ff3a993d340>, "SELECT sql FROM  (SELECT * FROM sqlite_master UNION ALL   SELECT * FROM sqlite_temp_master) WHERE name = ? AND type in ('table', 'view')", ('state_regulations',)) completed
2026-02-10 02:01:29,270 - aiosqlite - DEBUG - executing functools.partial(<built-in method fetchall of sqlite3.Cursor object at 0x7ff3a993d340>)
2026-02-10 02:01:29,270 - aiosqlite - DEBUG - operation functools.partial(<built-in method fetchall of sqlite3.Cursor object at 0x7ff3a993d340>) completed
2026-02-10 02:01:29,271 - aiosqlite - DEBUG - executing functools.partial(<built-in method close of sqlite3.Cursor object at 0x7ff3a993d340>)
2026-02-10 02:01:29,271 - aiosqlite - DEBUG - operation functools.partial(<built-in method close of sqlite3.Cursor object at 0x7ff3a993d340>) completed
2026-02-10 02:01:29,276 - aiosqlite - DEBUG - executing functools.partial(<built-in method cursor of sqlite3.Connection object at 0x7ff3a9ed5740>)
2026-02-10 02:01:29,276 - aiosqlite - DEBUG - operation functools.partial(<built-in method cursor of sqlite3.Connection object at 0x7ff3a9ed5740>) completed
2026-02-10 02:01:29,276 - aiosqlite - DEBUG - executing functools.partial(<built-in method execute of sqlite3.Cursor object at 0x7ff3a993d340>, 'SELECT count(*) AS count_1 \nFROM state_regulations', ())
2026-02-10 02:01:29,280 - aiosqlite - DEBUG - operation functools.partial(<built-in method execute of sqlite3.Cursor object at 0x7ff3a993d340>, 'SELECT count(*) AS count_1 \nFROM state_regulations', ()) completed
2026-02-10 02:01:29,280 - aiosqlite - DEBUG - executing functools.partial(<built-in method fetchall of sqlite3.Cursor object at 0x7ff3a993d340>)
2026-02-10 02:01:29,281 - aiosqlite - DEBUG - operation functools.partial(<built-in method fetchall of sqlite3.Cursor object at 0x7ff3a993d340>) completed
2026-02-10 02:01:29,281 - aiosqlite - DEBUG - executing functools.partial(<built-in method close of sqlite3.Cursor object at 0x7ff3a993d340>)
2026-02-10 02:01:29,281 - aiosqlite - DEBUG - operation functools.partial(<built-in method close of sqlite3.Cursor object at 0x7ff3a993d340>) completed
2026-02-10 02:01:29,282 - services.mock_data - INFO - Table state_regulations already has 50 rows; skipping mock insert
2026-02-10 02:01:29,282 - aiosqlite - DEBUG - executing functools.partial(<built-in method commit of sqlite3.Connection object at 0x7ff3a9ed5740>)
2026-02-10 02:01:29,283 - aiosqlite - DEBUG - operation functools.partial(<built-in method commit of sqlite3.Connection object at 0x7ff3a9ed5740>) completed
2026-02-10 02:01:29,283 - aiosqlite - DEBUG - executing functools.partial(<built-in method rollback of sqlite3.Connection object at 0x7ff3a9ed5740>)
2026-02-10 02:01:29,284 - aiosqlite - DEBUG - operation functools.partial(<built-in method rollback of sqlite3.Connection object at 0x7ff3a9ed5740>) completed
2026-02-10 02:01:29,284 - services.database - DEBUG - [DB_OP] Starting database initialization
2026-02-10 02:01:29,284 - services.database - INFO - 🔧 Starting database initialization...
2026-02-10 02:01:29,284 - core.database - INFO - Starting database initialization...
2026-02-10 02:01:29,284 - core.database - INFO - Database already initialized
2026-02-10 02:01:29,285 - services.database - INFO - 🔧 Database connection initialized, now creating tables if tables not exist...
2026-02-10 02:01:29,285 - core.database - DEBUG - [DB_OP] Starting create_tables
2026-02-10 02:01:29,285 - core.database - INFO - Tables already initialized
2026-02-10 02:01:29,285 - services.database - INFO - 🔧 Table creation completed
2026-02-10 02:01:29,285 - services.database - INFO - Database initialized successfully
2026-02-10 02:01:29,285 - services.database - DEBUG - [DB_OP] Database initialization completed in 0.0011s
2026-02-10 02:01:29,285 - services.auth - WARNING - Admin user ID or email not configured, skipping admin initialization
2026-02-10 02:01:29,285 - main - INFO - === Application startup completed successfully ===
2026-02-10 02:01:40,516 - services.database - DEBUG - [DB_OP] Starting database close
2026-02-10 02:01:40,517 - aiosqlite - DEBUG - executing functools.partial(<built-in method close of sqlite3.Connection object at 0x7ff3a9ed5740>)
2026-02-10 02:01:40,518 - aiosqlite - DEBUG - operation functools.partial(<built-in method close of sqlite3.Connection object at 0x7ff3a9ed5740>) completed
2026-02-10 02:01:40,519 - aiosqlite - DEBUG - executing <function Connection.stop.<locals>.close_and_stop at 0x7ff3a998d990>
2026-02-10 02:01:40,519 - aiosqlite - DEBUG - operation <function Connection.stop.<locals>.close_and_stop at 0x7ff3a998d990> completed
2026-02-10 02:01:40,519 - core.database - INFO - Database connection closed and engine disposed
2026-02-10 02:01:40,520 - services.database - INFO - Database connections closed
2026-02-10 02:01:40,520 - services.database - DEBUG - [DB_OP] Database close completed in 0.0039s
