2026-02-10 00:38:16,720 - main - INFO - === Logging system initialized ===
2026-02-10 00:38:16,721 - main - INFO - Log file: logs/app_20260210_003816.log
2026-02-10 00:38:16,721 - main - INFO - Log level: INFO
2026-02-10 00:38:16,721 - main - INFO - Timestamp: 20260210_003816
2026-02-10 00:38:17,718 - main - INFO - Included router: routers.aihub.router
2026-02-10 00:38:17,794 - main - INFO - Included router: routers.auth.router
2026-02-10 00:38:17,847 - main - INFO - Included router: routers.documents.router
2026-02-10 00:38:17,987 - main - INFO - Included router: routers.extractions.router
2026-02-10 00:38:17,996 - main - INFO - Included router: routers.google_auth.router
2026-02-10 00:38:17,998 - main - INFO - Included router: routers.health.router
2026-02-10 00:38:18,335 - main - INFO - Included router: routers.lease_analysis.router
2026-02-10 00:38:18,379 - main - INFO - Included router: routers.payments.router
2026-02-10 00:38:18,398 - main - INFO - Included router: routers.settings.router
2026-02-10 00:38:18,440 - main - INFO - Included router: routers.state_regulations.router
2026-02-10 00:38:18,463 - main - INFO - Included router: routers.storage.router
2026-02-10 00:38:18,485 - core.config - DEBUG - Read dynamic attribute stripe_secret_key from environment variable STRIPE_SECRET_KEY
2026-02-10 00:38:18,493 - main - INFO - Included router: routers.stripe_payments.router
2026-02-10 00:38:18,500 - main - INFO - Included router: routers.user.router
2026-02-10 00:38:18,633 - main - INFO - Included router: routers.user_credits.router
2026-02-10 00:38:18,634 - main - INFO - === Application startup initiated ===
2026-02-10 00:38:18,634 - services.database - DEBUG - [DB_OP] Starting database initialization
2026-02-10 00:38:18,634 - services.database - INFO - 🔧 Starting database initialization...
2026-02-10 00:38:18,635 - core.database - INFO - Starting database initialization...
2026-02-10 00:38:18,635 - core.database - INFO - Normalizing database URL for async compatibility...
2026-02-10 00:38:18,635 - core.database - INFO - Creating async database engine...
2026-02-10 00:38:18,636 - core.database - INFO - Using QueuePool with connection pooling for non-Lambda environment
2026-02-10 00:38:18,713 - core.database - INFO - Database engine created successfully
2026-02-10 00:38:18,713 - core.database - INFO - Creating async session maker...
2026-02-10 00:38:18,714 - core.database - INFO - Async session maker created successfully
2026-02-10 00:38:18,714 - core.database - INFO - Database connection initialized successfully
2026-02-10 00:38:18,714 - services.database - INFO - 🔧 Database connection initialized, now creating tables if tables not exist...
2026-02-10 00:38:18,714 - core.database - DEBUG - [DB_OP] Starting create_tables
2026-02-10 00:38:18,714 - core.database - INFO - 🔧 Starting table creation...
2026-02-10 00:38:20,640 - core.database - INFO - Tables initialized successfully
2026-02-10 00:38:20,641 - core.database - DEBUG - [DB_OP] Create tables completed in 1.9270s
2026-02-10 00:38:20,701 - services.database - INFO - 🔧 Table creation completed
2026-02-10 00:38:20,702 - services.database - INFO - 🔧 Checking and repairing existing tables...
2026-02-10 00:38:21,173 - services.database - INFO - Existing columns in extractions table: ['monthly_rent', 'renewal_notice_days', 'created_at', 'security_deposit', 'document_id', 'id', 'lease_end_date', 'pet_policy', 'late_fee_terms', 'risk_flags', 'raw_extraction', 'compliance_data', 'source_map', 'pages_meta', 'user_id', 'tenant_name', 'landlord_name', 'property_address', 'lease_start_date']
2026-02-10 00:38:21,234 - services.database - INFO - 🔧 Table repair completed
2026-02-10 00:38:21,234 - services.database - INFO - Database initialized successfully
2026-02-10 00:38:21,234 - services.database - DEBUG - [DB_OP] Database initialization completed in 2.6001s
2026-02-10 00:38:21,236 - services.mock_data - INFO - Processing mock data file state_regulations.json for table state_regulations
2026-02-10 00:38:23,235 - services.mock_data - INFO - Table state_regulations already has 50 rows; skipping mock insert
2026-02-10 00:38:23,297 - services.database - DEBUG - [DB_OP] Starting database initialization
2026-02-10 00:38:23,297 - services.database - INFO - 🔧 Starting database initialization...
2026-02-10 00:38:23,297 - core.database - INFO - Starting database initialization...
2026-02-10 00:38:23,297 - core.database - INFO - Database already initialized
2026-02-10 00:38:23,297 - services.database - INFO - 🔧 Database connection initialized, now creating tables if tables not exist...
2026-02-10 00:38:23,298 - core.database - DEBUG - [DB_OP] Starting create_tables
2026-02-10 00:38:23,298 - core.database - INFO - Tables already initialized
2026-02-10 00:38:23,298 - services.database - INFO - 🔧 Table creation completed
2026-02-10 00:38:23,298 - services.database - INFO - 🔧 Checking and repairing existing tables...
2026-02-10 00:38:23,663 - services.database - INFO - Existing columns in extractions table: ['monthly_rent', 'renewal_notice_days', 'created_at', 'security_deposit', 'document_id', 'id', 'lease_end_date', 'pet_policy', 'late_fee_terms', 'risk_flags', 'raw_extraction', 'compliance_data', 'source_map', 'pages_meta', 'user_id', 'tenant_name', 'landlord_name', 'property_address', 'lease_start_date']
2026-02-10 00:38:23,724 - services.database - INFO - 🔧 Table repair completed
2026-02-10 00:38:23,724 - services.database - INFO - Database initialized successfully
2026-02-10 00:38:23,724 - services.database - DEBUG - [DB_OP] Database initialization completed in 0.4274s
2026-02-10 00:38:23,724 - core.config - DEBUG - Read dynamic attribute admin_user_id from environment variable ADMIN_USER_ID
2026-02-10 00:38:23,724 - core.config - DEBUG - Read dynamic attribute admin_user_email from environment variable ADMIN_USER_EMAIL
2026-02-10 00:38:24,098 - services.auth - DEBUG - Admin user 956410 already exists
2026-02-10 00:38:24,159 - main - INFO - === Application startup completed successfully ===
2026-02-10 00:38:24,661 - services.database - DEBUG - [DB_OP] Starting database close
2026-02-10 00:38:24,726 - core.database - INFO - Database connection closed and engine disposed
2026-02-10 00:38:24,726 - services.database - INFO - Database connections closed
2026-02-10 00:38:24,727 - services.database - DEBUG - [DB_OP] Database close completed in 0.0656s
