2026-02-09 01:17:47,458 - main - INFO - === Logging system initialized ===
2026-02-09 01:17:47,459 - main - INFO - Log file: logs/app_20260209_011747.log
2026-02-09 01:17:47,459 - main - INFO - Log level: INFO
2026-02-09 01:17:47,459 - main - INFO - Timestamp: 20260209_011747
2026-02-09 01:17:56,104 - main - INFO - Included router: routers.aihub.router
2026-02-09 01:17:56,246 - main - INFO - Included router: routers.auth.router
2026-02-09 01:17:56,384 - main - INFO - Included router: routers.documents.router
2026-02-09 01:17:56,566 - main - INFO - Included router: routers.extractions.router
2026-02-09 01:17:56,588 - main - INFO - Included router: routers.google_auth.router
2026-02-09 01:17:56,606 - main - INFO - Included router: routers.health.router
2026-02-09 01:17:58,169 - main - INFO - Included router: routers.lease_analysis.router
2026-02-09 01:17:58,284 - main - INFO - Included router: routers.payments.router
2026-02-09 01:17:58,341 - main - INFO - Included router: routers.settings.router
2026-02-09 01:17:58,445 - main - INFO - Included router: routers.state_regulations.router
2026-02-09 01:17:58,490 - main - INFO - Included router: routers.storage.router
2026-02-09 01:17:58,909 - core.config - DEBUG - Read dynamic attribute stripe_secret_key from environment variable STRIPE_SECRET_KEY
2026-02-09 01:17:58,922 - main - INFO - Included router: routers.stripe_payments.router
2026-02-09 01:17:58,967 - main - INFO - Included router: routers.user.router
2026-02-09 01:17:59,146 - main - INFO - Included router: routers.user_credits.router
2026-02-09 01:17:59,147 - main - INFO - === Application startup initiated ===
2026-02-09 01:17:59,148 - services.database - DEBUG - [DB_OP] Starting database initialization
2026-02-09 01:17:59,148 - services.database - INFO - 🔧 Starting database initialization...
2026-02-09 01:17:59,148 - core.database - INFO - Starting database initialization...
2026-02-09 01:17:59,148 - core.config - DEBUG - Read dynamic attribute database_url from environment variable DATABASE_URL
2026-02-09 01:17:59,148 - core.database - INFO - Normalizing database URL for async compatibility...
2026-02-09 01:17:59,149 - core.database - INFO - Creating async database engine...
2026-02-09 01:17:59,149 - core.database - INFO - Using QueuePool with connection pooling for non-Lambda environment
2026-02-09 01:17:59,577 - core.database - INFO - Database engine created successfully
2026-02-09 01:17:59,578 - core.database - INFO - Creating async session maker...
2026-02-09 01:17:59,578 - core.database - INFO - Async session maker created successfully
2026-02-09 01:17:59,578 - core.database - INFO - Database connection initialized successfully
2026-02-09 01:17:59,578 - services.database - INFO - 🔧 Database connection initialized, now creating tables if tables not exist...
2026-02-09 01:17:59,578 - core.database - DEBUG - [DB_OP] Starting create_tables
2026-02-09 01:17:59,579 - core.database - INFO - 🔧 Starting table creation...
2026-02-09 01:18:01,473 - core.database - INFO - Tables initialized successfully
2026-02-09 01:18:01,474 - core.database - DEBUG - [DB_OP] Create tables completed in 1.8954s
2026-02-09 01:18:01,533 - services.database - INFO - 🔧 Table creation completed
2026-02-09 01:18:01,534 - services.database - INFO - 🔧 Checking and repairing existing tables...
2026-02-09 01:18:01,987 - services.database - INFO - Existing columns in extractions table: ['monthly_rent', 'renewal_notice_days', 'created_at', 'security_deposit', 'document_id', 'id', 'lease_end_date', 'pet_policy', 'late_fee_terms', 'risk_flags', 'raw_extraction', 'compliance_data', 'source_map', 'pages_meta', 'user_id', 'tenant_name', 'landlord_name', 'property_address', 'lease_start_date']
2026-02-09 01:18:02,046 - services.database - INFO - 🔧 Table repair completed
2026-02-09 01:18:02,047 - services.database - INFO - Database initialized successfully
2026-02-09 01:18:02,047 - services.database - DEBUG - [DB_OP] Database initialization completed in 2.8991s
2026-02-09 01:18:02,049 - services.mock_data - INFO - Processing mock data file state_regulations.json for table state_regulations
2026-02-09 01:18:03,983 - services.mock_data - INFO - Table state_regulations already has 50 rows; skipping mock insert
2026-02-09 01:18:04,043 - services.database - DEBUG - [DB_OP] Starting database initialization
2026-02-09 01:18:04,043 - services.database - INFO - 🔧 Starting database initialization...
2026-02-09 01:18:04,044 - core.database - INFO - Starting database initialization...
2026-02-09 01:18:04,044 - core.database - INFO - Database already initialized
2026-02-09 01:18:04,044 - services.database - INFO - 🔧 Database connection initialized, now creating tables if tables not exist...
2026-02-09 01:18:04,044 - core.database - DEBUG - [DB_OP] Starting create_tables
2026-02-09 01:18:04,044 - core.database - INFO - Tables already initialized
2026-02-09 01:18:04,044 - services.database - INFO - 🔧 Table creation completed
2026-02-09 01:18:04,044 - services.database - INFO - 🔧 Checking and repairing existing tables...
2026-02-09 01:18:04,395 - services.database - INFO - Existing columns in extractions table: ['monthly_rent', 'renewal_notice_days', 'created_at', 'security_deposit', 'document_id', 'id', 'lease_end_date', 'pet_policy', 'late_fee_terms', 'risk_flags', 'raw_extraction', 'compliance_data', 'source_map', 'pages_meta', 'user_id', 'tenant_name', 'landlord_name', 'property_address', 'lease_start_date']
2026-02-09 01:18:04,454 - services.database - INFO - 🔧 Table repair completed
2026-02-09 01:18:04,455 - services.database - INFO - Database initialized successfully
2026-02-09 01:18:04,455 - services.database - DEBUG - [DB_OP] Database initialization completed in 0.4121s
2026-02-09 01:18:04,455 - core.config - DEBUG - Read dynamic attribute admin_user_id from environment variable ADMIN_USER_ID
2026-02-09 01:18:04,455 - core.config - DEBUG - Read dynamic attribute admin_user_email from environment variable ADMIN_USER_EMAIL
2026-02-09 01:18:04,819 - services.auth - DEBUG - Admin user 956410 already exists
2026-02-09 01:18:04,878 - main - INFO - === Application startup completed successfully ===
2026-02-09 01:19:06,668 - services.database - DEBUG - [DB_OP] Starting database close
2026-02-09 01:19:06,670 - core.database - INFO - Database connection closed and engine disposed
2026-02-09 01:19:06,670 - services.database - INFO - Database connections closed
2026-02-09 01:19:06,670 - services.database - DEBUG - [DB_OP] Database close completed in 0.0015s
