2026-02-09 00:07:28,707 - main - INFO - === Logging system initialized ===
2026-02-09 00:07:28,708 - main - INFO - Log file: logs/app_20260209_000728.log
2026-02-09 00:07:28,708 - main - INFO - Log level: INFO
2026-02-09 00:07:28,708 - main - INFO - Timestamp: 20260209_000728
2026-02-09 00:07:29,153 - main - INFO - Included router: routers.aihub.router
2026-02-09 00:07:29,168 - main - INFO - Included router: routers.auth.router
2026-02-09 00:07:29,211 - main - INFO - Included router: routers.documents.router
2026-02-09 00:07:29,274 - main - INFO - Included router: routers.extractions.router
2026-02-09 00:07:29,280 - main - INFO - Included router: routers.google_auth.router
2026-02-09 00:07:29,281 - main - INFO - Included router: routers.health.router
2026-02-09 00:07:29,507 - main - INFO - Included router: routers.lease_analysis.router
2026-02-09 00:07:29,552 - main - INFO - Included router: routers.payments.router
2026-02-09 00:07:29,572 - main - INFO - Included router: routers.settings.router
2026-02-09 00:07:29,612 - main - INFO - Included router: routers.state_regulations.router
2026-02-09 00:07:29,634 - main - INFO - Included router: routers.storage.router
2026-02-09 00:07:29,651 - core.config - DEBUG - Read dynamic attribute stripe_secret_key from environment variable STRIPE_SECRET_KEY
2026-02-09 00:07:29,659 - main - INFO - Included router: routers.stripe_payments.router
2026-02-09 00:07:29,665 - main - INFO - Included router: routers.user.router
2026-02-09 00:07:29,829 - main - INFO - Included router: routers.user_credits.router
2026-02-09 00:07:29,831 - main - INFO - === Application startup initiated ===
2026-02-09 00:07:29,831 - services.database - DEBUG - [DB_OP] Starting database initialization
2026-02-09 00:07:29,831 - services.database - INFO - 🔧 Starting database initialization...
2026-02-09 00:07:29,831 - core.database - INFO - Starting database initialization...
2026-02-09 00:07:29,832 - core.config - DEBUG - Read dynamic attribute database_url from environment variable DATABASE_URL
2026-02-09 00:07:29,832 - core.database - INFO - Normalizing database URL for async compatibility...
2026-02-09 00:07:29,832 - core.database - INFO - Creating async database engine...
2026-02-09 00:07:29,833 - core.database - INFO - Using QueuePool with connection pooling for non-Lambda environment
2026-02-09 00:07:29,947 - core.database - INFO - Database engine created successfully
2026-02-09 00:07:29,947 - core.database - INFO - Creating async session maker...
2026-02-09 00:07:29,947 - core.database - INFO - Async session maker created successfully
2026-02-09 00:07:29,947 - core.database - INFO - Database connection initialized successfully
2026-02-09 00:07:29,947 - services.database - INFO - 🔧 Database connection initialized, now creating tables if tables not exist...
2026-02-09 00:07:29,947 - core.database - DEBUG - [DB_OP] Starting create_tables
2026-02-09 00:07:29,947 - core.database - INFO - 🔧 Starting table creation...
2026-02-09 00:07:33,536 - core.database - INFO - Tables initialized successfully
2026-02-09 00:07:33,537 - core.database - DEBUG - [DB_OP] Create tables completed in 3.5898s
2026-02-09 00:07:33,598 - services.database - INFO - 🔧 Table creation completed
2026-02-09 00:07:33,599 - services.database - INFO - 🔧 Checking and repairing existing tables...
2026-02-09 00:07:34,052 - services.database - INFO - Existing columns in extractions table: ['security_deposit', 'document_id', 'monthly_rent', 'renewal_notice_days', 'created_at', 'id', 'lease_end_date', 'pet_policy', 'late_fee_terms', 'risk_flags', 'raw_extraction', 'compliance_data', 'user_id', 'tenant_name', 'landlord_name', 'property_address', 'lease_start_date']
2026-02-09 00:07:34,052 - services.database - INFO - Adding source_map column to extractions table...
2026-02-09 00:07:34,178 - services.database - INFO - source_map column added successfully
2026-02-09 00:07:34,178 - services.database - INFO - Adding pages_meta column to extractions table...
2026-02-09 00:07:34,301 - services.database - INFO - pages_meta column added successfully
2026-02-09 00:07:34,363 - services.database - INFO - 🔧 Table repair completed
2026-02-09 00:07:34,363 - services.database - INFO - Database initialized successfully
2026-02-09 00:07:34,363 - services.database - DEBUG - [DB_OP] Database initialization completed in 4.5325s
2026-02-09 00:07:34,365 - services.mock_data - INFO - Processing mock data file state_regulations.json for table state_regulations
2026-02-09 00:07:36,317 - services.mock_data - INFO - Table state_regulations already has 50 rows; skipping mock insert
2026-02-09 00:07:36,380 - services.database - DEBUG - [DB_OP] Starting database initialization
2026-02-09 00:07:36,380 - services.database - INFO - 🔧 Starting database initialization...
2026-02-09 00:07:36,380 - core.database - INFO - Starting database initialization...
2026-02-09 00:07:36,381 - core.database - INFO - Database already initialized
2026-02-09 00:07:36,381 - services.database - INFO - 🔧 Database connection initialized, now creating tables if tables not exist...
2026-02-09 00:07:36,381 - core.database - DEBUG - [DB_OP] Starting create_tables
2026-02-09 00:07:36,381 - core.database - INFO - Tables already initialized
2026-02-09 00:07:36,382 - services.database - INFO - 🔧 Table creation completed
2026-02-09 00:07:36,382 - services.database - INFO - 🔧 Checking and repairing existing tables...
2026-02-09 00:07:36,751 - services.database - INFO - Existing columns in extractions table: ['monthly_rent', 'renewal_notice_days', 'created_at', 'security_deposit', 'document_id', 'id', 'lease_end_date', 'pet_policy', 'late_fee_terms', 'risk_flags', 'raw_extraction', 'compliance_data', 'source_map', 'pages_meta', 'user_id', 'tenant_name', 'landlord_name', 'property_address', 'lease_start_date']
2026-02-09 00:07:36,812 - services.database - INFO - 🔧 Table repair completed
2026-02-09 00:07:36,813 - services.database - INFO - Database initialized successfully
2026-02-09 00:07:36,813 - services.database - DEBUG - [DB_OP] Database initialization completed in 0.4331s
2026-02-09 00:07:36,813 - core.config - DEBUG - Read dynamic attribute admin_user_id from environment variable ADMIN_USER_ID
2026-02-09 00:07:36,813 - core.config - DEBUG - Read dynamic attribute admin_user_email from environment variable ADMIN_USER_EMAIL
2026-02-09 00:07:37,192 - services.auth - DEBUG - Admin user 956410 already exists
2026-02-09 00:07:37,254 - main - INFO - === Application startup completed successfully ===
2026-02-09 00:09:11,247 - services.database - DEBUG - [DB_OP] Starting database close
2026-02-09 00:09:11,313 - core.database - INFO - Database connection closed and engine disposed
2026-02-09 00:09:11,313 - services.database - INFO - Database connections closed
2026-02-09 00:09:11,313 - services.database - DEBUG - [DB_OP] Database close completed in 0.0660s
