2026-02-09 01:19:19,958 - main - INFO - === Logging system initialized ===
2026-02-09 01:19:19,960 - main - INFO - Log file: logs/app_20260209_011919.log
2026-02-09 01:19:19,961 - main - INFO - Log level: INFO
2026-02-09 01:19:19,961 - main - INFO - Timestamp: 20260209_011919
2026-02-09 01:19:20,672 - main - INFO - Included router: routers.aihub.router
2026-02-09 01:19:20,695 - main - INFO - Included router: routers.auth.router
2026-02-09 01:19:20,749 - main - INFO - Included router: routers.documents.router
2026-02-09 01:19:20,839 - main - INFO - Included router: routers.extractions.router
2026-02-09 01:19:20,846 - main - INFO - Included router: routers.google_auth.router
2026-02-09 01:19:20,849 - main - INFO - Included router: routers.health.router
2026-02-09 01:19:21,113 - main - INFO - Included router: routers.lease_analysis.router
2026-02-09 01:19:21,170 - main - INFO - Included router: routers.payments.router
2026-02-09 01:19:21,194 - main - INFO - Included router: routers.settings.router
2026-02-09 01:19:21,255 - main - INFO - Included router: routers.state_regulations.router
2026-02-09 01:19:21,283 - main - INFO - Included router: routers.storage.router
2026-02-09 01:19:21,315 - core.config - DEBUG - Read dynamic attribute stripe_secret_key from environment variable STRIPE_SECRET_KEY
2026-02-09 01:19:21,326 - main - INFO - Included router: routers.stripe_payments.router
2026-02-09 01:19:21,341 - main - INFO - Included router: routers.user.router
2026-02-09 01:19:21,520 - main - INFO - Included router: routers.user_credits.router
2026-02-09 01:19:21,522 - main - INFO - === Application startup initiated ===
2026-02-09 01:19:21,522 - services.database - DEBUG - [DB_OP] Starting database initialization
2026-02-09 01:19:21,522 - services.database - INFO - 🔧 Starting database initialization...
2026-02-09 01:19:21,522 - core.database - INFO - Starting database initialization...
2026-02-09 01:19:21,522 - core.config - DEBUG - Read dynamic attribute database_url from environment variable DATABASE_URL
2026-02-09 01:19:21,523 - core.database - INFO - Normalizing database URL for async compatibility...
2026-02-09 01:19:21,524 - core.database - INFO - Creating async database engine...
2026-02-09 01:19:21,524 - core.database - INFO - Using QueuePool with connection pooling for non-Lambda environment
2026-02-09 01:19:21,601 - core.database - INFO - Database engine created successfully
2026-02-09 01:19:21,606 - core.database - INFO - Creating async session maker...
2026-02-09 01:19:21,606 - core.database - INFO - Async session maker created successfully
2026-02-09 01:19:21,607 - core.database - INFO - Database connection initialized successfully
2026-02-09 01:19:21,607 - services.database - INFO - 🔧 Database connection initialized, now creating tables if tables not exist...
2026-02-09 01:19:21,607 - core.database - DEBUG - [DB_OP] Starting create_tables
2026-02-09 01:19:21,607 - core.database - INFO - 🔧 Starting table creation...
2026-02-09 01:19:23,166 - core.database - INFO - Tables initialized successfully
2026-02-09 01:19:23,166 - core.database - DEBUG - [DB_OP] Create tables completed in 1.5593s
2026-02-09 01:19:23,225 - services.database - INFO - 🔧 Table creation completed
2026-02-09 01:19:23,226 - services.database - INFO - 🔧 Checking and repairing existing tables...
2026-02-09 01:19:23,685 - services.database - INFO - Existing columns in extractions table: ['monthly_rent', 'renewal_notice_days', 'created_at', 'security_deposit', 'document_id', 'id', 'lease_end_date', 'pet_policy', 'late_fee_terms', 'risk_flags', 'raw_extraction', 'compliance_data', 'source_map', 'pages_meta', 'user_id', 'tenant_name', 'landlord_name', 'property_address', 'lease_start_date']
2026-02-09 01:19:23,744 - services.database - INFO - 🔧 Table repair completed
2026-02-09 01:19:23,745 - services.database - INFO - Database initialized successfully
2026-02-09 01:19:23,745 - services.database - DEBUG - [DB_OP] Database initialization completed in 2.2231s
2026-02-09 01:19:23,747 - services.mock_data - INFO - Processing mock data file state_regulations.json for table state_regulations
2026-02-09 01:19:25,664 - services.mock_data - INFO - Table state_regulations already has 50 rows; skipping mock insert
2026-02-09 01:19:25,723 - services.database - DEBUG - [DB_OP] Starting database initialization
2026-02-09 01:19:25,723 - services.database - INFO - 🔧 Starting database initialization...
2026-02-09 01:19:25,723 - core.database - INFO - Starting database initialization...
2026-02-09 01:19:25,723 - core.database - INFO - Database already initialized
2026-02-09 01:19:25,724 - services.database - INFO - 🔧 Database connection initialized, now creating tables if tables not exist...
2026-02-09 01:19:25,724 - core.database - DEBUG - [DB_OP] Starting create_tables
2026-02-09 01:19:25,724 - core.database - INFO - Tables already initialized
2026-02-09 01:19:25,724 - services.database - INFO - 🔧 Table creation completed
2026-02-09 01:19:25,725 - services.database - INFO - 🔧 Checking and repairing existing tables...
2026-02-09 01:19:26,073 - services.database - INFO - Existing columns in extractions table: ['monthly_rent', 'renewal_notice_days', 'created_at', 'security_deposit', 'document_id', 'id', 'lease_end_date', 'pet_policy', 'late_fee_terms', 'risk_flags', 'raw_extraction', 'compliance_data', 'source_map', 'pages_meta', 'user_id', 'tenant_name', 'landlord_name', 'property_address', 'lease_start_date']
2026-02-09 01:19:26,132 - services.database - INFO - 🔧 Table repair completed
2026-02-09 01:19:26,133 - services.database - INFO - Database initialized successfully
2026-02-09 01:19:26,133 - services.database - DEBUG - [DB_OP] Database initialization completed in 0.4107s
2026-02-09 01:19:26,134 - core.config - DEBUG - Read dynamic attribute admin_user_id from environment variable ADMIN_USER_ID
2026-02-09 01:19:26,134 - core.config - DEBUG - Read dynamic attribute admin_user_email from environment variable ADMIN_USER_EMAIL
2026-02-09 01:19:26,500 - services.auth - DEBUG - Admin user 956410 already exists
2026-02-09 01:19:26,560 - main - INFO - === Application startup completed successfully ===
2026-02-09 01:20:08,199 - services.database - DEBUG - [DB_OP] Starting database close
2026-02-09 01:20:08,262 - core.database - INFO - Database connection closed and engine disposed
2026-02-09 01:20:08,263 - services.database - INFO - Database connections closed
2026-02-09 01:20:08,263 - services.database - DEBUG - [DB_OP] Database close completed in 0.0636s
