2026-02-09 22:39:20,994 - main - INFO - === Logging system initialized ===
2026-02-09 22:39:20,994 - main - INFO - Log file: logs/app_20260209_223920.log
2026-02-09 22:39:20,994 - main - INFO - Log level: INFO
2026-02-09 22:39:20,994 - main - INFO - Timestamp: 20260209_223920
2026-02-09 22:39:21,463 - main - INFO - Included router: routers.aihub.router
2026-02-09 22:39:21,477 - main - INFO - Included router: routers.auth.router
2026-02-09 22:39:21,519 - main - INFO - Included router: routers.documents.router
2026-02-09 22:39:21,572 - main - INFO - Included router: routers.extractions.router
2026-02-09 22:39:21,579 - main - INFO - Included router: routers.google_auth.router
2026-02-09 22:39:21,580 - main - INFO - Included router: routers.health.router
2026-02-09 22:39:21,756 - main - INFO - Included router: routers.lease_analysis.router
2026-02-09 22:39:21,798 - main - INFO - Included router: routers.payments.router
2026-02-09 22:39:21,816 - main - INFO - Included router: routers.settings.router
2026-02-09 22:39:21,852 - main - INFO - Included router: routers.state_regulations.router
2026-02-09 22:39:21,875 - main - INFO - Included router: routers.storage.router
2026-02-09 22:39:21,891 - core.config - DEBUG - Read dynamic attribute stripe_secret_key from environment variable STRIPE_SECRET_KEY
2026-02-09 22:39:21,899 - main - INFO - Included router: routers.stripe_payments.router
2026-02-09 22:39:21,906 - main - INFO - Included router: routers.user.router
2026-02-09 22:39:22,077 - main - INFO - Included router: routers.user_credits.router
2026-02-09 22:39:22,079 - main - INFO - === Application startup initiated ===
2026-02-09 22:39:22,079 - services.database - DEBUG - [DB_OP] Starting database initialization
2026-02-09 22:39:22,079 - services.database - INFO - 🔧 Starting database initialization...
2026-02-09 22:39:22,079 - core.database - INFO - Starting database initialization...
2026-02-09 22:39:22,079 - core.config - DEBUG - Read dynamic attribute database_url from environment variable DATABASE_URL
2026-02-09 22:39:22,079 - core.database - INFO - Normalizing database URL for async compatibility...
2026-02-09 22:39:22,080 - core.database - INFO - Creating async database engine...
2026-02-09 22:39:22,080 - core.database - INFO - Using QueuePool with connection pooling for non-Lambda environment
2026-02-09 22:39:22,128 - core.database - INFO - Database engine created successfully
2026-02-09 22:39:22,128 - core.database - INFO - Creating async session maker...
2026-02-09 22:39:22,128 - core.database - INFO - Async session maker created successfully
2026-02-09 22:39:22,129 - core.database - INFO - Database connection initialized successfully
2026-02-09 22:39:22,129 - services.database - INFO - 🔧 Database connection initialized, now creating tables if tables not exist...
2026-02-09 22:39:22,129 - core.database - DEBUG - [DB_OP] Starting create_tables
2026-02-09 22:39:22,129 - core.database - INFO - 🔧 Starting table creation...
2026-02-09 22:39:23,811 - core.database - INFO - Tables initialized successfully
2026-02-09 22:39:23,811 - core.database - DEBUG - [DB_OP] Create tables completed in 1.6825s
2026-02-09 22:39:23,876 - services.database - INFO - 🔧 Table creation completed
2026-02-09 22:39:23,876 - services.database - INFO - 🔧 Checking and repairing existing tables...
2026-02-09 22:39:24,338 - services.database - INFO - Existing columns in extractions table: ['monthly_rent', 'renewal_notice_days', 'created_at', 'security_deposit', 'document_id', 'id', 'lease_end_date', 'pet_policy', 'late_fee_terms', 'risk_flags', 'raw_extraction', 'compliance_data', 'source_map', 'pages_meta', 'user_id', 'tenant_name', 'landlord_name', 'property_address', 'lease_start_date']
2026-02-09 22:39:24,403 - services.database - INFO - 🔧 Table repair completed
2026-02-09 22:39:24,404 - services.database - INFO - Database initialized successfully
2026-02-09 22:39:24,404 - services.database - DEBUG - [DB_OP] Database initialization completed in 2.3251s
2026-02-09 22:39:24,405 - services.mock_data - INFO - Processing mock data file state_regulations.json for table state_regulations
2026-02-09 22:39:26,454 - services.mock_data - INFO - Table state_regulations already has 50 rows; skipping mock insert
2026-02-09 22:39:26,519 - services.database - DEBUG - [DB_OP] Starting database initialization
2026-02-09 22:39:26,519 - services.database - INFO - 🔧 Starting database initialization...
2026-02-09 22:39:26,519 - core.database - INFO - Starting database initialization...
2026-02-09 22:39:26,519 - core.database - INFO - Database already initialized
2026-02-09 22:39:26,519 - services.database - INFO - 🔧 Database connection initialized, now creating tables if tables not exist...
2026-02-09 22:39:26,520 - core.database - DEBUG - [DB_OP] Starting create_tables
2026-02-09 22:39:26,520 - core.database - INFO - Tables already initialized
2026-02-09 22:39:26,520 - services.database - INFO - 🔧 Table creation completed
2026-02-09 22:39:26,520 - services.database - INFO - 🔧 Checking and repairing existing tables...
2026-02-09 22:39:26,905 - services.database - INFO - Existing columns in extractions table: ['monthly_rent', 'renewal_notice_days', 'created_at', 'security_deposit', 'document_id', 'id', 'lease_end_date', 'pet_policy', 'late_fee_terms', 'risk_flags', 'raw_extraction', 'compliance_data', 'source_map', 'pages_meta', 'user_id', 'tenant_name', 'landlord_name', 'property_address', 'lease_start_date']
2026-02-09 22:39:26,971 - services.database - INFO - 🔧 Table repair completed
2026-02-09 22:39:26,971 - services.database - INFO - Database initialized successfully
2026-02-09 22:39:26,971 - services.database - DEBUG - [DB_OP] Database initialization completed in 0.4524s
2026-02-09 22:39:26,972 - core.config - DEBUG - Read dynamic attribute admin_user_id from environment variable ADMIN_USER_ID
2026-02-09 22:39:26,972 - core.config - DEBUG - Read dynamic attribute admin_user_email from environment variable ADMIN_USER_EMAIL
2026-02-09 22:39:27,366 - services.auth - DEBUG - Admin user 956410 already exists
2026-02-09 22:39:27,431 - main - INFO - === Application startup completed successfully ===
2026-02-09 22:40:39,243 - core.config - DEBUG - Read dynamic attribute jwt_secret_key from environment variable JWT_SECRET_KEY
2026-02-09 22:40:39,243 - core.config - DEBUG - Read dynamic attribute jwt_algorithm from environment variable JWT_ALGORITHM
2026-02-09 22:40:39,255 - core.auth - DEBUG - Authentication token validated for user hash: a89dfb40
2026-02-09 22:40:39,699 - core.auth - DEBUG - Authentication token validated for user hash: a89dfb40
2026-02-09 22:40:41,108 - core.auth - DEBUG - Authentication token validated for user hash: a89dfb40
2026-02-09 22:40:41,109 - core.database - DEBUG - [DB_OP] Starting get_db session creation
2026-02-09 22:40:41,109 - core.database - DEBUG - [DB_OP] Database session created successfully in 0.0002s
2026-02-09 22:40:41,109 - routers.documents - DEBUG - Querying documentss: query=None, sort=-created_at, skip=0, limit=50, fields=None
2026-02-09 22:40:41,696 - routers.documents - DEBUG - Found 16 documentss
2026-02-09 22:40:41,697 - core.database - DEBUG - [DB_OP] Database session cleanup after 0.5882s
2026-02-09 22:40:42,168 - core.auth - DEBUG - Authentication token validated for user hash: a89dfb40
2026-02-09 22:40:42,168 - core.database - DEBUG - [DB_OP] Starting get_db session creation
2026-02-09 22:40:42,168 - core.database - DEBUG - [DB_OP] Database session created successfully in 0.0002s
2026-02-09 22:40:42,557 - core.database - DEBUG - [DB_OP] Database session cleanup after 0.3895s
2026-02-09 22:53:33,740 - services.database - DEBUG - [DB_OP] Starting database close
2026-02-09 22:53:33,741 - core.database - INFO - Database connection closed and engine disposed
2026-02-09 22:53:33,741 - services.database - INFO - Database connections closed
2026-02-09 22:53:33,742 - services.database - DEBUG - [DB_OP] Database close completed in 0.0021s
