2026-02-10 00:39:57,856 - main - INFO - === Logging system initialized ===
2026-02-10 00:39:57,856 - main - INFO - Log file: logs/app_20260210_003957.log
2026-02-10 00:39:57,856 - main - INFO - Log level: INFO
2026-02-10 00:39:57,856 - main - INFO - Timestamp: 20260210_003957
2026-02-10 00:39:59,807 - main - INFO - Included router: routers.aihub.router
2026-02-10 00:39:59,894 - main - INFO - Included router: routers.auth.router
2026-02-10 00:40:00,097 - main - INFO - Included router: routers.documents.router
2026-02-10 00:40:00,422 - main - INFO - Included router: routers.extractions.router
2026-02-10 00:40:00,489 - main - INFO - Included router: routers.google_auth.router
2026-02-10 00:40:00,491 - main - INFO - Included router: routers.health.router
2026-02-10 00:40:00,705 - main - INFO - Included router: routers.lease_analysis.router
2026-02-10 00:40:00,752 - main - INFO - Included router: routers.payments.router
2026-02-10 00:40:00,770 - main - INFO - Included router: routers.settings.router
2026-02-10 00:40:00,808 - main - INFO - Included router: routers.state_regulations.router
2026-02-10 00:40:00,832 - main - INFO - Included router: routers.storage.router
2026-02-10 00:40:00,847 - core.config - DEBUG - Read dynamic attribute stripe_secret_key from environment variable STRIPE_SECRET_KEY
2026-02-10 00:40:00,855 - main - INFO - Included router: routers.stripe_payments.router
2026-02-10 00:40:00,862 - main - INFO - Included router: routers.user.router
2026-02-10 00:40:01,017 - main - INFO - Included router: routers.user_credits.router
2026-02-10 00:40:01,018 - main - INFO - === Application startup initiated ===
2026-02-10 00:40:01,018 - services.database - DEBUG - [DB_OP] Starting database initialization
2026-02-10 00:40:01,019 - services.database - INFO - 🔧 Starting database initialization...
2026-02-10 00:40:01,019 - core.database - INFO - Starting database initialization...
2026-02-10 00:40:01,019 - core.database - INFO - Normalizing database URL for async compatibility...
2026-02-10 00:40:01,020 - core.database - INFO - Creating async database engine...
2026-02-10 00:40:01,020 - core.database - INFO - Using QueuePool with connection pooling for non-Lambda environment
2026-02-10 00:40:01,076 - core.database - INFO - Database engine created successfully
2026-02-10 00:40:01,076 - core.database - INFO - Creating async session maker...
2026-02-10 00:40:01,076 - core.database - INFO - Async session maker created successfully
2026-02-10 00:40:01,076 - core.database - INFO - Database connection initialized successfully
2026-02-10 00:40:01,077 - services.database - INFO - 🔧 Database connection initialized, now creating tables if tables not exist...
2026-02-10 00:40:01,077 - core.database - DEBUG - [DB_OP] Starting create_tables
2026-02-10 00:40:01,077 - core.database - INFO - 🔧 Starting table creation...
2026-02-10 00:40:02,638 - core.database - INFO - Tables initialized successfully
2026-02-10 00:40:02,638 - core.database - DEBUG - [DB_OP] Create tables completed in 1.5613s
2026-02-10 00:40:02,698 - services.database - INFO - 🔧 Table creation completed
2026-02-10 00:40:02,698 - services.database - INFO - 🔧 Checking and repairing existing tables...
2026-02-10 00:40:03,125 - services.database - INFO - Existing columns in extractions table: ['monthly_rent', 'renewal_notice_days', 'created_at', 'security_deposit', 'document_id', 'id', 'lease_end_date', 'pet_policy', 'late_fee_terms', 'risk_flags', 'raw_extraction', 'compliance_data', 'source_map', 'pages_meta', 'user_id', 'tenant_name', 'landlord_name', 'property_address', 'lease_start_date']
2026-02-10 00:40:03,185 - services.database - INFO - 🔧 Table repair completed
2026-02-10 00:40:03,185 - services.database - INFO - Database initialized successfully
2026-02-10 00:40:03,185 - services.database - DEBUG - [DB_OP] Database initialization completed in 2.1667s
2026-02-10 00:40:03,186 - services.mock_data - INFO - Processing mock data file state_regulations.json for table state_regulations
2026-02-10 00:40:05,104 - services.mock_data - INFO - Table state_regulations already has 50 rows; skipping mock insert
2026-02-10 00:40:05,164 - services.database - DEBUG - [DB_OP] Starting database initialization
2026-02-10 00:40:05,165 - services.database - INFO - 🔧 Starting database initialization...
2026-02-10 00:40:05,165 - core.database - INFO - Starting database initialization...
2026-02-10 00:40:05,165 - core.database - INFO - Database already initialized
2026-02-10 00:40:05,165 - services.database - INFO - 🔧 Database connection initialized, now creating tables if tables not exist...
2026-02-10 00:40:05,165 - core.database - DEBUG - [DB_OP] Starting create_tables
2026-02-10 00:40:05,165 - core.database - INFO - Tables already initialized
2026-02-10 00:40:05,165 - services.database - INFO - 🔧 Table creation completed
2026-02-10 00:40:05,165 - services.database - INFO - 🔧 Checking and repairing existing tables...
2026-02-10 00:40:05,523 - services.database - INFO - Existing columns in extractions table: ['monthly_rent', 'renewal_notice_days', 'created_at', 'security_deposit', 'document_id', 'id', 'lease_end_date', 'pet_policy', 'late_fee_terms', 'risk_flags', 'raw_extraction', 'compliance_data', 'source_map', 'pages_meta', 'user_id', 'tenant_name', 'landlord_name', 'property_address', 'lease_start_date']
2026-02-10 00:40:05,584 - services.database - INFO - 🔧 Table repair completed
2026-02-10 00:40:05,584 - services.database - INFO - Database initialized successfully
2026-02-10 00:40:05,584 - services.database - DEBUG - [DB_OP] Database initialization completed in 0.4195s
2026-02-10 00:40:05,584 - core.config - DEBUG - Read dynamic attribute admin_user_id from environment variable ADMIN_USER_ID
2026-02-10 00:40:05,584 - core.config - DEBUG - Read dynamic attribute admin_user_email from environment variable ADMIN_USER_EMAIL
2026-02-10 00:40:05,976 - services.auth - DEBUG - Admin user 956410 already exists
2026-02-10 00:40:06,046 - main - INFO - === Application startup completed successfully ===
