2026-02-07 23:15:47,782 - main - INFO - === Logging system initialized ===
2026-02-07 23:15:47,783 - main - INFO - Log file: logs/app_20260207_231547.log
2026-02-07 23:15:47,783 - main - INFO - Log level: INFO
2026-02-07 23:15:47,783 - main - INFO - Timestamp: 20260207_231547
2026-02-07 23:15:48,478 - main - INFO - Included router: routers.aihub.router
2026-02-07 23:15:48,496 - main - INFO - Included router: routers.auth.router
2026-02-07 23:15:48,546 - main - INFO - Included router: routers.documents.router
2026-02-07 23:15:48,736 - main - INFO - Included router: routers.extractions.router
2026-02-07 23:15:48,752 - main - INFO - Included router: routers.health.router
2026-02-07 23:15:48,780 - main - INFO - Included router: routers.lease_analysis.router
2026-02-07 23:15:48,827 - main - INFO - Included router: routers.payments.router
2026-02-07 23:15:48,849 - main - INFO - Included router: routers.settings.router
2026-02-07 23:15:48,892 - main - INFO - Included router: routers.state_regulations.router
2026-02-07 23:15:48,937 - main - INFO - Included router: routers.storage.router
2026-02-07 23:15:48,959 - core.config - DEBUG - Read dynamic attribute stripe_secret_key from environment variable STRIPE_SECRET_KEY
2026-02-07 23:15:48,968 - main - INFO - Included router: routers.stripe_payments.router
2026-02-07 23:15:48,979 - main - INFO - Included router: routers.user.router
2026-02-07 23:15:49,025 - main - INFO - Included router: routers.user_credits.router
2026-02-07 23:15:49,026 - main - INFO - === Application startup initiated ===
2026-02-07 23:15:49,026 - services.database - DEBUG - [DB_OP] Starting database initialization
2026-02-07 23:15:49,026 - services.database - INFO - 🔧 Starting database initialization...
2026-02-07 23:15:49,026 - core.database - INFO - Starting database initialization...
2026-02-07 23:15:49,027 - core.config - DEBUG - Read dynamic attribute database_url from environment variable DATABASE_URL
2026-02-07 23:15:49,027 - core.database - INFO - Normalizing database URL for async compatibility...
2026-02-07 23:15:49,028 - core.database - INFO - Creating async database engine...
2026-02-07 23:15:49,028 - core.database - INFO - Using QueuePool with connection pooling for non-Lambda environment
2026-02-07 23:15:49,080 - core.database - INFO - Database engine created successfully
2026-02-07 23:15:49,081 - core.database - INFO - Creating async session maker...
2026-02-07 23:15:49,081 - core.database - INFO - Async session maker created successfully
2026-02-07 23:15:49,081 - core.database - INFO - Database connection initialized successfully
2026-02-07 23:15:49,081 - services.database - INFO - 🔧 Database connection initialized, now creating tables if tables not exist...
2026-02-07 23:15:49,081 - core.database - DEBUG - [DB_OP] Starting create_tables
2026-02-07 23:15:49,081 - core.database - INFO - 🔧 Starting table creation...
2026-02-07 23:15:50,636 - core.database - INFO - Tables initialized successfully
2026-02-07 23:15:50,636 - core.database - DEBUG - [DB_OP] Create tables completed in 1.5552s
2026-02-07 23:15:50,696 - services.database - INFO - 🔧 Table creation completed
2026-02-07 23:15:50,697 - services.database - INFO - Database initialized successfully
2026-02-07 23:15:50,697 - services.database - DEBUG - [DB_OP] Database initialization completed in 1.6706s
2026-02-07 23:15:50,698 - services.mock_data - INFO - Processing mock data file state_regulations.json for table state_regulations
2026-02-07 23:15:52,668 - services.mock_data - INFO - Table state_regulations already has 50 rows; skipping mock insert
2026-02-07 23:15:52,727 - services.database - DEBUG - [DB_OP] Starting database initialization
2026-02-07 23:15:52,727 - services.database - INFO - 🔧 Starting database initialization...
2026-02-07 23:15:52,727 - core.database - INFO - Starting database initialization...
2026-02-07 23:15:52,728 - core.database - INFO - Database already initialized
2026-02-07 23:15:52,728 - services.database - INFO - 🔧 Database connection initialized, now creating tables if tables not exist...
2026-02-07 23:15:52,728 - core.database - DEBUG - [DB_OP] Starting create_tables
2026-02-07 23:15:52,728 - core.database - INFO - Tables already initialized
2026-02-07 23:15:52,728 - services.database - INFO - 🔧 Table creation completed
2026-02-07 23:15:52,729 - services.database - INFO - Database initialized successfully
2026-02-07 23:15:52,729 - services.database - DEBUG - [DB_OP] Database initialization completed in 0.0017s
2026-02-07 23:15:52,729 - core.config - DEBUG - Read dynamic attribute admin_user_id from environment variable ADMIN_USER_ID
2026-02-07 23:15:52,729 - core.config - DEBUG - Read dynamic attribute admin_user_email from environment variable ADMIN_USER_EMAIL
2026-02-07 23:15:53,093 - services.auth - DEBUG - Admin user 956410 already exists
2026-02-07 23:15:53,152 - main - INFO - === Application startup completed successfully ===
2026-02-07 23:16:18,126 - services.database - DEBUG - [DB_OP] Starting database close
2026-02-07 23:16:18,190 - core.database - INFO - Database connection closed and engine disposed
2026-02-07 23:16:18,190 - services.database - INFO - Database connections closed
2026-02-07 23:16:18,190 - services.database - DEBUG - [DB_OP] Database close completed in 0.0640s
