2026-02-08 20:48:51,097 - main - INFO - === Logging system initialized ===
2026-02-08 20:48:51,097 - main - INFO - Log file: logs/app_20260208_204851.log
2026-02-08 20:48:51,098 - main - INFO - Log level: INFO
2026-02-08 20:48:51,098 - main - INFO - Timestamp: 20260208_204851
2026-02-08 20:48:51,979 - main - INFO - Included router: routers.aihub.router
2026-02-08 20:48:51,998 - main - INFO - Included router: routers.auth.router
2026-02-08 20:48:52,087 - main - INFO - Included router: routers.documents.router
2026-02-08 20:48:52,156 - main - INFO - Included router: routers.extractions.router
2026-02-08 20:48:52,159 - main - INFO - Included router: routers.health.router
2026-02-08 20:48:52,272 - main - INFO - Included router: routers.lease_analysis.router
2026-02-08 20:48:52,326 - main - INFO - Included router: routers.payments.router
2026-02-08 20:48:52,356 - main - INFO - Included router: routers.settings.router
2026-02-08 20:48:52,409 - main - INFO - Included router: routers.state_regulations.router
2026-02-08 20:48:52,459 - main - INFO - Included router: routers.storage.router
2026-02-08 20:48:52,498 - main - WARNING - Failed to import module 'routers.stripe_payments': 'Settings' object has no attribute 'stripe_secret_key'
2026-02-08 20:48:52,512 - main - INFO - Included router: routers.user.router
2026-02-08 20:48:52,570 - main - INFO - Included router: routers.user_credits.router
2026-02-08 20:48:52,571 - main - INFO - === Application startup initiated ===
2026-02-08 20:48:52,571 - services.database - DEBUG - [DB_OP] Starting database initialization
2026-02-08 20:48:52,572 - services.database - INFO - 🔧 Starting database initialization...
2026-02-08 20:48:52,572 - core.database - INFO - Starting database initialization...
2026-02-08 20:48:52,572 - services.database - ERROR - Failed to initialize database: 'Settings' object has no attribute 'database_url'
