2026-02-09 22:57:11,760 - main - INFO - === Logging system initialized ===
2026-02-09 22:57:11,760 - main - INFO - Log file: logs/app_20260209_225711.log
2026-02-09 22:57:11,760 - main - INFO - Log level: INFO
2026-02-09 22:57:11,760 - main - INFO - Timestamp: 20260209_225711
2026-02-09 22:57:12,224 - main - INFO - Included router: routers.aihub.router
2026-02-09 22:57:12,238 - main - INFO - Included router: routers.auth.router
2026-02-09 22:57:12,280 - main - INFO - Included router: routers.documents.router
2026-02-09 22:57:12,331 - main - INFO - Included router: routers.extractions.router
2026-02-09 22:57:12,337 - main - INFO - Included router: routers.google_auth.router
2026-02-09 22:57:12,338 - main - INFO - Included router: routers.health.router
2026-02-09 22:57:12,548 - main - INFO - Included router: routers.lease_analysis.router
2026-02-09 22:57:12,591 - main - INFO - Included router: routers.payments.router
2026-02-09 22:57:12,609 - main - INFO - Included router: routers.settings.router
2026-02-09 22:57:12,645 - main - INFO - Included router: routers.state_regulations.router
2026-02-09 22:57:12,666 - main - INFO - Included router: routers.storage.router
2026-02-09 22:57:12,681 - core.config - DEBUG - Read dynamic attribute stripe_secret_key from environment variable STRIPE_SECRET_KEY
2026-02-09 22:57:12,688 - main - INFO - Included router: routers.stripe_payments.router
2026-02-09 22:57:12,694 - main - INFO - Included router: routers.user.router
2026-02-09 22:57:12,851 - main - INFO - Included router: routers.user_credits.router
2026-02-09 22:57:12,852 - main - INFO - === Application startup initiated ===
2026-02-09 22:57:12,852 - services.database - DEBUG - [DB_OP] Starting database initialization
2026-02-09 22:57:12,852 - services.database - INFO - 🔧 Starting database initialization...
2026-02-09 22:57:12,852 - core.database - INFO - Starting database initialization...
2026-02-09 22:57:12,852 - core.config - DEBUG - Read dynamic attribute database_url from environment variable DATABASE_URL
2026-02-09 22:57:12,852 - core.database - INFO - Normalizing database URL for async compatibility...
2026-02-09 22:57:12,853 - core.database - INFO - Creating async database engine...
2026-02-09 22:57:12,854 - core.database - INFO - Using QueuePool with connection pooling for non-Lambda environment
2026-02-09 22:57:12,899 - core.database - INFO - Database engine created successfully
2026-02-09 22:57:12,900 - core.database - INFO - Creating async session maker...
2026-02-09 22:57:12,900 - core.database - INFO - Async session maker created successfully
2026-02-09 22:57:12,900 - core.database - INFO - Database connection initialized successfully
2026-02-09 22:57:12,900 - services.database - INFO - 🔧 Database connection initialized, now creating tables if tables not exist...
2026-02-09 22:57:12,900 - core.database - DEBUG - [DB_OP] Starting create_tables
2026-02-09 22:57:12,900 - core.database - INFO - 🔧 Starting table creation...
2026-02-09 22:57:14,449 - core.database - INFO - Tables initialized successfully
2026-02-09 22:57:14,449 - core.database - DEBUG - [DB_OP] Create tables completed in 1.5495s
2026-02-09 22:57:14,510 - services.database - INFO - 🔧 Table creation completed
2026-02-09 22:57:14,510 - services.database - INFO - 🔧 Checking and repairing existing tables...
2026-02-09 22:57:14,937 - services.database - INFO - Existing columns in extractions table: ['monthly_rent', 'renewal_notice_days', 'created_at', 'security_deposit', 'document_id', 'id', 'lease_end_date', 'pet_policy', 'late_fee_terms', 'risk_flags', 'raw_extraction', 'compliance_data', 'source_map', 'pages_meta', 'user_id', 'tenant_name', 'landlord_name', 'property_address', 'lease_start_date']
2026-02-09 22:57:14,997 - services.database - INFO - 🔧 Table repair completed
2026-02-09 22:57:14,998 - services.database - INFO - Database initialized successfully
2026-02-09 22:57:14,998 - services.database - DEBUG - [DB_OP] Database initialization completed in 2.1458s
2026-02-09 22:57:14,999 - services.mock_data - INFO - Processing mock data file state_regulations.json for table state_regulations
2026-02-09 22:57:16,911 - services.mock_data - INFO - Table state_regulations already has 50 rows; skipping mock insert
2026-02-09 22:57:16,972 - services.database - DEBUG - [DB_OP] Starting database initialization
2026-02-09 22:57:16,972 - services.database - INFO - 🔧 Starting database initialization...
2026-02-09 22:57:16,972 - core.database - INFO - Starting database initialization...
2026-02-09 22:57:16,972 - core.database - INFO - Database already initialized
2026-02-09 22:57:16,972 - services.database - INFO - 🔧 Database connection initialized, now creating tables if tables not exist...
2026-02-09 22:57:16,972 - core.database - DEBUG - [DB_OP] Starting create_tables
2026-02-09 22:57:16,972 - core.database - INFO - Tables already initialized
2026-02-09 22:57:16,972 - services.database - INFO - 🔧 Table creation completed
2026-02-09 22:57:16,973 - services.database - INFO - 🔧 Checking and repairing existing tables...
2026-02-09 22:57:17,332 - services.database - INFO - Existing columns in extractions table: ['monthly_rent', 'renewal_notice_days', 'created_at', 'security_deposit', 'document_id', 'id', 'lease_end_date', 'pet_policy', 'late_fee_terms', 'risk_flags', 'raw_extraction', 'compliance_data', 'source_map', 'pages_meta', 'user_id', 'tenant_name', 'landlord_name', 'property_address', 'lease_start_date']
2026-02-09 22:57:17,392 - services.database - INFO - 🔧 Table repair completed
2026-02-09 22:57:17,392 - services.database - INFO - Database initialized successfully
2026-02-09 22:57:17,392 - services.database - DEBUG - [DB_OP] Database initialization completed in 0.4206s
2026-02-09 22:57:17,392 - core.config - DEBUG - Read dynamic attribute admin_user_id from environment variable ADMIN_USER_ID
2026-02-09 22:57:17,392 - core.config - DEBUG - Read dynamic attribute admin_user_email from environment variable ADMIN_USER_EMAIL
2026-02-09 22:57:17,759 - services.auth - DEBUG - Admin user 956410 already exists
2026-02-09 22:57:17,820 - main - INFO - === Application startup completed successfully ===
2026-02-09 22:57:45,607 - services.database - DEBUG - [DB_OP] Starting database close
2026-02-09 22:57:45,671 - core.database - INFO - Database connection closed and engine disposed
2026-02-09 22:57:45,671 - services.database - INFO - Database connections closed
2026-02-09 22:57:45,672 - services.database - DEBUG - [DB_OP] Database close completed in 0.0646s
