2026-02-09 21:57:55,129 - main - INFO - === Logging system initialized ===
2026-02-09 21:57:55,129 - main - INFO - Log file: logs/app_20260209_215755.log
2026-02-09 21:57:55,129 - main - INFO - Log level: INFO
2026-02-09 21:57:55,130 - main - INFO - Timestamp: 20260209_215755
2026-02-09 21:58:04,904 - main - INFO - Included router: routers.aihub.router
2026-02-09 21:58:05,007 - main - INFO - Included router: routers.auth.router
2026-02-09 21:58:05,177 - main - INFO - Included router: routers.documents.router
2026-02-09 21:58:05,307 - main - INFO - Included router: routers.extractions.router
2026-02-09 21:58:05,335 - main - INFO - Included router: routers.google_auth.router
2026-02-09 21:58:05,365 - main - INFO - Included router: routers.health.router
2026-02-09 21:58:06,962 - main - INFO - Included router: routers.lease_analysis.router
2026-02-09 21:58:07,103 - main - INFO - Included router: routers.payments.router
2026-02-09 21:58:07,148 - main - INFO - Included router: routers.settings.router
2026-02-09 21:58:07,229 - main - INFO - Included router: routers.state_regulations.router
2026-02-09 21:58:07,270 - main - INFO - Included router: routers.storage.router
2026-02-09 21:58:07,700 - core.config - DEBUG - Read dynamic attribute stripe_secret_key from environment variable STRIPE_SECRET_KEY
2026-02-09 21:58:07,709 - main - INFO - Included router: routers.stripe_payments.router
2026-02-09 21:58:07,778 - main - INFO - Included router: routers.user.router
2026-02-09 21:58:07,960 - main - INFO - Included router: routers.user_credits.router
2026-02-09 21:58:07,961 - main - INFO - === Application startup initiated ===
2026-02-09 21:58:07,961 - services.database - DEBUG - [DB_OP] Starting database initialization
2026-02-09 21:58:07,962 - services.database - INFO - 🔧 Starting database initialization...
2026-02-09 21:58:07,962 - core.database - INFO - Starting database initialization...
2026-02-09 21:58:07,962 - core.config - DEBUG - Read dynamic attribute database_url from environment variable DATABASE_URL
2026-02-09 21:58:07,962 - core.database - INFO - Normalizing database URL for async compatibility...
2026-02-09 21:58:07,963 - core.database - INFO - Creating async database engine...
2026-02-09 21:58:07,963 - core.database - INFO - Using QueuePool with connection pooling for non-Lambda environment
2026-02-09 21:58:08,489 - core.database - INFO - Database engine created successfully
2026-02-09 21:58:08,490 - core.database - INFO - Creating async session maker...
2026-02-09 21:58:08,490 - core.database - INFO - Async session maker created successfully
2026-02-09 21:58:08,490 - core.database - INFO - Database connection initialized successfully
2026-02-09 21:58:08,490 - services.database - INFO - 🔧 Database connection initialized, now creating tables if tables not exist...
2026-02-09 21:58:08,490 - core.database - DEBUG - [DB_OP] Starting create_tables
2026-02-09 21:58:08,490 - core.database - INFO - 🔧 Starting table creation...
2026-02-09 21:58:10,356 - core.database - INFO - Tables initialized successfully
2026-02-09 21:58:10,356 - core.database - DEBUG - [DB_OP] Create tables completed in 1.8659s
2026-02-09 21:58:10,429 - services.database - INFO - 🔧 Table creation completed
2026-02-09 21:58:10,429 - services.database - INFO - 🔧 Checking and repairing existing tables...
2026-02-09 21:58:10,945 - services.database - INFO - Existing columns in extractions table: ['monthly_rent', 'renewal_notice_days', 'created_at', 'security_deposit', 'document_id', 'id', 'lease_end_date', 'pet_policy', 'late_fee_terms', 'risk_flags', 'raw_extraction', 'compliance_data', 'source_map', 'pages_meta', 'user_id', 'tenant_name', 'landlord_name', 'property_address', 'lease_start_date']
2026-02-09 21:58:11,018 - services.database - INFO - 🔧 Table repair completed
2026-02-09 21:58:11,018 - services.database - INFO - Database initialized successfully
2026-02-09 21:58:11,018 - services.database - DEBUG - [DB_OP] Database initialization completed in 3.0567s
2026-02-09 21:58:11,037 - services.mock_data - INFO - Processing mock data file state_regulations.json for table state_regulations
2026-02-09 21:58:13,368 - services.mock_data - INFO - Table state_regulations already has 50 rows; skipping mock insert
2026-02-09 21:58:13,441 - services.database - DEBUG - [DB_OP] Starting database initialization
2026-02-09 21:58:13,442 - services.database - INFO - 🔧 Starting database initialization...
2026-02-09 21:58:13,442 - core.database - INFO - Starting database initialization...
2026-02-09 21:58:13,442 - core.database - INFO - Database already initialized
2026-02-09 21:58:13,442 - services.database - INFO - 🔧 Database connection initialized, now creating tables if tables not exist...
2026-02-09 21:58:13,442 - core.database - DEBUG - [DB_OP] Starting create_tables
2026-02-09 21:58:13,442 - core.database - INFO - Tables already initialized
2026-02-09 21:58:13,442 - services.database - INFO - 🔧 Table creation completed
2026-02-09 21:58:13,442 - services.database - INFO - 🔧 Checking and repairing existing tables...
2026-02-09 21:58:13,878 - services.database - INFO - Existing columns in extractions table: ['monthly_rent', 'renewal_notice_days', 'created_at', 'security_deposit', 'document_id', 'id', 'lease_end_date', 'pet_policy', 'late_fee_terms', 'risk_flags', 'raw_extraction', 'compliance_data', 'source_map', 'pages_meta', 'user_id', 'tenant_name', 'landlord_name', 'property_address', 'lease_start_date']
2026-02-09 21:58:13,951 - services.database - INFO - 🔧 Table repair completed
2026-02-09 21:58:13,952 - services.database - INFO - Database initialized successfully
2026-02-09 21:58:13,952 - services.database - DEBUG - [DB_OP] Database initialization completed in 0.5108s
2026-02-09 21:58:13,952 - core.config - DEBUG - Read dynamic attribute admin_user_id from environment variable ADMIN_USER_ID
2026-02-09 21:58:13,952 - core.config - DEBUG - Read dynamic attribute admin_user_email from environment variable ADMIN_USER_EMAIL
2026-02-09 21:58:14,398 - services.auth - DEBUG - Admin user 956410 already exists
2026-02-09 21:58:14,471 - main - INFO - === Application startup completed successfully ===
2026-02-09 22:15:01,731 - services.database - DEBUG - [DB_OP] Starting database close
2026-02-09 22:15:01,732 - core.database - INFO - Database connection closed and engine disposed
2026-02-09 22:15:01,732 - services.database - INFO - Database connections closed
2026-02-09 22:15:01,733 - services.database - DEBUG - [DB_OP] Database close completed in 0.0017s
