2026-02-10 01:58:59,644 - main - INFO - === Logging system initialized ===
2026-02-10 01:58:59,644 - main - INFO - Log file: logs/app_20260210_015859.log
2026-02-10 01:58:59,644 - main - INFO - Log level: INFO
2026-02-10 01:58:59,645 - main - INFO - Timestamp: 20260210_015859
2026-02-10 01:59:00,651 - main - INFO - Included router: routers.aihub.router
2026-02-10 01:59:00,671 - main - INFO - Included router: routers.auth.router
2026-02-10 01:59:00,722 - main - INFO - Included router: routers.documents.router
2026-02-10 01:59:00,800 - main - INFO - Included router: routers.extractions.router
2026-02-10 01:59:00,809 - main - INFO - Included router: routers.google_auth.router
2026-02-10 01:59:00,811 - main - INFO - Included router: routers.health.router
2026-02-10 01:59:01,193 - main - INFO - Included router: routers.lease_analysis.router
2026-02-10 01:59:01,252 - main - INFO - Included router: routers.payments.router
2026-02-10 01:59:01,275 - main - INFO - Included router: routers.settings.router
2026-02-10 01:59:01,468 - main - INFO - Included router: routers.state_regulations.router
2026-02-10 01:59:01,494 - main - INFO - Included router: routers.storage.router
2026-02-10 01:59:01,518 - core.config - DEBUG - Read dynamic attribute stripe_secret_key from environment variable STRIPE_SECRET_KEY
2026-02-10 01:59:01,528 - main - INFO - Included router: routers.stripe_payments.router
2026-02-10 01:59:01,537 - main - INFO - Included router: routers.user.router
2026-02-10 01:59:01,578 - main - INFO - Included router: routers.user_credits.router
2026-02-10 01:59:01,580 - main - INFO - === Application startup initiated ===
2026-02-10 01:59:01,580 - services.database - DEBUG - [DB_OP] Starting database initialization
2026-02-10 01:59:01,580 - services.database - INFO - 🔧 Starting database initialization...
2026-02-10 01:59:01,580 - core.database - INFO - Starting database initialization...
2026-02-10 01:59:01,581 - core.database - INFO - Normalizing database URL for async compatibility...
2026-02-10 01:59:01,582 - core.database - INFO - Creating async database engine...
2026-02-10 01:59:01,582 - core.database - INFO - Using QueuePool with connection pooling for non-Lambda environment
2026-02-10 01:59:01,626 - core.database - INFO - Database engine created successfully
2026-02-10 01:59:01,626 - core.database - INFO - Creating async session maker...
2026-02-10 01:59:01,626 - core.database - INFO - Async session maker created successfully
2026-02-10 01:59:01,627 - core.database - INFO - Database connection initialized successfully
2026-02-10 01:59:01,627 - services.database - INFO - 🔧 Database connection initialized, now creating tables if tables not exist...
2026-02-10 01:59:01,627 - core.database - DEBUG - [DB_OP] Starting create_tables
2026-02-10 01:59:01,627 - core.database - INFO - 🔧 Starting table creation...
2026-02-10 01:59:03,273 - core.database - INFO - Tables initialized successfully
2026-02-10 01:59:03,274 - core.database - DEBUG - [DB_OP] Create tables completed in 1.6474s
2026-02-10 01:59:03,337 - services.database - INFO - 🔧 Table creation completed
2026-02-10 01:59:03,338 - services.database - INFO - Database initialized successfully
2026-02-10 01:59:03,339 - services.database - DEBUG - [DB_OP] Database initialization completed in 1.7584s
2026-02-10 01:59:03,340 - services.mock_data - INFO - Processing mock data file state_regulations.json for table state_regulations
2026-02-10 01:59:05,415 - services.mock_data - INFO - Table state_regulations already has 50 rows; skipping mock insert
2026-02-10 01:59:05,479 - services.database - DEBUG - [DB_OP] Starting database initialization
2026-02-10 01:59:05,479 - services.database - INFO - 🔧 Starting database initialization...
2026-02-10 01:59:05,479 - core.database - INFO - Starting database initialization...
2026-02-10 01:59:05,480 - core.database - INFO - Database already initialized
2026-02-10 01:59:05,480 - services.database - INFO - 🔧 Database connection initialized, now creating tables if tables not exist...
2026-02-10 01:59:05,480 - core.database - DEBUG - [DB_OP] Starting create_tables
2026-02-10 01:59:05,480 - core.database - INFO - Tables already initialized
2026-02-10 01:59:05,480 - services.database - INFO - 🔧 Table creation completed
2026-02-10 01:59:05,480 - services.database - INFO - Database initialized successfully
2026-02-10 01:59:05,480 - services.database - DEBUG - [DB_OP] Database initialization completed in 0.0017s
2026-02-10 01:59:05,868 - services.auth - DEBUG - Admin user 956410 already exists
2026-02-10 01:59:05,932 - main - INFO - === Application startup completed successfully ===
2026-02-10 02:01:23,645 - services.database - DEBUG - [DB_OP] Starting database close
2026-02-10 02:01:23,712 - core.database - INFO - Database connection closed and engine disposed
2026-02-10 02:01:23,712 - services.database - INFO - Database connections closed
2026-02-10 02:01:23,712 - services.database - DEBUG - [DB_OP] Database close completed in 0.0674s
