2026-02-10 02:01:43,988 - main - INFO - === Logging system initialized ===
2026-02-10 02:01:43,988 - main - INFO - Log file: logs/app_20260210_020143.log
2026-02-10 02:01:43,988 - main - INFO - Log level: INFO
2026-02-10 02:01:43,988 - main - INFO - Timestamp: 20260210_020143
2026-02-10 02:01:44,599 - main - INFO - Included router: routers.aihub.router
2026-02-10 02:01:44,626 - main - INFO - Included router: routers.auth.router
2026-02-10 02:01:44,673 - main - INFO - Included router: routers.documents.router
2026-02-10 02:01:44,735 - main - INFO - Included router: routers.extractions.router
2026-02-10 02:01:44,741 - main - INFO - Included router: routers.google_auth.router
2026-02-10 02:01:44,742 - main - INFO - Included router: routers.health.router
2026-02-10 02:01:45,262 - main - INFO - Included router: routers.lease_analysis.router
2026-02-10 02:01:45,322 - main - INFO - Included router: routers.payments.router
2026-02-10 02:01:45,361 - main - INFO - Included router: routers.settings.router
2026-02-10 02:01:45,473 - main - INFO - Included router: routers.state_regulations.router
2026-02-10 02:01:45,497 - main - INFO - Included router: routers.storage.router
2026-02-10 02:01:45,515 - main - WARNING - Failed to import module 'routers.stripe_payments': 'Settings' object has no attribute 'stripe_secret_key'
2026-02-10 02:01:45,522 - main - INFO - Included router: routers.user.router
2026-02-10 02:01:45,566 - main - INFO - Included router: routers.user_credits.router
2026-02-10 02:01:45,568 - main - INFO - === Application startup initiated ===
2026-02-10 02:01:45,568 - services.database - DEBUG - [DB_OP] Starting database initialization
2026-02-10 02:01:45,568 - services.database - INFO - 🔧 Starting database initialization...
2026-02-10 02:01:45,569 - core.database - INFO - Starting database initialization...
2026-02-10 02:01:45,569 - core.database - INFO - Normalizing database URL for async compatibility...
2026-02-10 02:01:45,570 - core.database - DEBUG - Database exists:./app.db
2026-02-10 02:01:45,570 - core.database - WARNING - Adjusted database URL driver for async compatibility
2026-02-10 02:01:45,570 - core.database - INFO - Creating async database engine...
2026-02-10 02:01:45,570 - core.database - INFO - Using QueuePool with connection pooling for non-Lambda environment
2026-02-10 02:01:45,609 - core.database - INFO - Database engine created successfully
2026-02-10 02:01:45,609 - core.database - INFO - Creating async session maker...
2026-02-10 02:01:45,609 - core.database - INFO - Async session maker created successfully
2026-02-10 02:01:45,609 - core.database - INFO - Database connection initialized successfully
2026-02-10 02:01:45,609 - services.database - INFO - 🔧 Database connection initialized, now creating tables if tables not exist...
2026-02-10 02:01:45,609 - core.database - DEBUG - [DB_OP] Starting create_tables
2026-02-10 02:01:45,609 - core.database - INFO - 🔧 Starting table creation...
2026-02-10 02:01:45,610 - aiosqlite - DEBUG - executing <function connect.<locals>.connector at 0x7f3c11a95750>
2026-02-10 02:01:45,617 - aiosqlite - DEBUG - operation <function connect.<locals>.connector at 0x7f3c11a95750> completed
2026-02-10 02:01:45,618 - aiosqlite - DEBUG - executing functools.partial(<built-in method create_function of sqlite3.Connection object at 0x7f3c11fd9740>, 'regexp', 2, <function SQLiteDialect_pysqlite.on_connect.<locals>.regexp at 0x7f3c11a952d0>, deterministic=True)
2026-02-10 02:01:45,618 - aiosqlite - DEBUG - operation functools.partial(<built-in method create_function of sqlite3.Connection object at 0x7f3c11fd9740>, 'regexp', 2, <function SQLiteDialect_pysqlite.on_connect.<locals>.regexp at 0x7f3c11a952d0>, deterministic=True) completed
2026-02-10 02:01:45,618 - aiosqlite - DEBUG - executing functools.partial(<built-in method create_function of sqlite3.Connection object at 0x7f3c11fd9740>, 'floor', 1, <built-in function floor>, deterministic=True)
2026-02-10 02:01:45,618 - aiosqlite - DEBUG - operation functools.partial(<built-in method create_function of sqlite3.Connection object at 0x7f3c11fd9740>, 'floor', 1, <built-in function floor>, deterministic=True) completed
2026-02-10 02:01:45,619 - aiosqlite - DEBUG - executing functools.partial(<built-in method cursor of sqlite3.Connection object at 0x7f3c11fd9740>)
2026-02-10 02:01:45,619 - aiosqlite - DEBUG - operation functools.partial(<built-in method cursor of sqlite3.Connection object at 0x7f3c11fd9740>) completed
2026-02-10 02:01:45,620 - aiosqlite - DEBUG - executing functools.partial(<built-in method execute of sqlite3.Cursor object at 0x7f3c11a45540>, 'PRAGMA read_uncommitted', [])
2026-02-10 02:01:45,620 - aiosqlite - DEBUG - operation functools.partial(<built-in method execute of sqlite3.Cursor object at 0x7f3c11a45540>, 'PRAGMA read_uncommitted', []) completed
2026-02-10 02:01:45,620 - aiosqlite - DEBUG - executing functools.partial(<built-in method fetchall of sqlite3.Cursor object at 0x7f3c11a45540>)
2026-02-10 02:01:45,621 - aiosqlite - DEBUG - operation functools.partial(<built-in method fetchall of sqlite3.Cursor object at 0x7f3c11a45540>) completed
2026-02-10 02:01:45,621 - aiosqlite - DEBUG - executing functools.partial(<built-in method close of sqlite3.Cursor object at 0x7f3c11a45540>)
2026-02-10 02:01:45,621 - aiosqlite - DEBUG - operation functools.partial(<built-in method close of sqlite3.Cursor object at 0x7f3c11a45540>) completed
2026-02-10 02:01:45,621 - aiosqlite - DEBUG - executing functools.partial(<built-in method rollback of sqlite3.Connection object at 0x7f3c11fd9740>)
2026-02-10 02:01:45,621 - aiosqlite - DEBUG - operation functools.partial(<built-in method rollback of sqlite3.Connection object at 0x7f3c11fd9740>) completed
2026-02-10 02:01:45,622 - aiosqlite - DEBUG - executing functools.partial(<built-in method cursor of sqlite3.Connection object at 0x7f3c11fd9740>)
2026-02-10 02:01:45,622 - aiosqlite - DEBUG - operation functools.partial(<built-in method cursor of sqlite3.Connection object at 0x7f3c11fd9740>) completed
2026-02-10 02:01:45,622 - aiosqlite - DEBUG - executing functools.partial(<built-in method execute of sqlite3.Cursor object at 0x7f3c11a45540>, 'PRAGMA main.table_info("users")', ())
2026-02-10 02:01:45,627 - aiosqlite - DEBUG - operation functools.partial(<built-in method execute of sqlite3.Cursor object at 0x7f3c11a45540>, 'PRAGMA main.table_info("users")', ()) completed
2026-02-10 02:01:45,628 - aiosqlite - DEBUG - executing functools.partial(<built-in method fetchall of sqlite3.Cursor object at 0x7f3c11a45540>)
2026-02-10 02:01:45,629 - aiosqlite - DEBUG - operation functools.partial(<built-in method fetchall of sqlite3.Cursor object at 0x7f3c11a45540>) completed
2026-02-10 02:01:45,629 - aiosqlite - DEBUG - executing functools.partial(<built-in method close of sqlite3.Cursor object at 0x7f3c11a45540>)
2026-02-10 02:01:45,629 - aiosqlite - DEBUG - operation functools.partial(<built-in method close of sqlite3.Cursor object at 0x7f3c11a45540>) completed
2026-02-10 02:01:45,630 - aiosqlite - DEBUG - executing functools.partial(<built-in method cursor of sqlite3.Connection object at 0x7f3c11fd9740>)
2026-02-10 02:01:45,630 - aiosqlite - DEBUG - operation functools.partial(<built-in method cursor of sqlite3.Connection object at 0x7f3c11fd9740>) completed
2026-02-10 02:01:45,630 - aiosqlite - DEBUG - executing functools.partial(<built-in method execute of sqlite3.Cursor object at 0x7f3c11a45540>, 'PRAGMA main.table_info("oidc_states")', ())
2026-02-10 02:01:45,632 - aiosqlite - DEBUG - operation functools.partial(<built-in method execute of sqlite3.Cursor object at 0x7f3c11a45540>, 'PRAGMA main.table_info("oidc_states")', ()) completed
2026-02-10 02:01:45,632 - aiosqlite - DEBUG - executing functools.partial(<built-in method fetchall of sqlite3.Cursor object at 0x7f3c11a45540>)
2026-02-10 02:01:45,633 - aiosqlite - DEBUG - operation functools.partial(<built-in method fetchall of sqlite3.Cursor object at 0x7f3c11a45540>) completed
2026-02-10 02:01:45,633 - aiosqlite - DEBUG - executing functools.partial(<built-in method close of sqlite3.Cursor object at 0x7f3c11a45540>)
2026-02-10 02:01:45,633 - aiosqlite - DEBUG - operation functools.partial(<built-in method close of sqlite3.Cursor object at 0x7f3c11a45540>) completed
2026-02-10 02:01:45,633 - aiosqlite - DEBUG - executing functools.partial(<built-in method cursor of sqlite3.Connection object at 0x7f3c11fd9740>)
2026-02-10 02:01:45,633 - aiosqlite - DEBUG - operation functools.partial(<built-in method cursor of sqlite3.Connection object at 0x7f3c11fd9740>) completed
2026-02-10 02:01:45,634 - aiosqlite - DEBUG - executing functools.partial(<built-in method execute of sqlite3.Cursor object at 0x7f3c11a45540>, 'PRAGMA main.table_info("documents")', ())
2026-02-10 02:01:45,635 - aiosqlite - DEBUG - operation functools.partial(<built-in method execute of sqlite3.Cursor object at 0x7f3c11a45540>, 'PRAGMA main.table_info("documents")', ()) completed
2026-02-10 02:01:45,636 - aiosqlite - DEBUG - executing functools.partial(<built-in method fetchall of sqlite3.Cursor object at 0x7f3c11a45540>)
2026-02-10 02:01:45,636 - aiosqlite - DEBUG - operation functools.partial(<built-in method fetchall of sqlite3.Cursor object at 0x7f3c11a45540>) completed
2026-02-10 02:01:45,636 - aiosqlite - DEBUG - executing functools.partial(<built-in method close of sqlite3.Cursor object at 0x7f3c11a45540>)
2026-02-10 02:01:45,636 - aiosqlite - DEBUG - operation functools.partial(<built-in method close of sqlite3.Cursor object at 0x7f3c11a45540>) completed
2026-02-10 02:01:45,637 - aiosqlite - DEBUG - executing functools.partial(<built-in method cursor of sqlite3.Connection object at 0x7f3c11fd9740>)
2026-02-10 02:01:45,637 - aiosqlite - DEBUG - operation functools.partial(<built-in method cursor of sqlite3.Connection object at 0x7f3c11fd9740>) completed
2026-02-10 02:01:45,637 - aiosqlite - DEBUG - executing functools.partial(<built-in method execute of sqlite3.Cursor object at 0x7f3c11a45540>, 'PRAGMA main.table_info("extractions")', ())
2026-02-10 02:01:45,638 - aiosqlite - DEBUG - operation functools.partial(<built-in method execute of sqlite3.Cursor object at 0x7f3c11a45540>, 'PRAGMA main.table_info("extractions")', ()) completed
2026-02-10 02:01:45,639 - aiosqlite - DEBUG - executing functools.partial(<built-in method fetchall of sqlite3.Cursor object at 0x7f3c11a45540>)
2026-02-10 02:01:45,639 - aiosqlite - DEBUG - operation functools.partial(<built-in method fetchall of sqlite3.Cursor object at 0x7f3c11a45540>) completed
2026-02-10 02:01:45,639 - aiosqlite - DEBUG - executing functools.partial(<built-in method close of sqlite3.Cursor object at 0x7f3c11a45540>)
2026-02-10 02:01:45,640 - aiosqlite - DEBUG - operation functools.partial(<built-in method close of sqlite3.Cursor object at 0x7f3c11a45540>) completed
2026-02-10 02:01:45,640 - aiosqlite - DEBUG - executing functools.partial(<built-in method cursor of sqlite3.Connection object at 0x7f3c11fd9740>)
2026-02-10 02:01:45,640 - aiosqlite - DEBUG - operation functools.partial(<built-in method cursor of sqlite3.Connection object at 0x7f3c11fd9740>) completed
2026-02-10 02:01:45,640 - aiosqlite - DEBUG - executing functools.partial(<built-in method execute of sqlite3.Cursor object at 0x7f3c11a45540>, 'PRAGMA main.table_info("user_credits")', ())
2026-02-10 02:01:45,642 - aiosqlite - DEBUG - operation functools.partial(<built-in method execute of sqlite3.Cursor object at 0x7f3c11a45540>, 'PRAGMA main.table_info("user_credits")', ()) completed
2026-02-10 02:01:45,642 - aiosqlite - DEBUG - executing functools.partial(<built-in method fetchall of sqlite3.Cursor object at 0x7f3c11a45540>)
2026-02-10 02:01:45,642 - aiosqlite - DEBUG - operation functools.partial(<built-in method fetchall of sqlite3.Cursor object at 0x7f3c11a45540>) completed
2026-02-10 02:01:45,642 - aiosqlite - DEBUG - executing functools.partial(<built-in method close of sqlite3.Cursor object at 0x7f3c11a45540>)
2026-02-10 02:01:45,643 - aiosqlite - DEBUG - operation functools.partial(<built-in method close of sqlite3.Cursor object at 0x7f3c11a45540>) completed
2026-02-10 02:01:45,643 - aiosqlite - DEBUG - executing functools.partial(<built-in method cursor of sqlite3.Connection object at 0x7f3c11fd9740>)
2026-02-10 02:01:45,643 - aiosqlite - DEBUG - operation functools.partial(<built-in method cursor of sqlite3.Connection object at 0x7f3c11fd9740>) completed
2026-02-10 02:01:45,643 - aiosqlite - DEBUG - executing functools.partial(<built-in method execute of sqlite3.Cursor object at 0x7f3c11a45540>, 'PRAGMA main.table_info("state_regulations")', ())
2026-02-10 02:01:45,645 - aiosqlite - DEBUG - operation functools.partial(<built-in method execute of sqlite3.Cursor object at 0x7f3c11a45540>, 'PRAGMA main.table_info("state_regulations")', ()) completed
2026-02-10 02:01:45,645 - aiosqlite - DEBUG - executing functools.partial(<built-in method fetchall of sqlite3.Cursor object at 0x7f3c11a45540>)
2026-02-10 02:01:45,646 - aiosqlite - DEBUG - operation functools.partial(<built-in method fetchall of sqlite3.Cursor object at 0x7f3c11a45540>) completed
2026-02-10 02:01:45,646 - aiosqlite - DEBUG - executing functools.partial(<built-in method close of sqlite3.Cursor object at 0x7f3c11a45540>)
2026-02-10 02:01:45,646 - aiosqlite - DEBUG - operation functools.partial(<built-in method close of sqlite3.Cursor object at 0x7f3c11a45540>) completed
2026-02-10 02:01:45,646 - aiosqlite - DEBUG - executing functools.partial(<built-in method cursor of sqlite3.Connection object at 0x7f3c11fd9740>)
2026-02-10 02:01:45,647 - aiosqlite - DEBUG - operation functools.partial(<built-in method cursor of sqlite3.Connection object at 0x7f3c11fd9740>) completed
2026-02-10 02:01:45,647 - aiosqlite - DEBUG - executing functools.partial(<built-in method execute of sqlite3.Cursor object at 0x7f3c11a45540>, 'PRAGMA main.table_info("payments")', ())
2026-02-10 02:01:45,651 - aiosqlite - DEBUG - operation functools.partial(<built-in method execute of sqlite3.Cursor object at 0x7f3c11a45540>, 'PRAGMA main.table_info("payments")', ()) completed
2026-02-10 02:01:45,651 - aiosqlite - DEBUG - executing functools.partial(<built-in method fetchall of sqlite3.Cursor object at 0x7f3c11a45540>)
2026-02-10 02:01:45,652 - aiosqlite - DEBUG - operation functools.partial(<built-in method fetchall of sqlite3.Cursor object at 0x7f3c11a45540>) completed
2026-02-10 02:01:45,652 - aiosqlite - DEBUG - executing functools.partial(<built-in method close of sqlite3.Cursor object at 0x7f3c11a45540>)
2026-02-10 02:01:45,652 - aiosqlite - DEBUG - operation functools.partial(<built-in method close of sqlite3.Cursor object at 0x7f3c11a45540>) completed
2026-02-10 02:01:45,652 - core.database - INFO - Tables initialized successfully
2026-02-10 02:01:45,653 - core.database - DEBUG - [DB_OP] Create tables completed in 0.0433s
2026-02-10 02:01:45,653 - aiosqlite - DEBUG - executing functools.partial(<built-in method commit of sqlite3.Connection object at 0x7f3c11fd9740>)
2026-02-10 02:01:45,653 - aiosqlite - DEBUG - operation functools.partial(<built-in method commit of sqlite3.Connection object at 0x7f3c11fd9740>) completed
2026-02-10 02:01:45,653 - aiosqlite - DEBUG - executing functools.partial(<built-in method rollback of sqlite3.Connection object at 0x7f3c11fd9740>)
2026-02-10 02:01:45,653 - aiosqlite - DEBUG - operation functools.partial(<built-in method rollback of sqlite3.Connection object at 0x7f3c11fd9740>) completed
2026-02-10 02:01:45,653 - services.database - INFO - 🔧 Table creation completed
2026-02-10 02:01:45,654 - services.database - INFO - Database initialized successfully
2026-02-10 02:01:45,654 - services.database - DEBUG - [DB_OP] Database initialization completed in 0.0859s
2026-02-10 02:01:45,654 - services.mock_data - INFO - Processing mock data file state_regulations.json for table state_regulations
2026-02-10 02:01:45,655 - aiosqlite - DEBUG - executing functools.partial(<built-in method cursor of sqlite3.Connection object at 0x7f3c11fd9740>)
2026-02-10 02:01:45,655 - aiosqlite - DEBUG - operation functools.partial(<built-in method cursor of sqlite3.Connection object at 0x7f3c11fd9740>) completed
2026-02-10 02:01:45,655 - aiosqlite - DEBUG - executing functools.partial(<built-in method execute of sqlite3.Cursor object at 0x7f3c11a45540>, 'SELECT 1', [])
2026-02-10 02:01:45,655 - aiosqlite - DEBUG - operation functools.partial(<built-in method execute of sqlite3.Cursor object at 0x7f3c11a45540>, 'SELECT 1', []) completed
2026-02-10 02:01:45,655 - aiosqlite - DEBUG - executing functools.partial(<built-in method fetchall of sqlite3.Cursor object at 0x7f3c11a45540>)
2026-02-10 02:01:45,656 - aiosqlite - DEBUG - operation functools.partial(<built-in method fetchall of sqlite3.Cursor object at 0x7f3c11a45540>) completed
2026-02-10 02:01:45,656 - aiosqlite - DEBUG - executing functools.partial(<built-in method close of sqlite3.Cursor object at 0x7f3c11a45540>)
2026-02-10 02:01:45,656 - aiosqlite - DEBUG - operation functools.partial(<built-in method close of sqlite3.Cursor object at 0x7f3c11a45540>) completed
2026-02-10 02:01:45,656 - aiosqlite - DEBUG - executing functools.partial(<built-in method cursor of sqlite3.Connection object at 0x7f3c11fd9740>)
2026-02-10 02:01:45,656 - aiosqlite - DEBUG - operation functools.partial(<built-in method cursor of sqlite3.Connection object at 0x7f3c11fd9740>) completed
2026-02-10 02:01:45,657 - aiosqlite - DEBUG - executing functools.partial(<built-in method execute of sqlite3.Cursor object at 0x7f3c11a45540>, 'PRAGMA main.table_xinfo("state_regulations")', ())
2026-02-10 02:01:45,659 - aiosqlite - DEBUG - operation functools.partial(<built-in method execute of sqlite3.Cursor object at 0x7f3c11a45540>, 'PRAGMA main.table_xinfo("state_regulations")', ()) completed
2026-02-10 02:01:45,659 - aiosqlite - DEBUG - executing functools.partial(<built-in method fetchall of sqlite3.Cursor object at 0x7f3c11a45540>)
2026-02-10 02:01:45,660 - aiosqlite - DEBUG - operation functools.partial(<built-in method fetchall of sqlite3.Cursor object at 0x7f3c11a45540>) completed
2026-02-10 02:01:45,660 - aiosqlite - DEBUG - executing functools.partial(<built-in method close of sqlite3.Cursor object at 0x7f3c11a45540>)
2026-02-10 02:01:45,660 - aiosqlite - DEBUG - operation functools.partial(<built-in method close of sqlite3.Cursor object at 0x7f3c11a45540>) completed
2026-02-10 02:01:45,660 - aiosqlite - DEBUG - executing functools.partial(<built-in method cursor of sqlite3.Connection object at 0x7f3c11fd9740>)
2026-02-10 02:01:45,661 - aiosqlite - DEBUG - operation functools.partial(<built-in method cursor of sqlite3.Connection object at 0x7f3c11fd9740>) completed
2026-02-10 02:01:45,661 - aiosqlite - DEBUG - executing functools.partial(<built-in method execute of sqlite3.Cursor object at 0x7f3c11a45540>, "SELECT sql FROM  (SELECT * FROM sqlite_master UNION ALL   SELECT * FROM sqlite_temp_master) WHERE name = ? AND type in ('table', 'view')", ('state_regulations',))
2026-02-10 02:01:45,663 - aiosqlite - DEBUG - operation functools.partial(<built-in method execute of sqlite3.Cursor object at 0x7f3c11a45540>, "SELECT sql FROM  (SELECT * FROM sqlite_master UNION ALL   SELECT * FROM sqlite_temp_master) WHERE name = ? AND type in ('table', 'view')", ('state_regulations',)) completed
2026-02-10 02:01:45,663 - aiosqlite - DEBUG - executing functools.partial(<built-in method fetchall of sqlite3.Cursor object at 0x7f3c11a45540>)
2026-02-10 02:01:45,663 - aiosqlite - DEBUG - operation functools.partial(<built-in method fetchall of sqlite3.Cursor object at 0x7f3c11a45540>) completed
2026-02-10 02:01:45,664 - aiosqlite - DEBUG - executing functools.partial(<built-in method close of sqlite3.Cursor object at 0x7f3c11a45540>)
2026-02-10 02:01:45,664 - aiosqlite - DEBUG - operation functools.partial(<built-in method close of sqlite3.Cursor object at 0x7f3c11a45540>) completed
2026-02-10 02:01:45,664 - aiosqlite - DEBUG - executing functools.partial(<built-in method cursor of sqlite3.Connection object at 0x7f3c11fd9740>)
2026-02-10 02:01:45,664 - aiosqlite - DEBUG - operation functools.partial(<built-in method cursor of sqlite3.Connection object at 0x7f3c11fd9740>) completed
2026-02-10 02:01:45,664 - aiosqlite - DEBUG - executing functools.partial(<built-in method execute of sqlite3.Cursor object at 0x7f3c11a45540>, 'PRAGMA main.foreign_key_list("state_regulations")', ())
2026-02-10 02:01:45,664 - aiosqlite - DEBUG - operation functools.partial(<built-in method execute of sqlite3.Cursor object at 0x7f3c11a45540>, 'PRAGMA main.foreign_key_list("state_regulations")', ()) completed
2026-02-10 02:01:45,664 - aiosqlite - DEBUG - executing functools.partial(<built-in method fetchall of sqlite3.Cursor object at 0x7f3c11a45540>)
2026-02-10 02:01:45,664 - aiosqlite - DEBUG - operation functools.partial(<built-in method fetchall of sqlite3.Cursor object at 0x7f3c11a45540>) completed
2026-02-10 02:01:45,665 - aiosqlite - DEBUG - executing functools.partial(<built-in method close of sqlite3.Cursor object at 0x7f3c11a45540>)
2026-02-10 02:01:45,665 - aiosqlite - DEBUG - operation functools.partial(<built-in method close of sqlite3.Cursor object at 0x7f3c11a45540>) completed
2026-02-10 02:01:45,665 - aiosqlite - DEBUG - executing functools.partial(<built-in method cursor of sqlite3.Connection object at 0x7f3c11fd9740>)
2026-02-10 02:01:45,665 - aiosqlite - DEBUG - operation functools.partial(<built-in method cursor of sqlite3.Connection object at 0x7f3c11fd9740>) completed
2026-02-10 02:01:45,665 - aiosqlite - DEBUG - executing functools.partial(<built-in method execute of sqlite3.Cursor object at 0x7f3c11a45540>, 'PRAGMA temp.foreign_key_list("state_regulations")', ())
2026-02-10 02:01:45,665 - aiosqlite - DEBUG - operation functools.partial(<built-in method execute of sqlite3.Cursor object at 0x7f3c11a45540>, 'PRAGMA temp.foreign_key_list("state_regulations")', ()) completed
2026-02-10 02:01:45,665 - aiosqlite - DEBUG - executing functools.partial(<built-in method fetchall of sqlite3.Cursor object at 0x7f3c11a45540>)
2026-02-10 02:01:45,665 - aiosqlite - DEBUG - operation functools.partial(<built-in method fetchall of sqlite3.Cursor object at 0x7f3c11a45540>) completed
2026-02-10 02:01:45,665 - aiosqlite - DEBUG - executing functools.partial(<built-in method close of sqlite3.Cursor object at 0x7f3c11a45540>)
2026-02-10 02:01:45,665 - aiosqlite - DEBUG - operation functools.partial(<built-in method close of sqlite3.Cursor object at 0x7f3c11a45540>) completed
2026-02-10 02:01:45,665 - aiosqlite - DEBUG - executing functools.partial(<built-in method cursor of sqlite3.Connection object at 0x7f3c11fd9740>)
2026-02-10 02:01:45,665 - aiosqlite - DEBUG - operation functools.partial(<built-in method cursor of sqlite3.Connection object at 0x7f3c11fd9740>) completed
2026-02-10 02:01:45,666 - aiosqlite - DEBUG - executing functools.partial(<built-in method execute of sqlite3.Cursor object at 0x7f3c11a45540>, "SELECT sql FROM  (SELECT * FROM sqlite_master UNION ALL   SELECT * FROM sqlite_temp_master) WHERE name = ? AND type in ('table', 'view')", ('state_regulations',))
2026-02-10 02:01:45,668 - aiosqlite - DEBUG - operation functools.partial(<built-in method execute of sqlite3.Cursor object at 0x7f3c11a45540>, "SELECT sql FROM  (SELECT * FROM sqlite_master UNION ALL   SELECT * FROM sqlite_temp_master) WHERE name = ? AND type in ('table', 'view')", ('state_regulations',)) completed
2026-02-10 02:01:45,668 - aiosqlite - DEBUG - executing functools.partial(<built-in method fetchall of sqlite3.Cursor object at 0x7f3c11a45540>)
2026-02-10 02:01:45,669 - aiosqlite - DEBUG - operation functools.partial(<built-in method fetchall of sqlite3.Cursor object at 0x7f3c11a45540>) completed
2026-02-10 02:01:45,669 - aiosqlite - DEBUG - executing functools.partial(<built-in method close of sqlite3.Cursor object at 0x7f3c11a45540>)
2026-02-10 02:01:45,669 - aiosqlite - DEBUG - operation functools.partial(<built-in method close of sqlite3.Cursor object at 0x7f3c11a45540>) completed
2026-02-10 02:01:45,670 - aiosqlite - DEBUG - executing functools.partial(<built-in method cursor of sqlite3.Connection object at 0x7f3c11fd9740>)
2026-02-10 02:01:45,670 - aiosqlite - DEBUG - operation functools.partial(<built-in method cursor of sqlite3.Connection object at 0x7f3c11fd9740>) completed
2026-02-10 02:01:45,671 - aiosqlite - DEBUG - executing functools.partial(<built-in method execute of sqlite3.Cursor object at 0x7f3c11a45540>, 'PRAGMA main.index_list("state_regulations")', ())
2026-02-10 02:01:45,673 - aiosqlite - DEBUG - operation functools.partial(<built-in method execute of sqlite3.Cursor object at 0x7f3c11a45540>, 'PRAGMA main.index_list("state_regulations")', ()) completed
2026-02-10 02:01:45,673 - aiosqlite - DEBUG - executing functools.partial(<built-in method fetchall of sqlite3.Cursor object at 0x7f3c11a45540>)
2026-02-10 02:01:45,674 - aiosqlite - DEBUG - operation functools.partial(<built-in method fetchall of sqlite3.Cursor object at 0x7f3c11a45540>) completed
2026-02-10 02:01:45,674 - aiosqlite - DEBUG - executing functools.partial(<built-in method close of sqlite3.Cursor object at 0x7f3c11a45540>)
2026-02-10 02:01:45,674 - aiosqlite - DEBUG - operation functools.partial(<built-in method close of sqlite3.Cursor object at 0x7f3c11a45540>) completed
2026-02-10 02:01:45,674 - aiosqlite - DEBUG - executing functools.partial(<built-in method cursor of sqlite3.Connection object at 0x7f3c11fd9740>)
2026-02-10 02:01:45,674 - aiosqlite - DEBUG - operation functools.partial(<built-in method cursor of sqlite3.Connection object at 0x7f3c11fd9740>) completed
2026-02-10 02:01:45,674 - aiosqlite - DEBUG - executing functools.partial(<built-in method execute of sqlite3.Cursor object at 0x7f3c11a45540>, 'PRAGMA main.index_info("ix_state_regulations_id")', ())
2026-02-10 02:01:45,676 - aiosqlite - DEBUG - operation functools.partial(<built-in method execute of sqlite3.Cursor object at 0x7f3c11a45540>, 'PRAGMA main.index_info("ix_state_regulations_id")', ()) completed
2026-02-10 02:01:45,677 - aiosqlite - DEBUG - executing functools.partial(<built-in method fetchall of sqlite3.Cursor object at 0x7f3c11a45540>)
2026-02-10 02:01:45,677 - aiosqlite - DEBUG - operation functools.partial(<built-in method fetchall of sqlite3.Cursor object at 0x7f3c11a45540>) completed
2026-02-10 02:01:45,677 - aiosqlite - DEBUG - executing functools.partial(<built-in method close of sqlite3.Cursor object at 0x7f3c11a45540>)
2026-02-10 02:01:45,678 - aiosqlite - DEBUG - operation functools.partial(<built-in method close of sqlite3.Cursor object at 0x7f3c11a45540>) completed
2026-02-10 02:01:45,678 - aiosqlite - DEBUG - executing functools.partial(<built-in method cursor of sqlite3.Connection object at 0x7f3c11fd9740>)
2026-02-10 02:01:45,678 - aiosqlite - DEBUG - operation functools.partial(<built-in method cursor of sqlite3.Connection object at 0x7f3c11fd9740>) completed
2026-02-10 02:01:45,678 - aiosqlite - DEBUG - executing functools.partial(<built-in method execute of sqlite3.Cursor object at 0x7f3c11a45540>, 'PRAGMA main.index_list("state_regulations")', ())
2026-02-10 02:01:45,680 - aiosqlite - DEBUG - operation functools.partial(<built-in method execute of sqlite3.Cursor object at 0x7f3c11a45540>, 'PRAGMA main.index_list("state_regulations")', ()) completed
2026-02-10 02:01:45,680 - aiosqlite - DEBUG - executing functools.partial(<built-in method fetchall of sqlite3.Cursor object at 0x7f3c11a45540>)
2026-02-10 02:01:45,681 - aiosqlite - DEBUG - operation functools.partial(<built-in method fetchall of sqlite3.Cursor object at 0x7f3c11a45540>) completed
2026-02-10 02:01:45,681 - aiosqlite - DEBUG - executing functools.partial(<built-in method close of sqlite3.Cursor object at 0x7f3c11a45540>)
2026-02-10 02:01:45,681 - aiosqlite - DEBUG - operation functools.partial(<built-in method close of sqlite3.Cursor object at 0x7f3c11a45540>) completed
2026-02-10 02:01:45,681 - aiosqlite - DEBUG - executing functools.partial(<built-in method cursor of sqlite3.Connection object at 0x7f3c11fd9740>)
2026-02-10 02:01:45,681 - aiosqlite - DEBUG - operation functools.partial(<built-in method cursor of sqlite3.Connection object at 0x7f3c11fd9740>) completed
2026-02-10 02:01:45,681 - aiosqlite - DEBUG - executing functools.partial(<built-in method execute of sqlite3.Cursor object at 0x7f3c11a45540>, 'PRAGMA main.index_info("ix_state_regulations_id")', ())
2026-02-10 02:01:45,683 - aiosqlite - DEBUG - operation functools.partial(<built-in method execute of sqlite3.Cursor object at 0x7f3c11a45540>, 'PRAGMA main.index_info("ix_state_regulations_id")', ()) completed
2026-02-10 02:01:45,684 - aiosqlite - DEBUG - executing functools.partial(<built-in method fetchall of sqlite3.Cursor object at 0x7f3c11a45540>)
2026-02-10 02:01:45,684 - aiosqlite - DEBUG - operation functools.partial(<built-in method fetchall of sqlite3.Cursor object at 0x7f3c11a45540>) completed
2026-02-10 02:01:45,684 - aiosqlite - DEBUG - executing functools.partial(<built-in method close of sqlite3.Cursor object at 0x7f3c11a45540>)
2026-02-10 02:01:45,685 - aiosqlite - DEBUG - operation functools.partial(<built-in method close of sqlite3.Cursor object at 0x7f3c11a45540>) completed
2026-02-10 02:01:45,685 - aiosqlite - DEBUG - executing functools.partial(<built-in method cursor of sqlite3.Connection object at 0x7f3c11fd9740>)
2026-02-10 02:01:45,685 - aiosqlite - DEBUG - operation functools.partial(<built-in method cursor of sqlite3.Connection object at 0x7f3c11fd9740>) completed
2026-02-10 02:01:45,685 - aiosqlite - DEBUG - executing functools.partial(<built-in method execute of sqlite3.Cursor object at 0x7f3c11a45540>, "SELECT sql FROM  (SELECT * FROM sqlite_master UNION ALL   SELECT * FROM sqlite_temp_master) WHERE name = ? AND type in ('table', 'view')", ('state_regulations',))
2026-02-10 02:01:45,687 - aiosqlite - DEBUG - operation functools.partial(<built-in method execute of sqlite3.Cursor object at 0x7f3c11a45540>, "SELECT sql FROM  (SELECT * FROM sqlite_master UNION ALL   SELECT * FROM sqlite_temp_master) WHERE name = ? AND type in ('table', 'view')", ('state_regulations',)) completed
2026-02-10 02:01:45,688 - aiosqlite - DEBUG - executing functools.partial(<built-in method fetchall of sqlite3.Cursor object at 0x7f3c11a45540>)
2026-02-10 02:01:45,688 - aiosqlite - DEBUG - operation functools.partial(<built-in method fetchall of sqlite3.Cursor object at 0x7f3c11a45540>) completed
2026-02-10 02:01:45,689 - aiosqlite - DEBUG - executing functools.partial(<built-in method close of sqlite3.Cursor object at 0x7f3c11a45540>)
2026-02-10 02:01:45,689 - aiosqlite - DEBUG - operation functools.partial(<built-in method close of sqlite3.Cursor object at 0x7f3c11a45540>) completed
2026-02-10 02:01:45,694 - aiosqlite - DEBUG - executing functools.partial(<built-in method cursor of sqlite3.Connection object at 0x7f3c11fd9740>)
2026-02-10 02:01:45,694 - aiosqlite - DEBUG - operation functools.partial(<built-in method cursor of sqlite3.Connection object at 0x7f3c11fd9740>) completed
2026-02-10 02:01:45,694 - aiosqlite - DEBUG - executing functools.partial(<built-in method execute of sqlite3.Cursor object at 0x7f3c11a45540>, 'SELECT count(*) AS count_1 \nFROM state_regulations', ())
2026-02-10 02:01:45,697 - aiosqlite - DEBUG - operation functools.partial(<built-in method execute of sqlite3.Cursor object at 0x7f3c11a45540>, 'SELECT count(*) AS count_1 \nFROM state_regulations', ()) completed
2026-02-10 02:01:45,698 - aiosqlite - DEBUG - executing functools.partial(<built-in method fetchall of sqlite3.Cursor object at 0x7f3c11a45540>)
2026-02-10 02:01:45,703 - aiosqlite - DEBUG - operation functools.partial(<built-in method fetchall of sqlite3.Cursor object at 0x7f3c11a45540>) completed
2026-02-10 02:01:45,703 - aiosqlite - DEBUG - executing functools.partial(<built-in method close of sqlite3.Cursor object at 0x7f3c11a45540>)
2026-02-10 02:01:45,703 - aiosqlite - DEBUG - operation functools.partial(<built-in method close of sqlite3.Cursor object at 0x7f3c11a45540>) completed
2026-02-10 02:01:45,704 - services.mock_data - INFO - Table state_regulations already has 50 rows; skipping mock insert
2026-02-10 02:01:45,704 - aiosqlite - DEBUG - executing functools.partial(<built-in method commit of sqlite3.Connection object at 0x7f3c11fd9740>)
2026-02-10 02:01:45,705 - aiosqlite - DEBUG - operation functools.partial(<built-in method commit of sqlite3.Connection object at 0x7f3c11fd9740>) completed
2026-02-10 02:01:45,705 - aiosqlite - DEBUG - executing functools.partial(<built-in method rollback of sqlite3.Connection object at 0x7f3c11fd9740>)
2026-02-10 02:01:45,705 - aiosqlite - DEBUG - operation functools.partial(<built-in method rollback of sqlite3.Connection object at 0x7f3c11fd9740>) completed
2026-02-10 02:01:45,706 - services.database - DEBUG - [DB_OP] Starting database initialization
2026-02-10 02:01:45,706 - services.database - INFO - 🔧 Starting database initialization...
2026-02-10 02:01:45,706 - core.database - INFO - Starting database initialization...
2026-02-10 02:01:45,706 - core.database - INFO - Database already initialized
2026-02-10 02:01:45,706 - services.database - INFO - 🔧 Database connection initialized, now creating tables if tables not exist...
2026-02-10 02:01:45,707 - core.database - DEBUG - [DB_OP] Starting create_tables
2026-02-10 02:01:45,707 - core.database - INFO - Tables already initialized
2026-02-10 02:01:45,707 - services.database - INFO - 🔧 Table creation completed
2026-02-10 02:01:45,707 - services.database - INFO - Database initialized successfully
2026-02-10 02:01:45,707 - services.database - DEBUG - [DB_OP] Database initialization completed in 0.0016s
2026-02-10 02:01:45,707 - services.auth - WARNING - Admin user ID or email not configured, skipping admin initialization
2026-02-10 02:01:45,707 - main - INFO - === Application startup completed successfully ===
