2026-02-07 09:39:29,523 - main - INFO - === Logging system initialized ===
2026-02-07 09:39:29,523 - main - INFO - Log file: logs/app_20260207_093929.log
2026-02-07 09:39:29,523 - main - INFO - Log level: INFO
2026-02-07 09:39:29,523 - main - INFO - Timestamp: 20260207_093929
2026-02-07 09:39:29,527 - main - INFO - === Logging system initialized ===
2026-02-07 09:39:29,527 - main - INFO - Log file: logs/app_20260207_093929.log
2026-02-07 09:39:29,527 - main - INFO - Log level: INFO
2026-02-07 09:39:29,527 - main - INFO - Timestamp: 20260207_093929
2026-02-07 09:39:30,399 - main - INFO - Included router: routers.aihub.router
2026-02-07 09:39:30,401 - main - INFO - Included router: routers.aihub.router
2026-02-07 09:39:30,423 - main - INFO - Included router: routers.auth.router
2026-02-07 09:39:30,431 - main - INFO - Included router: routers.auth.router
2026-02-07 09:39:30,474 - main - INFO - Included router: routers.documents.router
2026-02-07 09:39:30,486 - main - INFO - Included router: routers.documents.router
2026-02-07 09:39:30,609 - main - INFO - Included router: routers.extractions.router
2026-02-07 09:39:30,612 - main - INFO - Included router: routers.health.router
2026-02-07 09:39:30,631 - main - INFO - Included router: routers.extractions.router
2026-02-07 09:39:30,634 - main - INFO - Included router: routers.health.router
2026-02-07 09:39:30,754 - main - INFO - Included router: routers.lease_analysis.router
2026-02-07 09:39:30,755 - main - INFO - Included router: routers.lease_analysis.router
2026-02-07 09:39:30,807 - main - INFO - Included router: routers.payments.router
2026-02-07 09:39:30,807 - main - INFO - Included router: routers.payments.router
2026-02-07 09:39:30,828 - main - INFO - Included router: routers.settings.router
2026-02-07 09:39:30,831 - main - INFO - Included router: routers.settings.router
2026-02-07 09:39:30,870 - main - INFO - Included router: routers.storage.router
2026-02-07 09:39:30,871 - main - INFO - Included router: routers.storage.router
2026-02-07 09:39:30,880 - main - INFO - Included router: routers.user.router
2026-02-07 09:39:30,881 - main - INFO - Included router: routers.user.router
2026-02-07 09:39:30,928 - main - INFO - Included router: routers.user_credits.router
2026-02-07 09:39:30,929 - main - INFO - === Application startup initiated ===
2026-02-07 09:39:30,929 - services.database - DEBUG - [DB_OP] Starting database initialization
2026-02-07 09:39:30,930 - services.database - INFO - 🔧 Starting database initialization...
2026-02-07 09:39:30,930 - core.database - INFO - Starting database initialization...
2026-02-07 09:39:30,930 - core.config - DEBUG - Read dynamic attribute database_url from environment variable DATABASE_URL
2026-02-07 09:39:30,930 - core.database - INFO - Normalizing database URL for async compatibility...
2026-02-07 09:39:30,931 - core.database - INFO - Creating async database engine...
2026-02-07 09:39:30,932 - core.database - INFO - Using QueuePool with connection pooling for non-Lambda environment
2026-02-07 09:39:30,932 - main - INFO - Included router: routers.user_credits.router
2026-02-07 09:39:30,934 - main - INFO - === Application startup initiated ===
2026-02-07 09:39:30,934 - services.database - DEBUG - [DB_OP] Starting database initialization
2026-02-07 09:39:30,934 - services.database - INFO - 🔧 Starting database initialization...
2026-02-07 09:39:30,934 - core.database - INFO - Starting database initialization...
2026-02-07 09:39:30,934 - core.config - DEBUG - Read dynamic attribute database_url from environment variable DATABASE_URL
2026-02-07 09:39:30,934 - core.database - INFO - Normalizing database URL for async compatibility...
2026-02-07 09:39:30,935 - core.database - INFO - Creating async database engine...
2026-02-07 09:39:30,936 - core.database - INFO - Using QueuePool with connection pooling for non-Lambda environment
2026-02-07 09:39:30,980 - core.database - INFO - Database engine created successfully
2026-02-07 09:39:30,980 - core.database - INFO - Creating async session maker...
2026-02-07 09:39:30,980 - core.database - INFO - Async session maker created successfully
2026-02-07 09:39:30,981 - core.database - INFO - Database connection initialized successfully
2026-02-07 09:39:30,981 - services.database - INFO - 🔧 Database connection initialized, now creating tables if tables not exist...
2026-02-07 09:39:30,981 - core.database - DEBUG - [DB_OP] Starting create_tables
2026-02-07 09:39:30,982 - core.database - INFO - 🔧 Starting table creation...
2026-02-07 09:39:30,986 - core.database - INFO - Database engine created successfully
2026-02-07 09:39:30,986 - core.database - INFO - Creating async session maker...
2026-02-07 09:39:30,987 - core.database - INFO - Async session maker created successfully
2026-02-07 09:39:30,987 - core.database - INFO - Database connection initialized successfully
2026-02-07 09:39:30,987 - services.database - INFO - 🔧 Database connection initialized, now creating tables if tables not exist...
2026-02-07 09:39:30,987 - core.database - DEBUG - [DB_OP] Starting create_tables
2026-02-07 09:39:30,987 - core.database - INFO - 🔧 Starting table creation...
2026-02-07 09:39:32,451 - core.database - INFO - Tables initialized successfully
2026-02-07 09:39:32,452 - core.database - DEBUG - [DB_OP] Create tables completed in 1.4703s
2026-02-07 09:39:32,473 - core.database - INFO - Tables initialized successfully
2026-02-07 09:39:32,473 - core.database - DEBUG - [DB_OP] Create tables completed in 1.4860s
2026-02-07 09:39:32,511 - services.database - INFO - 🔧 Table creation completed
2026-02-07 09:39:32,511 - services.database - INFO - Database initialized successfully
2026-02-07 09:39:32,511 - services.database - DEBUG - [DB_OP] Database initialization completed in 1.5817s
2026-02-07 09:39:32,512 - services.mock_data - INFO - mock_data directory not found, skipping mock initialization
2026-02-07 09:39:32,512 - services.database - DEBUG - [DB_OP] Starting database initialization
2026-02-07 09:39:32,512 - services.database - INFO - 🔧 Starting database initialization...
2026-02-07 09:39:32,512 - core.database - INFO - Starting database initialization...
2026-02-07 09:39:32,512 - core.database - INFO - Database already initialized
2026-02-07 09:39:32,513 - services.database - INFO - 🔧 Database connection initialized, now creating tables if tables not exist...
2026-02-07 09:39:32,513 - core.database - DEBUG - [DB_OP] Starting create_tables
2026-02-07 09:39:32,513 - core.database - INFO - Tables already initialized
2026-02-07 09:39:32,513 - services.database - INFO - 🔧 Table creation completed
2026-02-07 09:39:32,513 - services.database - INFO - Database initialized successfully
2026-02-07 09:39:32,513 - services.database - DEBUG - [DB_OP] Database initialization completed in 0.0011s
2026-02-07 09:39:32,513 - core.config - DEBUG - Read dynamic attribute admin_user_id from environment variable ADMIN_USER_ID
2026-02-07 09:39:32,513 - core.config - DEBUG - Read dynamic attribute admin_user_email from environment variable ADMIN_USER_EMAIL
2026-02-07 09:39:32,533 - services.database - INFO - 🔧 Table creation completed
2026-02-07 09:39:32,533 - services.database - INFO - Database initialized successfully
2026-02-07 09:39:32,534 - services.database - DEBUG - [DB_OP] Database initialization completed in 1.5995s
2026-02-07 09:39:32,534 - services.mock_data - INFO - mock_data directory not found, skipping mock initialization
2026-02-07 09:39:32,534 - services.database - DEBUG - [DB_OP] Starting database initialization
2026-02-07 09:39:32,534 - services.database - INFO - 🔧 Starting database initialization...
2026-02-07 09:39:32,534 - core.database - INFO - Starting database initialization...
2026-02-07 09:39:32,534 - core.database - INFO - Database already initialized
2026-02-07 09:39:32,534 - services.database - INFO - 🔧 Database connection initialized, now creating tables if tables not exist...
2026-02-07 09:39:32,534 - core.database - DEBUG - [DB_OP] Starting create_tables
2026-02-07 09:39:32,534 - core.database - INFO - Tables already initialized
2026-02-07 09:39:32,534 - services.database - INFO - 🔧 Table creation completed
2026-02-07 09:39:32,535 - services.database - INFO - Database initialized successfully
2026-02-07 09:39:32,535 - services.database - DEBUG - [DB_OP] Database initialization completed in 0.0008s
2026-02-07 09:39:32,535 - core.config - DEBUG - Read dynamic attribute admin_user_id from environment variable ADMIN_USER_ID
2026-02-07 09:39:32,535 - core.config - DEBUG - Read dynamic attribute admin_user_email from environment variable ADMIN_USER_EMAIL
2026-02-07 09:39:32,930 - services.auth - DEBUG - Admin user 956410 already exists
2026-02-07 09:39:32,957 - services.auth - DEBUG - Admin user 956410 already exists
2026-02-07 09:39:32,989 - main - INFO - === Application startup completed successfully ===
2026-02-07 09:39:33,018 - main - INFO - === Application startup completed successfully ===
2026-02-07 09:39:46,431 - services.database - DEBUG - [DB_OP] Starting database close
2026-02-07 09:39:46,462 - services.database - DEBUG - [DB_OP] Starting database close
2026-02-07 09:39:46,493 - core.database - INFO - Database connection closed and engine disposed
2026-02-07 09:39:46,493 - services.database - INFO - Database connections closed
2026-02-07 09:39:46,494 - services.database - DEBUG - [DB_OP] Database close completed in 0.0629s
2026-02-07 09:39:46,526 - core.database - INFO - Database connection closed and engine disposed
2026-02-07 09:39:46,526 - services.database - INFO - Database connections closed
2026-02-07 09:39:46,526 - services.database - DEBUG - [DB_OP] Database close completed in 0.0640s
