2026-02-07 22:57:05,599 - main - INFO - === Logging system initialized ===
2026-02-07 22:57:05,600 - main - INFO - Log file: logs/app_20260207_225705.log
2026-02-07 22:57:05,600 - main - INFO - Log level: INFO
2026-02-07 22:57:05,600 - main - INFO - Timestamp: 20260207_225705
2026-02-07 22:57:06,480 - main - INFO - Included router: routers.aihub.router
2026-02-07 22:57:06,497 - main - INFO - Included router: routers.auth.router
2026-02-07 22:57:06,667 - main - INFO - Included router: routers.documents.router
2026-02-07 22:57:06,745 - main - INFO - Included router: routers.extractions.router
2026-02-07 22:57:06,747 - main - INFO - Included router: routers.health.router
2026-02-07 22:57:06,775 - main - INFO - Included router: routers.lease_analysis.router
2026-02-07 22:57:06,824 - main - INFO - Included router: routers.payments.router
2026-02-07 22:57:06,844 - main - INFO - Included router: routers.settings.router
2026-02-07 22:57:06,885 - main - INFO - Included router: routers.state_regulations.router
2026-02-07 22:57:06,919 - main - INFO - Included router: routers.storage.router
2026-02-07 22:57:06,939 - core.config - DEBUG - Read dynamic attribute stripe_secret_key from environment variable STRIPE_SECRET_KEY
2026-02-07 22:57:06,947 - main - INFO - Included router: routers.stripe_payments.router
2026-02-07 22:57:06,954 - main - INFO - Included router: routers.user.router
2026-02-07 22:57:06,996 - main - INFO - Included router: routers.user_credits.router
2026-02-07 22:57:06,997 - main - INFO - === Application startup initiated ===
2026-02-07 22:57:06,997 - services.database - DEBUG - [DB_OP] Starting database initialization
2026-02-07 22:57:06,998 - services.database - INFO - 🔧 Starting database initialization...
2026-02-07 22:57:06,998 - core.database - INFO - Starting database initialization...
2026-02-07 22:57:06,998 - core.config - DEBUG - Read dynamic attribute database_url from environment variable DATABASE_URL
2026-02-07 22:57:06,998 - core.database - INFO - Normalizing database URL for async compatibility...
2026-02-07 22:57:07,000 - core.database - INFO - Creating async database engine...
2026-02-07 22:57:07,000 - core.database - INFO - Using QueuePool with connection pooling for non-Lambda environment
2026-02-07 22:57:07,076 - core.database - INFO - Database engine created successfully
2026-02-07 22:57:07,076 - core.database - INFO - Creating async session maker...
2026-02-07 22:57:07,076 - core.database - INFO - Async session maker created successfully
2026-02-07 22:57:07,076 - core.database - INFO - Database connection initialized successfully
2026-02-07 22:57:07,076 - services.database - INFO - 🔧 Database connection initialized, now creating tables if tables not exist...
2026-02-07 22:57:07,077 - core.database - DEBUG - [DB_OP] Starting create_tables
2026-02-07 22:57:07,077 - core.database - INFO - 🔧 Starting table creation...
2026-02-07 22:57:08,959 - core.database - INFO - Tables initialized successfully
2026-02-07 22:57:08,960 - core.database - DEBUG - [DB_OP] Create tables completed in 1.8829s
2026-02-07 22:57:09,018 - services.database - INFO - 🔧 Table creation completed
2026-02-07 22:57:09,019 - services.database - INFO - Database initialized successfully
2026-02-07 22:57:09,019 - services.database - DEBUG - [DB_OP] Database initialization completed in 2.0216s
2026-02-07 22:57:09,034 - services.mock_data - INFO - Processing mock data file state_regulations.json for table state_regulations
2026-02-07 22:57:11,034 - services.mock_data - INFO - Table state_regulations already has 50 rows; skipping mock insert
2026-02-07 22:57:11,092 - services.database - DEBUG - [DB_OP] Starting database initialization
2026-02-07 22:57:11,093 - services.database - INFO - 🔧 Starting database initialization...
2026-02-07 22:57:11,093 - core.database - INFO - Starting database initialization...
2026-02-07 22:57:11,093 - core.database - INFO - Database already initialized
2026-02-07 22:57:11,093 - services.database - INFO - 🔧 Database connection initialized, now creating tables if tables not exist...
2026-02-07 22:57:11,093 - core.database - DEBUG - [DB_OP] Starting create_tables
2026-02-07 22:57:11,094 - core.database - INFO - Tables already initialized
2026-02-07 22:57:11,094 - services.database - INFO - 🔧 Table creation completed
2026-02-07 22:57:11,094 - services.database - INFO - Database initialized successfully
2026-02-07 22:57:11,094 - services.database - DEBUG - [DB_OP] Database initialization completed in 0.0017s
2026-02-07 22:57:11,094 - core.config - DEBUG - Read dynamic attribute admin_user_id from environment variable ADMIN_USER_ID
2026-02-07 22:57:11,094 - core.config - DEBUG - Read dynamic attribute admin_user_email from environment variable ADMIN_USER_EMAIL
2026-02-07 22:57:11,457 - services.auth - DEBUG - Admin user 956410 already exists
2026-02-07 22:57:11,517 - main - INFO - === Application startup completed successfully ===
2026-02-07 22:59:03,344 - services.database - DEBUG - [DB_OP] Starting database close
2026-02-07 22:59:03,407 - core.database - INFO - Database connection closed and engine disposed
2026-02-07 22:59:03,408 - services.database - INFO - Database connections closed
2026-02-07 22:59:03,408 - services.database - DEBUG - [DB_OP] Database close completed in 0.0637s
