2026-02-10 01:05:03,256 - main - INFO - === Logging system initialized ===
2026-02-10 01:05:03,257 - main - INFO - Log file: logs/app_20260210_010503.log
2026-02-10 01:05:03,257 - main - INFO - Log level: INFO
2026-02-10 01:05:03,257 - main - INFO - Timestamp: 20260210_010503
2026-02-10 01:05:03,763 - main - INFO - Included router: routers.aihub.router
2026-02-10 01:05:03,788 - main - INFO - Included router: routers.auth.router
2026-02-10 01:05:03,850 - main - INFO - Included router: routers.documents.router
2026-02-10 01:05:03,934 - main - INFO - Included router: routers.extractions.router
2026-02-10 01:05:03,948 - main - INFO - Included router: routers.google_auth.router
2026-02-10 01:05:03,950 - main - INFO - Included router: routers.health.router
2026-02-10 01:05:05,216 - main - INFO - Included router: routers.lease_analysis.router
2026-02-10 01:05:05,313 - main - INFO - Included router: routers.payments.router
2026-02-10 01:05:05,338 - main - INFO - Included router: routers.settings.router
2026-02-10 01:05:05,493 - main - INFO - Included router: routers.state_regulations.router
2026-02-10 01:05:05,524 - main - INFO - Included router: routers.storage.router
2026-02-10 01:05:05,547 - core.config - DEBUG - Read dynamic attribute stripe_secret_key from environment variable STRIPE_SECRET_KEY
2026-02-10 01:05:05,559 - main - INFO - Included router: routers.stripe_payments.router
2026-02-10 01:05:05,579 - main - INFO - Included router: routers.user.router
2026-02-10 01:05:05,624 - main - INFO - Included router: routers.user_credits.router
2026-02-10 01:05:05,627 - main - INFO - === Application startup initiated ===
2026-02-10 01:05:05,627 - services.database - DEBUG - [DB_OP] Starting database initialization
2026-02-10 01:05:05,627 - services.database - INFO - 🔧 Starting database initialization...
2026-02-10 01:05:05,627 - core.database - INFO - Starting database initialization...
2026-02-10 01:05:05,627 - core.database - INFO - Normalizing database URL for async compatibility...
2026-02-10 01:05:05,628 - core.database - INFO - Creating async database engine...
2026-02-10 01:05:05,628 - core.database - INFO - Using QueuePool with connection pooling for non-Lambda environment
2026-02-10 01:05:05,696 - core.database - INFO - Database engine created successfully
2026-02-10 01:05:05,697 - core.database - INFO - Creating async session maker...
2026-02-10 01:05:05,697 - core.database - INFO - Async session maker created successfully
2026-02-10 01:05:05,697 - core.database - INFO - Database connection initialized successfully
2026-02-10 01:05:05,698 - services.database - INFO - 🔧 Database connection initialized, now creating tables if tables not exist...
2026-02-10 01:05:05,698 - core.database - DEBUG - [DB_OP] Starting create_tables
2026-02-10 01:05:05,698 - core.database - INFO - 🔧 Starting table creation...
2026-02-10 01:05:09,434 - core.database - INFO - Tables initialized successfully
2026-02-10 01:05:09,434 - core.database - DEBUG - [DB_OP] Create tables completed in 3.7365s
2026-02-10 01:05:09,494 - services.database - INFO - 🔧 Table creation completed
2026-02-10 01:05:09,494 - services.database - INFO - Database initialized successfully
2026-02-10 01:05:09,494 - services.database - DEBUG - [DB_OP] Database initialization completed in 3.8673s
2026-02-10 01:05:09,509 - services.mock_data - INFO - Processing mock data file state_regulations.json for table state_regulations
2026-02-10 01:05:11,558 - services.mock_data - INFO - Table state_regulations already has 50 rows; skipping mock insert
2026-02-10 01:05:11,617 - services.database - DEBUG - [DB_OP] Starting database initialization
2026-02-10 01:05:11,618 - services.database - INFO - 🔧 Starting database initialization...
2026-02-10 01:05:11,618 - core.database - INFO - Starting database initialization...
2026-02-10 01:05:11,618 - core.database - INFO - Database already initialized
2026-02-10 01:05:11,619 - services.database - INFO - 🔧 Database connection initialized, now creating tables if tables not exist...
2026-02-10 01:05:11,619 - core.database - DEBUG - [DB_OP] Starting create_tables
2026-02-10 01:05:11,619 - core.database - INFO - Tables already initialized
2026-02-10 01:05:11,619 - services.database - INFO - 🔧 Table creation completed
2026-02-10 01:05:11,619 - services.database - INFO - Database initialized successfully
2026-02-10 01:05:11,619 - services.database - DEBUG - [DB_OP] Database initialization completed in 0.0020s
2026-02-10 01:05:11,620 - core.config - DEBUG - Read dynamic attribute admin_user_id from environment variable ADMIN_USER_ID
2026-02-10 01:05:11,620 - core.config - DEBUG - Read dynamic attribute admin_user_email from environment variable ADMIN_USER_EMAIL
2026-02-10 01:05:11,987 - services.auth - DEBUG - Admin user 956410 already exists
2026-02-10 01:05:12,048 - main - INFO - === Application startup completed successfully ===
2026-02-10 01:05:40,738 - services.database - DEBUG - [DB_OP] Starting database close
2026-02-10 01:05:40,801 - core.database - INFO - Database connection closed and engine disposed
2026-02-10 01:05:40,802 - services.database - INFO - Database connections closed
2026-02-10 01:05:40,802 - services.database - DEBUG - [DB_OP] Database close completed in 0.0635s
