2026-02-08 23:49:22,915 - main - INFO - === Logging system initialized ===
2026-02-08 23:49:22,916 - main - INFO - Log file: logs/app_20260208_234922.log
2026-02-08 23:49:22,916 - main - INFO - Log level: INFO
2026-02-08 23:49:22,916 - main - INFO - Timestamp: 20260208_234922
2026-02-08 23:49:23,443 - main - INFO - Included router: routers.aihub.router
2026-02-08 23:49:23,466 - main - INFO - Included router: routers.auth.router
2026-02-08 23:49:23,508 - main - INFO - Included router: routers.documents.router
2026-02-08 23:49:23,567 - main - INFO - Included router: routers.extractions.router
2026-02-08 23:49:23,578 - main - INFO - Included router: routers.google_auth.router
2026-02-08 23:49:23,580 - main - INFO - Included router: routers.health.router
2026-02-08 23:49:23,867 - main - INFO - Included router: routers.lease_analysis.router
2026-02-08 23:49:23,916 - main - INFO - Included router: routers.payments.router
2026-02-08 23:49:23,940 - main - INFO - Included router: routers.settings.router
2026-02-08 23:49:23,979 - main - INFO - Included router: routers.state_regulations.router
2026-02-08 23:49:24,002 - main - INFO - Included router: routers.storage.router
2026-02-08 23:49:24,057 - core.config - DEBUG - Read dynamic attribute stripe_secret_key from environment variable STRIPE_SECRET_KEY
2026-02-08 23:49:24,069 - main - INFO - Included router: routers.stripe_payments.router
2026-02-08 23:49:24,077 - main - INFO - Included router: routers.user.router
2026-02-08 23:49:24,221 - main - INFO - Included router: routers.user_credits.router
2026-02-08 23:49:24,222 - main - INFO - === Application startup initiated ===
2026-02-08 23:49:24,223 - services.database - DEBUG - [DB_OP] Starting database initialization
2026-02-08 23:49:24,223 - services.database - INFO - 🔧 Starting database initialization...
2026-02-08 23:49:24,223 - core.database - INFO - Starting database initialization...
2026-02-08 23:49:24,223 - core.config - DEBUG - Read dynamic attribute database_url from environment variable DATABASE_URL
2026-02-08 23:49:24,223 - core.database - INFO - Normalizing database URL for async compatibility...
2026-02-08 23:49:24,224 - core.database - INFO - Creating async database engine...
2026-02-08 23:49:24,224 - core.database - INFO - Using QueuePool with connection pooling for non-Lambda environment
2026-02-08 23:49:24,269 - core.database - INFO - Database engine created successfully
2026-02-08 23:49:24,270 - core.database - INFO - Creating async session maker...
2026-02-08 23:49:24,270 - core.database - INFO - Async session maker created successfully
2026-02-08 23:49:24,270 - core.database - INFO - Database connection initialized successfully
2026-02-08 23:49:24,270 - services.database - INFO - 🔧 Database connection initialized, now creating tables if tables not exist...
2026-02-08 23:49:24,270 - core.database - DEBUG - [DB_OP] Starting create_tables
2026-02-08 23:49:24,270 - core.database - INFO - 🔧 Starting table creation...
2026-02-08 23:49:26,236 - core.database - INFO - Tables initialized successfully
2026-02-08 23:49:26,236 - core.database - DEBUG - [DB_OP] Create tables completed in 1.9657s
2026-02-08 23:49:26,298 - services.database - INFO - 🔧 Table creation completed
2026-02-08 23:49:26,298 - services.database - INFO - Database initialized successfully
2026-02-08 23:49:26,298 - services.database - DEBUG - [DB_OP] Database initialization completed in 2.0756s
2026-02-08 23:49:26,306 - services.mock_data - INFO - Processing mock data file state_regulations.json for table state_regulations
2026-02-08 23:49:28,410 - services.mock_data - INFO - Table state_regulations already has 50 rows; skipping mock insert
2026-02-08 23:49:28,473 - services.database - DEBUG - [DB_OP] Starting database initialization
2026-02-08 23:49:28,473 - services.database - INFO - 🔧 Starting database initialization...
2026-02-08 23:49:28,473 - core.database - INFO - Starting database initialization...
2026-02-08 23:49:28,473 - core.database - INFO - Database already initialized
2026-02-08 23:49:28,473 - services.database - INFO - 🔧 Database connection initialized, now creating tables if tables not exist...
2026-02-08 23:49:28,473 - core.database - DEBUG - [DB_OP] Starting create_tables
2026-02-08 23:49:28,473 - core.database - INFO - Tables already initialized
2026-02-08 23:49:28,474 - services.database - INFO - 🔧 Table creation completed
2026-02-08 23:49:28,474 - services.database - INFO - Database initialized successfully
2026-02-08 23:49:28,474 - services.database - DEBUG - [DB_OP] Database initialization completed in 0.0009s
2026-02-08 23:49:28,474 - core.config - DEBUG - Read dynamic attribute admin_user_id from environment variable ADMIN_USER_ID
2026-02-08 23:49:28,474 - core.config - DEBUG - Read dynamic attribute admin_user_email from environment variable ADMIN_USER_EMAIL
2026-02-08 23:49:28,857 - services.auth - DEBUG - Admin user 956410 already exists
2026-02-08 23:49:28,919 - main - INFO - === Application startup completed successfully ===
2026-02-08 23:51:43,031 - services.database - DEBUG - [DB_OP] Starting database close
2026-02-08 23:51:43,098 - core.database - INFO - Database connection closed and engine disposed
2026-02-08 23:51:43,098 - services.database - INFO - Database connections closed
2026-02-08 23:51:43,098 - services.database - DEBUG - [DB_OP] Database close completed in 0.0672s
