2026-02-08 20:58:21,159 - main - INFO - === Logging system initialized ===
2026-02-08 20:58:21,160 - main - INFO - Log file: logs/app_20260208_205821.log
2026-02-08 20:58:21,160 - main - INFO - Log level: INFO
2026-02-08 20:58:21,160 - main - INFO - Timestamp: 20260208_205821
2026-02-08 20:58:21,871 - main - INFO - Included router: routers.aihub.router
2026-02-08 20:58:21,890 - main - INFO - Included router: routers.auth.router
2026-02-08 20:58:21,953 - main - INFO - Included router: routers.documents.router
2026-02-08 20:58:22,140 - main - INFO - Included router: routers.extractions.router
2026-02-08 20:58:22,142 - main - INFO - Included router: routers.health.router
2026-02-08 20:58:22,171 - main - INFO - Included router: routers.lease_analysis.router
2026-02-08 20:58:22,305 - main - INFO - Included router: routers.payments.router
2026-02-08 20:58:22,329 - main - INFO - Included router: routers.settings.router
2026-02-08 20:58:22,371 - main - INFO - Included router: routers.state_regulations.router
2026-02-08 20:58:22,418 - main - INFO - Included router: routers.storage.router
2026-02-08 20:58:22,447 - main - WARNING - Failed to import module 'routers.stripe_payments': 'Settings' object has no attribute 'stripe_secret_key'
2026-02-08 20:58:22,458 - main - INFO - Included router: routers.user.router
2026-02-08 20:58:22,507 - main - INFO - Included router: routers.user_credits.router
2026-02-08 20:58:22,508 - main - INFO - === Application startup initiated ===
2026-02-08 20:58:22,508 - services.database - DEBUG - [DB_OP] Starting database initialization
2026-02-08 20:58:22,508 - services.database - INFO - 🔧 Starting database initialization...
2026-02-08 20:58:22,508 - core.database - INFO - Starting database initialization...
2026-02-08 20:58:22,509 - services.database - ERROR - Failed to initialize database: 'Settings' object has no attribute 'database_url'
