2026-02-09 23:46:33,185 - main - INFO - === Logging system initialized ===
2026-02-09 23:46:33,185 - main - INFO - Log file: logs/app_20260209_234633.log
2026-02-09 23:46:33,185 - main - INFO - Log level: INFO
2026-02-09 23:46:33,185 - main - INFO - Timestamp: 20260209_234633
2026-02-09 23:46:33,603 - main - INFO - Included router: routers.aihub.router
2026-02-09 23:46:33,619 - main - INFO - Included router: routers.auth.router
2026-02-09 23:46:33,661 - main - INFO - Included router: routers.documents.router
2026-02-09 23:46:33,713 - main - INFO - Included router: routers.extractions.router
2026-02-09 23:46:33,724 - main - INFO - Included router: routers.google_auth.router
2026-02-09 23:46:33,725 - main - INFO - Included router: routers.health.router
2026-02-09 23:46:33,922 - main - INFO - Included router: routers.lease_analysis.router
2026-02-09 23:46:33,967 - main - INFO - Included router: routers.payments.router
2026-02-09 23:46:33,986 - main - INFO - Included router: routers.settings.router
2026-02-09 23:46:34,024 - main - INFO - Included router: routers.state_regulations.router
2026-02-09 23:46:34,066 - main - INFO - Included router: routers.storage.router
2026-02-09 23:46:34,089 - main - WARNING - Failed to import module 'routers.stripe_payments': 'Settings' object has no attribute 'stripe_secret_key'
2026-02-09 23:46:34,098 - main - INFO - Included router: routers.user.router
2026-02-09 23:46:34,239 - main - INFO - Included router: routers.user_credits.router
2026-02-09 23:46:34,240 - main - INFO - === Application startup initiated ===
2026-02-09 23:46:34,241 - services.database - DEBUG - [DB_OP] Starting database initialization
2026-02-09 23:46:34,241 - services.database - INFO - 🔧 Starting database initialization...
2026-02-09 23:46:34,241 - core.database - INFO - Starting database initialization...
2026-02-09 23:46:34,241 - services.database - ERROR - Failed to initialize database: 'Settings' object has no attribute 'database_url'
