2026-02-07 21:46:21,622 - main - INFO - === Logging system initialized ===
2026-02-07 21:46:21,622 - main - INFO - Log file: logs/app_20260207_214621.log
2026-02-07 21:46:21,623 - main - INFO - Log level: INFO
2026-02-07 21:46:21,623 - main - INFO - Timestamp: 20260207_214621
2026-02-07 21:46:22,276 - main - INFO - Included router: routers.aihub.router
2026-02-07 21:46:22,295 - main - INFO - Included router: routers.auth.router
2026-02-07 21:46:22,350 - main - INFO - Included router: routers.documents.router
2026-02-07 21:46:22,506 - main - INFO - Included router: routers.extractions.router
2026-02-07 21:46:22,508 - main - INFO - Included router: routers.health.router
2026-02-07 21:46:22,579 - main - INFO - Included router: routers.lease_analysis.router
2026-02-07 21:46:22,624 - main - INFO - Included router: routers.payments.router
2026-02-07 21:46:22,643 - main - INFO - Included router: routers.settings.router
2026-02-07 21:46:22,685 - main - INFO - Included router: routers.state_regulations.router
2026-02-07 21:46:22,722 - main - INFO - Included router: routers.storage.router
2026-02-07 21:46:22,743 - core.config - DEBUG - Read dynamic attribute stripe_secret_key from environment variable STRIPE_SECRET_KEY
2026-02-07 21:46:22,752 - main - INFO - Included router: routers.stripe_payments.router
2026-02-07 21:46:22,762 - main - INFO - Included router: routers.user.router
2026-02-07 21:46:22,805 - main - INFO - Included router: routers.user_credits.router
2026-02-07 21:46:22,807 - main - INFO - === Application startup initiated ===
2026-02-07 21:46:22,807 - services.database - DEBUG - [DB_OP] Starting database initialization
2026-02-07 21:46:22,807 - services.database - INFO - 🔧 Starting database initialization...
2026-02-07 21:46:22,807 - core.database - INFO - Starting database initialization...
2026-02-07 21:46:22,808 - core.config - DEBUG - Read dynamic attribute database_url from environment variable DATABASE_URL
2026-02-07 21:46:22,808 - core.database - INFO - Normalizing database URL for async compatibility...
2026-02-07 21:46:22,809 - core.database - INFO - Creating async database engine...
2026-02-07 21:46:22,809 - core.database - INFO - Using QueuePool with connection pooling for non-Lambda environment
2026-02-07 21:46:22,855 - core.database - INFO - Database engine created successfully
2026-02-07 21:46:22,855 - core.database - INFO - Creating async session maker...
2026-02-07 21:46:22,856 - core.database - INFO - Async session maker created successfully
2026-02-07 21:46:22,856 - core.database - INFO - Database connection initialized successfully
2026-02-07 21:46:22,856 - services.database - INFO - 🔧 Database connection initialized, now creating tables if tables not exist...
2026-02-07 21:46:22,856 - core.database - DEBUG - [DB_OP] Starting create_tables
2026-02-07 21:46:22,856 - core.database - INFO - 🔧 Starting table creation...
2026-02-07 21:46:24,387 - core.database - INFO - Tables initialized successfully
2026-02-07 21:46:24,387 - core.database - DEBUG - [DB_OP] Create tables completed in 1.5315s
2026-02-07 21:46:24,446 - services.database - INFO - 🔧 Table creation completed
2026-02-07 21:46:24,447 - services.database - INFO - Database initialized successfully
2026-02-07 21:46:24,447 - services.database - DEBUG - [DB_OP] Database initialization completed in 1.6398s
2026-02-07 21:46:24,448 - services.mock_data - INFO - Processing mock data file state_regulations.json for table state_regulations
2026-02-07 21:46:26,393 - services.mock_data - INFO - Table state_regulations already has 50 rows; skipping mock insert
2026-02-07 21:46:26,452 - services.database - DEBUG - [DB_OP] Starting database initialization
2026-02-07 21:46:26,453 - services.database - INFO - 🔧 Starting database initialization...
2026-02-07 21:46:26,453 - core.database - INFO - Starting database initialization...
2026-02-07 21:46:26,453 - core.database - INFO - Database already initialized
2026-02-07 21:46:26,453 - services.database - INFO - 🔧 Database connection initialized, now creating tables if tables not exist...
2026-02-07 21:46:26,453 - core.database - DEBUG - [DB_OP] Starting create_tables
2026-02-07 21:46:26,453 - core.database - INFO - Tables already initialized
2026-02-07 21:46:26,453 - services.database - INFO - 🔧 Table creation completed
2026-02-07 21:46:26,453 - services.database - INFO - Database initialized successfully
2026-02-07 21:46:26,454 - services.database - DEBUG - [DB_OP] Database initialization completed in 0.0014s
2026-02-07 21:46:26,454 - core.config - DEBUG - Read dynamic attribute admin_user_id from environment variable ADMIN_USER_ID
2026-02-07 21:46:26,454 - core.config - DEBUG - Read dynamic attribute admin_user_email from environment variable ADMIN_USER_EMAIL
2026-02-07 21:46:26,817 - services.auth - DEBUG - Admin user 956410 already exists
2026-02-07 21:46:26,876 - main - INFO - === Application startup completed successfully ===
2026-02-07 21:46:56,862 - services.database - DEBUG - [DB_OP] Starting database close
2026-02-07 21:46:56,925 - core.database - INFO - Database connection closed and engine disposed
2026-02-07 21:46:56,925 - services.database - INFO - Database connections closed
2026-02-07 21:46:56,925 - services.database - DEBUG - [DB_OP] Database close completed in 0.0636s
