2026-02-07 21:42:47,270 - main - INFO - === Logging system initialized ===
2026-02-07 21:42:47,270 - main - INFO - Log file: logs/app_20260207_214247.log
2026-02-07 21:42:47,270 - main - INFO - Log level: INFO
2026-02-07 21:42:47,270 - main - INFO - Timestamp: 20260207_214247
2026-02-07 21:42:58,769 - main - INFO - Included router: routers.aihub.router
2026-02-07 21:42:58,923 - main - INFO - Included router: routers.auth.router
2026-02-07 21:42:59,061 - main - INFO - Included router: routers.documents.router
2026-02-07 21:42:59,350 - main - INFO - Included router: routers.extractions.router
2026-02-07 21:42:59,368 - main - INFO - Included router: routers.health.router
2026-02-07 21:42:59,524 - main - INFO - Included router: routers.lease_analysis.router
2026-02-07 21:42:59,743 - main - INFO - Included router: routers.payments.router
2026-02-07 21:42:59,848 - main - INFO - Included router: routers.settings.router
2026-02-07 21:43:00,021 - main - INFO - Included router: routers.storage.router
2026-02-07 21:43:00,678 - core.config - DEBUG - Read dynamic attribute stripe_secret_key from environment variable STRIPE_SECRET_KEY
2026-02-07 21:43:00,687 - main - INFO - Included router: routers.stripe_payments.router
2026-02-07 21:43:00,758 - main - INFO - Included router: routers.user.router
2026-02-07 21:43:00,817 - main - INFO - Included router: routers.user_credits.router
2026-02-07 21:43:00,818 - main - INFO - === Application startup initiated ===
2026-02-07 21:43:00,818 - services.database - DEBUG - [DB_OP] Starting database initialization
2026-02-07 21:43:00,819 - services.database - INFO - 🔧 Starting database initialization...
2026-02-07 21:43:00,819 - core.database - INFO - Starting database initialization...
2026-02-07 21:43:00,819 - core.config - DEBUG - Read dynamic attribute database_url from environment variable DATABASE_URL
2026-02-07 21:43:00,819 - core.database - INFO - Normalizing database URL for async compatibility...
2026-02-07 21:43:00,820 - core.database - INFO - Creating async database engine...
2026-02-07 21:43:00,821 - core.database - INFO - Using QueuePool with connection pooling for non-Lambda environment
2026-02-07 21:43:01,569 - core.database - INFO - Database engine created successfully
2026-02-07 21:43:01,569 - core.database - INFO - Creating async session maker...
2026-02-07 21:43:01,569 - core.database - INFO - Async session maker created successfully
2026-02-07 21:43:01,570 - core.database - INFO - Database connection initialized successfully
2026-02-07 21:43:01,570 - services.database - INFO - 🔧 Database connection initialized, now creating tables if tables not exist...
2026-02-07 21:43:01,570 - core.database - DEBUG - [DB_OP] Starting create_tables
2026-02-07 21:43:01,570 - core.database - INFO - 🔧 Starting table creation...
2026-02-07 21:43:03,377 - core.database - INFO - Tables initialized successfully
2026-02-07 21:43:03,377 - core.database - DEBUG - [DB_OP] Create tables completed in 1.8073s
2026-02-07 21:43:03,436 - services.database - INFO - 🔧 Table creation completed
2026-02-07 21:43:03,437 - services.database - INFO - Database initialized successfully
2026-02-07 21:43:03,437 - services.database - DEBUG - [DB_OP] Database initialization completed in 2.6188s
2026-02-07 21:43:03,438 - services.mock_data - INFO - mock_data directory not found, skipping mock initialization
2026-02-07 21:43:03,438 - services.database - DEBUG - [DB_OP] Starting database initialization
2026-02-07 21:43:03,438 - services.database - INFO - 🔧 Starting database initialization...
2026-02-07 21:43:03,438 - core.database - INFO - Starting database initialization...
2026-02-07 21:43:03,438 - core.database - INFO - Database already initialized
2026-02-07 21:43:03,438 - services.database - INFO - 🔧 Database connection initialized, now creating tables if tables not exist...
2026-02-07 21:43:03,438 - core.database - DEBUG - [DB_OP] Starting create_tables
2026-02-07 21:43:03,438 - core.database - INFO - Tables already initialized
2026-02-07 21:43:03,438 - services.database - INFO - 🔧 Table creation completed
2026-02-07 21:43:03,439 - services.database - INFO - Database initialized successfully
2026-02-07 21:43:03,439 - services.database - DEBUG - [DB_OP] Database initialization completed in 0.0009s
2026-02-07 21:43:03,439 - core.config - DEBUG - Read dynamic attribute admin_user_id from environment variable ADMIN_USER_ID
2026-02-07 21:43:03,439 - core.config - DEBUG - Read dynamic attribute admin_user_email from environment variable ADMIN_USER_EMAIL
2026-02-07 21:43:03,865 - services.auth - DEBUG - Admin user 956410 already exists
2026-02-07 21:43:03,925 - main - INFO - === Application startup completed successfully ===
2026-02-07 21:45:40,002 - services.database - DEBUG - [DB_OP] Starting database close
2026-02-07 21:45:40,065 - core.database - INFO - Database connection closed and engine disposed
2026-02-07 21:45:40,066 - services.database - INFO - Database connections closed
2026-02-07 21:45:40,066 - services.database - DEBUG - [DB_OP] Database close completed in 0.0641s
