2026-02-07 21:51:04,877 - main - INFO - === Logging system initialized ===
2026-02-07 21:51:04,878 - main - INFO - Log file: logs/app_20260207_215104.log
2026-02-07 21:51:04,878 - main - INFO - Log level: INFO
2026-02-07 21:51:04,878 - main - INFO - Timestamp: 20260207_215104
2026-02-07 21:51:05,506 - main - INFO - Included router: routers.aihub.router
2026-02-07 21:51:05,523 - main - INFO - Included router: routers.auth.router
2026-02-07 21:51:05,568 - main - INFO - Included router: routers.documents.router
2026-02-07 21:51:05,742 - main - INFO - Included router: routers.extractions.router
2026-02-07 21:51:05,764 - main - INFO - Included router: routers.health.router
2026-02-07 21:51:05,792 - main - INFO - Included router: routers.lease_analysis.router
2026-02-07 21:51:05,838 - main - INFO - Included router: routers.payments.router
2026-02-07 21:51:05,858 - main - INFO - Included router: routers.settings.router
2026-02-07 21:51:05,899 - main - INFO - Included router: routers.state_regulations.router
2026-02-07 21:51:05,948 - main - INFO - Included router: routers.storage.router
2026-02-07 21:51:05,968 - core.config - DEBUG - Read dynamic attribute stripe_secret_key from environment variable STRIPE_SECRET_KEY
2026-02-07 21:51:05,978 - main - INFO - Included router: routers.stripe_payments.router
2026-02-07 21:51:05,986 - main - INFO - Included router: routers.user.router
2026-02-07 21:51:06,034 - main - INFO - Included router: routers.user_credits.router
2026-02-07 21:51:06,035 - main - INFO - === Application startup initiated ===
2026-02-07 21:51:06,036 - services.database - DEBUG - [DB_OP] Starting database initialization
2026-02-07 21:51:06,036 - services.database - INFO - 🔧 Starting database initialization...
2026-02-07 21:51:06,036 - core.database - INFO - Starting database initialization...
2026-02-07 21:51:06,036 - core.config - DEBUG - Read dynamic attribute database_url from environment variable DATABASE_URL
2026-02-07 21:51:06,036 - core.database - INFO - Normalizing database URL for async compatibility...
2026-02-07 21:51:06,038 - core.database - INFO - Creating async database engine...
2026-02-07 21:51:06,038 - core.database - INFO - Using QueuePool with connection pooling for non-Lambda environment
2026-02-07 21:51:06,083 - core.database - INFO - Database engine created successfully
2026-02-07 21:51:06,083 - core.database - INFO - Creating async session maker...
2026-02-07 21:51:06,083 - core.database - INFO - Async session maker created successfully
2026-02-07 21:51:06,083 - core.database - INFO - Database connection initialized successfully
2026-02-07 21:51:06,083 - services.database - INFO - 🔧 Database connection initialized, now creating tables if tables not exist...
2026-02-07 21:51:06,083 - core.database - DEBUG - [DB_OP] Starting create_tables
2026-02-07 21:51:06,083 - core.database - INFO - 🔧 Starting table creation...
2026-02-07 21:51:07,642 - core.database - INFO - Tables initialized successfully
2026-02-07 21:51:07,643 - core.database - DEBUG - [DB_OP] Create tables completed in 1.5593s
2026-02-07 21:51:07,703 - services.database - INFO - 🔧 Table creation completed
2026-02-07 21:51:07,703 - services.database - INFO - Database initialized successfully
2026-02-07 21:51:07,703 - services.database - DEBUG - [DB_OP] Database initialization completed in 1.6677s
2026-02-07 21:51:07,704 - services.mock_data - INFO - Processing mock data file state_regulations.json for table state_regulations
2026-02-07 21:51:09,678 - services.mock_data - INFO - Table state_regulations already has 50 rows; skipping mock insert
2026-02-07 21:51:09,739 - services.database - DEBUG - [DB_OP] Starting database initialization
2026-02-07 21:51:09,739 - services.database - INFO - 🔧 Starting database initialization...
2026-02-07 21:51:09,739 - core.database - INFO - Starting database initialization...
2026-02-07 21:51:09,739 - core.database - INFO - Database already initialized
2026-02-07 21:51:09,740 - services.database - INFO - 🔧 Database connection initialized, now creating tables if tables not exist...
2026-02-07 21:51:09,740 - core.database - DEBUG - [DB_OP] Starting create_tables
2026-02-07 21:51:09,740 - core.database - INFO - Tables already initialized
2026-02-07 21:51:09,740 - services.database - INFO - 🔧 Table creation completed
2026-02-07 21:51:09,740 - services.database - INFO - Database initialized successfully
2026-02-07 21:51:09,740 - services.database - DEBUG - [DB_OP] Database initialization completed in 0.0014s
2026-02-07 21:51:09,740 - core.config - DEBUG - Read dynamic attribute admin_user_id from environment variable ADMIN_USER_ID
2026-02-07 21:51:09,740 - core.config - DEBUG - Read dynamic attribute admin_user_email from environment variable ADMIN_USER_EMAIL
2026-02-07 21:51:10,108 - services.auth - DEBUG - Admin user 956410 already exists
2026-02-07 21:51:10,169 - main - INFO - === Application startup completed successfully ===
2026-02-07 21:51:44,667 - services.database - DEBUG - [DB_OP] Starting database close
2026-02-07 21:51:44,731 - core.database - INFO - Database connection closed and engine disposed
2026-02-07 21:51:44,731 - services.database - INFO - Database connections closed
2026-02-07 21:51:44,731 - services.database - DEBUG - [DB_OP] Database close completed in 0.0639s
