2026-02-09 00:07:03,366 - main - INFO - === Logging system initialized ===
2026-02-09 00:07:03,366 - main - INFO - Log file: logs/app_20260209_000703.log
2026-02-09 00:07:03,367 - main - INFO - Log level: INFO
2026-02-09 00:07:03,367 - main - INFO - Timestamp: 20260209_000703
2026-02-09 00:07:03,871 - main - INFO - Included router: routers.aihub.router
2026-02-09 00:07:03,887 - main - INFO - Included router: routers.auth.router
2026-02-09 00:07:03,932 - main - INFO - Included router: routers.documents.router
2026-02-09 00:07:04,046 - main - INFO - Included router: routers.extractions.router
2026-02-09 00:07:04,051 - main - INFO - Included router: routers.google_auth.router
2026-02-09 00:07:04,052 - main - INFO - Included router: routers.health.router
2026-02-09 00:07:04,231 - main - INFO - Included router: routers.lease_analysis.router
2026-02-09 00:07:04,278 - main - INFO - Included router: routers.payments.router
2026-02-09 00:07:04,300 - main - INFO - Included router: routers.settings.router
2026-02-09 00:07:04,342 - main - INFO - Included router: routers.state_regulations.router
2026-02-09 00:07:04,364 - main - INFO - Included router: routers.storage.router
2026-02-09 00:07:04,387 - core.config - DEBUG - Read dynamic attribute stripe_secret_key from environment variable STRIPE_SECRET_KEY
2026-02-09 00:07:04,395 - main - INFO - Included router: routers.stripe_payments.router
2026-02-09 00:07:04,404 - main - INFO - Included router: routers.user.router
2026-02-09 00:07:04,552 - main - INFO - Included router: routers.user_credits.router
2026-02-09 00:07:04,553 - main - INFO - === Application startup initiated ===
2026-02-09 00:07:04,553 - services.database - DEBUG - [DB_OP] Starting database initialization
2026-02-09 00:07:04,553 - services.database - INFO - 🔧 Starting database initialization...
2026-02-09 00:07:04,553 - core.database - INFO - Starting database initialization...
2026-02-09 00:07:04,554 - core.config - DEBUG - Read dynamic attribute database_url from environment variable DATABASE_URL
2026-02-09 00:07:04,554 - core.database - INFO - Normalizing database URL for async compatibility...
2026-02-09 00:07:04,555 - core.database - INFO - Creating async database engine...
2026-02-09 00:07:04,556 - core.database - INFO - Using QueuePool with connection pooling for non-Lambda environment
2026-02-09 00:07:04,599 - core.database - INFO - Database engine created successfully
2026-02-09 00:07:04,599 - core.database - INFO - Creating async session maker...
2026-02-09 00:07:04,599 - core.database - INFO - Async session maker created successfully
2026-02-09 00:07:04,599 - core.database - INFO - Database connection initialized successfully
2026-02-09 00:07:04,600 - services.database - INFO - 🔧 Database connection initialized, now creating tables if tables not exist...
2026-02-09 00:07:04,600 - core.database - DEBUG - [DB_OP] Starting create_tables
2026-02-09 00:07:04,600 - core.database - INFO - 🔧 Starting table creation...
2026-02-09 00:07:06,233 - core.database - INFO - Tables initialized successfully
2026-02-09 00:07:06,234 - core.database - DEBUG - [DB_OP] Create tables completed in 1.6339s
2026-02-09 00:07:06,297 - services.database - INFO - 🔧 Table creation completed
2026-02-09 00:07:06,297 - services.database - INFO - Database initialized successfully
2026-02-09 00:07:06,297 - services.database - DEBUG - [DB_OP] Database initialization completed in 1.7438s
2026-02-09 00:07:06,298 - services.mock_data - INFO - Processing mock data file state_regulations.json for table state_regulations
2026-02-09 00:07:08,416 - services.mock_data - INFO - Table state_regulations already has 50 rows; skipping mock insert
2026-02-09 00:07:08,479 - services.database - DEBUG - [DB_OP] Starting database initialization
2026-02-09 00:07:08,479 - services.database - INFO - 🔧 Starting database initialization...
2026-02-09 00:07:08,479 - core.database - INFO - Starting database initialization...
2026-02-09 00:07:08,479 - core.database - INFO - Database already initialized
2026-02-09 00:07:08,479 - services.database - INFO - 🔧 Database connection initialized, now creating tables if tables not exist...
2026-02-09 00:07:08,480 - core.database - DEBUG - [DB_OP] Starting create_tables
2026-02-09 00:07:08,480 - core.database - INFO - Tables already initialized
2026-02-09 00:07:08,480 - services.database - INFO - 🔧 Table creation completed
2026-02-09 00:07:08,480 - services.database - INFO - Database initialized successfully
2026-02-09 00:07:08,480 - services.database - DEBUG - [DB_OP] Database initialization completed in 0.0011s
2026-02-09 00:07:08,480 - core.config - DEBUG - Read dynamic attribute admin_user_id from environment variable ADMIN_USER_ID
2026-02-09 00:07:08,480 - core.config - DEBUG - Read dynamic attribute admin_user_email from environment variable ADMIN_USER_EMAIL
2026-02-09 00:07:08,863 - services.auth - DEBUG - Admin user 956410 already exists
2026-02-09 00:07:08,925 - main - INFO - === Application startup completed successfully ===
2026-02-09 00:07:27,482 - services.database - DEBUG - [DB_OP] Starting database close
2026-02-09 00:07:27,548 - core.database - INFO - Database connection closed and engine disposed
2026-02-09 00:07:27,548 - services.database - INFO - Database connections closed
2026-02-09 00:07:27,548 - services.database - DEBUG - [DB_OP] Database close completed in 0.0665s
