2026-02-09 22:36:45,972 - main - INFO - === Logging system initialized ===
2026-02-09 22:36:45,972 - main - INFO - Log file: logs/app_20260209_223645.log
2026-02-09 22:36:45,972 - main - INFO - Log level: INFO
2026-02-09 22:36:45,972 - main - INFO - Timestamp: 20260209_223645
2026-02-09 22:36:46,491 - main - INFO - Included router: routers.aihub.router
2026-02-09 22:36:46,505 - main - INFO - Included router: routers.auth.router
2026-02-09 22:36:46,549 - main - INFO - Included router: routers.documents.router
2026-02-09 22:36:46,604 - main - INFO - Included router: routers.extractions.router
2026-02-09 22:36:46,621 - main - INFO - Included router: routers.google_auth.router
2026-02-09 22:36:46,623 - main - INFO - Included router: routers.health.router
2026-02-09 22:36:46,811 - main - INFO - Included router: routers.lease_analysis.router
2026-02-09 22:36:46,857 - main - INFO - Included router: routers.payments.router
2026-02-09 22:36:46,878 - main - INFO - Included router: routers.settings.router
2026-02-09 22:36:46,917 - main - INFO - Included router: routers.state_regulations.router
2026-02-09 22:36:46,940 - main - INFO - Included router: routers.storage.router
2026-02-09 22:36:46,960 - core.config - DEBUG - Read dynamic attribute stripe_secret_key from environment variable STRIPE_SECRET_KEY
2026-02-09 22:36:46,968 - main - INFO - Included router: routers.stripe_payments.router
2026-02-09 22:36:46,975 - main - INFO - Included router: routers.user.router
2026-02-09 22:36:47,102 - main - INFO - Included router: routers.user_credits.router
2026-02-09 22:36:47,103 - main - INFO - === Application startup initiated ===
2026-02-09 22:36:47,103 - services.database - DEBUG - [DB_OP] Starting database initialization
2026-02-09 22:36:47,103 - services.database - INFO - 🔧 Starting database initialization...
2026-02-09 22:36:47,103 - core.database - INFO - Starting database initialization...
2026-02-09 22:36:47,103 - core.config - DEBUG - Read dynamic attribute database_url from environment variable DATABASE_URL
2026-02-09 22:36:47,103 - core.database - INFO - Normalizing database URL for async compatibility...
2026-02-09 22:36:47,104 - core.database - INFO - Creating async database engine...
2026-02-09 22:36:47,104 - core.database - INFO - Using QueuePool with connection pooling for non-Lambda environment
2026-02-09 22:36:47,149 - core.database - INFO - Database engine created successfully
2026-02-09 22:36:47,149 - core.database - INFO - Creating async session maker...
2026-02-09 22:36:47,149 - core.database - INFO - Async session maker created successfully
2026-02-09 22:36:47,149 - core.database - INFO - Database connection initialized successfully
2026-02-09 22:36:47,149 - services.database - INFO - 🔧 Database connection initialized, now creating tables if tables not exist...
2026-02-09 22:36:47,149 - core.database - DEBUG - [DB_OP] Starting create_tables
2026-02-09 22:36:47,149 - core.database - INFO - 🔧 Starting table creation...
2026-02-09 22:36:48,689 - core.database - INFO - Tables initialized successfully
2026-02-09 22:36:48,689 - core.database - DEBUG - [DB_OP] Create tables completed in 1.5400s
2026-02-09 22:36:48,749 - services.database - INFO - 🔧 Table creation completed
2026-02-09 22:36:48,749 - services.database - INFO - 🔧 Checking and repairing existing tables...
2026-02-09 22:36:49,171 - services.database - INFO - Existing columns in extractions table: ['monthly_rent', 'renewal_notice_days', 'created_at', 'security_deposit', 'document_id', 'id', 'lease_end_date', 'pet_policy', 'late_fee_terms', 'risk_flags', 'raw_extraction', 'compliance_data', 'source_map', 'pages_meta', 'user_id', 'tenant_name', 'landlord_name', 'property_address', 'lease_start_date']
2026-02-09 22:36:49,232 - services.database - INFO - 🔧 Table repair completed
2026-02-09 22:36:49,232 - services.database - INFO - Database initialized successfully
2026-02-09 22:36:49,232 - services.database - DEBUG - [DB_OP] Database initialization completed in 2.1290s
2026-02-09 22:36:49,234 - services.mock_data - INFO - Processing mock data file state_regulations.json for table state_regulations
2026-02-09 22:36:51,125 - services.mock_data - INFO - Table state_regulations already has 50 rows; skipping mock insert
2026-02-09 22:36:51,186 - services.database - DEBUG - [DB_OP] Starting database initialization
2026-02-09 22:36:51,187 - services.database - INFO - 🔧 Starting database initialization...
2026-02-09 22:36:51,187 - core.database - INFO - Starting database initialization...
2026-02-09 22:36:51,187 - core.database - INFO - Database already initialized
2026-02-09 22:36:51,187 - services.database - INFO - 🔧 Database connection initialized, now creating tables if tables not exist...
2026-02-09 22:36:51,187 - core.database - DEBUG - [DB_OP] Starting create_tables
2026-02-09 22:36:51,187 - core.database - INFO - Tables already initialized
2026-02-09 22:36:51,187 - services.database - INFO - 🔧 Table creation completed
2026-02-09 22:36:51,187 - services.database - INFO - 🔧 Checking and repairing existing tables...
2026-02-09 22:36:51,542 - services.database - INFO - Existing columns in extractions table: ['monthly_rent', 'renewal_notice_days', 'created_at', 'security_deposit', 'document_id', 'id', 'lease_end_date', 'pet_policy', 'late_fee_terms', 'risk_flags', 'raw_extraction', 'compliance_data', 'source_map', 'pages_meta', 'user_id', 'tenant_name', 'landlord_name', 'property_address', 'lease_start_date']
2026-02-09 22:36:51,646 - services.database - INFO - 🔧 Table repair completed
2026-02-09 22:36:51,646 - services.database - INFO - Database initialized successfully
2026-02-09 22:36:51,646 - services.database - DEBUG - [DB_OP] Database initialization completed in 0.4601s
2026-02-09 22:36:51,686 - core.config - DEBUG - Read dynamic attribute admin_user_id from environment variable ADMIN_USER_ID
2026-02-09 22:36:51,686 - core.config - DEBUG - Read dynamic attribute admin_user_email from environment variable ADMIN_USER_EMAIL
2026-02-09 22:36:52,051 - services.auth - DEBUG - Admin user 956410 already exists
2026-02-09 22:36:52,111 - main - INFO - === Application startup completed successfully ===
2026-02-09 22:39:10,538 - services.database - DEBUG - [DB_OP] Starting database close
2026-02-09 22:39:10,601 - core.database - INFO - Database connection closed and engine disposed
2026-02-09 22:39:10,601 - services.database - INFO - Database connections closed
2026-02-09 22:39:10,601 - services.database - DEBUG - [DB_OP] Database close completed in 0.0635s
