2026-02-07 10:14:09,976 - main - INFO - === Logging system initialized ===
2026-02-07 10:14:09,976 - main - INFO - Log file: logs/app_20260207_101409.log
2026-02-07 10:14:09,977 - main - INFO - Log level: INFO
2026-02-07 10:14:09,977 - main - INFO - Timestamp: 20260207_101409
2026-02-07 10:14:10,697 - main - INFO - Included router: routers.aihub.router
2026-02-07 10:14:10,720 - main - INFO - Included router: routers.auth.router
2026-02-07 10:14:10,767 - main - INFO - Included router: routers.documents.router
2026-02-07 10:14:10,890 - main - INFO - Included router: routers.extractions.router
2026-02-07 10:14:10,898 - main - INFO - Included router: routers.health.router
2026-02-07 10:14:10,916 - main - INFO - Included router: routers.lease_analysis.router
2026-02-07 10:14:10,971 - main - INFO - Included router: routers.payments.router
2026-02-07 10:14:10,993 - main - INFO - Included router: routers.settings.router
2026-02-07 10:14:11,063 - main - INFO - Included router: routers.storage.router
2026-02-07 10:14:11,084 - core.config - DEBUG - Read dynamic attribute stripe_secret_key from environment variable STRIPE_SECRET_KEY
2026-02-07 10:14:11,094 - main - INFO - Included router: routers.stripe_payments.router
2026-02-07 10:14:11,101 - main - INFO - Included router: routers.user.router
2026-02-07 10:14:11,144 - main - INFO - Included router: routers.user_credits.router
2026-02-07 10:14:11,145 - main - INFO - === Application startup initiated ===
2026-02-07 10:14:11,146 - services.database - DEBUG - [DB_OP] Starting database initialization
2026-02-07 10:14:11,146 - services.database - INFO - 🔧 Starting database initialization...
2026-02-07 10:14:11,146 - core.database - INFO - Starting database initialization...
2026-02-07 10:14:11,146 - core.config - DEBUG - Read dynamic attribute database_url from environment variable DATABASE_URL
2026-02-07 10:14:11,146 - core.database - INFO - Normalizing database URL for async compatibility...
2026-02-07 10:14:11,147 - core.database - INFO - Creating async database engine...
2026-02-07 10:14:11,147 - core.database - INFO - Using QueuePool with connection pooling for non-Lambda environment
2026-02-07 10:14:11,194 - core.database - INFO - Database engine created successfully
2026-02-07 10:14:11,194 - core.database - INFO - Creating async session maker...
2026-02-07 10:14:11,194 - core.database - INFO - Async session maker created successfully
2026-02-07 10:14:11,194 - core.database - INFO - Database connection initialized successfully
2026-02-07 10:14:11,194 - services.database - INFO - 🔧 Database connection initialized, now creating tables if tables not exist...
2026-02-07 10:14:11,194 - core.database - DEBUG - [DB_OP] Starting create_tables
2026-02-07 10:14:11,194 - core.database - INFO - 🔧 Starting table creation...
2026-02-07 10:14:12,677 - core.database - INFO - Tables initialized successfully
2026-02-07 10:14:12,678 - core.database - DEBUG - [DB_OP] Create tables completed in 1.4835s
2026-02-07 10:14:12,737 - services.database - INFO - 🔧 Table creation completed
2026-02-07 10:14:12,738 - services.database - INFO - Database initialized successfully
2026-02-07 10:14:12,738 - services.database - DEBUG - [DB_OP] Database initialization completed in 1.5926s
2026-02-07 10:14:12,739 - services.mock_data - INFO - mock_data directory not found, skipping mock initialization
2026-02-07 10:14:12,739 - services.database - DEBUG - [DB_OP] Starting database initialization
2026-02-07 10:14:12,739 - services.database - INFO - 🔧 Starting database initialization...
2026-02-07 10:14:12,740 - core.database - INFO - Starting database initialization...
2026-02-07 10:14:12,740 - core.database - INFO - Database already initialized
2026-02-07 10:14:12,740 - services.database - INFO - 🔧 Database connection initialized, now creating tables if tables not exist...
2026-02-07 10:14:12,740 - core.database - DEBUG - [DB_OP] Starting create_tables
2026-02-07 10:14:12,740 - core.database - INFO - Tables already initialized
2026-02-07 10:14:12,740 - services.database - INFO - 🔧 Table creation completed
2026-02-07 10:14:12,740 - services.database - INFO - Database initialized successfully
2026-02-07 10:14:12,740 - services.database - DEBUG - [DB_OP] Database initialization completed in 0.0009s
2026-02-07 10:14:12,740 - core.config - DEBUG - Read dynamic attribute admin_user_id from environment variable ADMIN_USER_ID
2026-02-07 10:14:12,740 - core.config - DEBUG - Read dynamic attribute admin_user_email from environment variable ADMIN_USER_EMAIL
2026-02-07 10:14:13,162 - services.auth - DEBUG - Admin user 956410 already exists
2026-02-07 10:14:13,222 - main - INFO - === Application startup completed successfully ===
2026-02-07 10:23:02,472 - core.config - DEBUG - Read dynamic attribute jwt_secret_key from environment variable JWT_SECRET_KEY
2026-02-07 10:23:02,472 - core.config - DEBUG - Read dynamic attribute jwt_algorithm from environment variable JWT_ALGORITHM
2026-02-07 10:23:02,490 - core.auth - DEBUG - Authentication token validated for user hash: a89dfb40
2026-02-07 10:23:06,249 - core.auth - DEBUG - Authentication token validated for user hash: a89dfb40
2026-02-07 10:33:56,691 - services.database - DEBUG - [DB_OP] Starting database close
2026-02-07 10:33:56,692 - core.database - INFO - Database connection closed and engine disposed
2026-02-07 10:33:56,693 - services.database - INFO - Database connections closed
2026-02-07 10:33:56,693 - services.database - DEBUG - [DB_OP] Database close completed in 0.0020s
