2026-02-09 23:45:20,608 - main - INFO - === Logging system initialized ===
2026-02-09 23:45:20,609 - main - INFO - Log file: logs/app_20260209_234520.log
2026-02-09 23:45:20,609 - main - INFO - Log level: INFO
2026-02-09 23:45:20,609 - main - INFO - Timestamp: 20260209_234520
2026-02-09 23:45:21,099 - main - INFO - Included router: routers.aihub.router
2026-02-09 23:45:21,120 - main - INFO - Included router: routers.auth.router
2026-02-09 23:45:21,167 - main - INFO - Included router: routers.documents.router
2026-02-09 23:45:21,224 - main - INFO - Included router: routers.extractions.router
2026-02-09 23:45:21,229 - main - INFO - Included router: routers.google_auth.router
2026-02-09 23:45:21,231 - main - INFO - Included router: routers.health.router
2026-02-09 23:45:21,436 - main - INFO - Included router: routers.lease_analysis.router
2026-02-09 23:45:21,485 - main - INFO - Included router: routers.payments.router
2026-02-09 23:45:21,505 - main - INFO - Included router: routers.settings.router
2026-02-09 23:45:21,543 - main - INFO - Included router: routers.state_regulations.router
2026-02-09 23:45:21,565 - main - INFO - Included router: routers.storage.router
2026-02-09 23:45:21,580 - main - WARNING - Failed to import module 'routers.stripe_payments': 'Settings' object has no attribute 'stripe_secret_key'
2026-02-09 23:45:21,587 - main - INFO - Included router: routers.user.router
2026-02-09 23:45:21,704 - main - INFO - Included router: routers.user_credits.router
2026-02-09 23:45:21,705 - main - INFO - === Application startup initiated ===
2026-02-09 23:45:21,705 - services.database - DEBUG - [DB_OP] Starting database initialization
2026-02-09 23:45:21,706 - services.database - INFO - 🔧 Starting database initialization...
2026-02-09 23:45:21,706 - core.database - INFO - Starting database initialization...
2026-02-09 23:45:21,706 - services.database - ERROR - Failed to initialize database: 'Settings' object has no attribute 'database_url'
