2026-02-08 00:37:54,898 - main - INFO - === Logging system initialized ===
2026-02-08 00:37:54,898 - main - INFO - Log file: logs/app_20260208_003754.log
2026-02-08 00:37:54,898 - main - INFO - Log level: INFO
2026-02-08 00:37:54,898 - main - INFO - Timestamp: 20260208_003754
2026-02-08 00:37:55,655 - main - INFO - Included router: routers.aihub.router
2026-02-08 00:37:55,675 - main - INFO - Included router: routers.auth.router
2026-02-08 00:37:55,724 - main - INFO - Included router: routers.documents.router
2026-02-08 00:37:55,833 - main - INFO - Included router: routers.extractions.router
2026-02-08 00:37:55,834 - main - INFO - Included router: routers.health.router
2026-02-08 00:37:55,859 - main - INFO - Included router: routers.lease_analysis.router
2026-02-08 00:37:55,911 - main - INFO - Included router: routers.payments.router
2026-02-08 00:37:55,929 - main - INFO - Included router: routers.settings.router
2026-02-08 00:37:55,970 - main - INFO - Included router: routers.state_regulations.router
2026-02-08 00:37:56,004 - main - INFO - Included router: routers.storage.router
2026-02-08 00:37:56,021 - core.config - DEBUG - Read dynamic attribute stripe_secret_key from environment variable STRIPE_SECRET_KEY
2026-02-08 00:37:56,029 - main - INFO - Included router: routers.stripe_payments.router
2026-02-08 00:37:56,036 - main - INFO - Included router: routers.user.router
2026-02-08 00:37:56,079 - main - INFO - Included router: routers.user_credits.router
2026-02-08 00:37:56,080 - main - INFO - === Application startup initiated ===
2026-02-08 00:37:56,080 - services.database - DEBUG - [DB_OP] Starting database initialization
2026-02-08 00:37:56,080 - services.database - INFO - 🔧 Starting database initialization...
2026-02-08 00:37:56,080 - core.database - INFO - Starting database initialization...
2026-02-08 00:37:56,080 - core.config - DEBUG - Read dynamic attribute database_url from environment variable DATABASE_URL
2026-02-08 00:37:56,080 - core.database - INFO - Normalizing database URL for async compatibility...
2026-02-08 00:37:56,081 - core.database - INFO - Creating async database engine...
2026-02-08 00:37:56,081 - core.database - INFO - Using QueuePool with connection pooling for non-Lambda environment
2026-02-08 00:37:56,120 - core.database - INFO - Database engine created successfully
2026-02-08 00:37:56,121 - core.database - INFO - Creating async session maker...
2026-02-08 00:37:56,121 - core.database - INFO - Async session maker created successfully
2026-02-08 00:37:56,121 - core.database - INFO - Database connection initialized successfully
2026-02-08 00:37:56,121 - services.database - INFO - 🔧 Database connection initialized, now creating tables if tables not exist...
2026-02-08 00:37:56,122 - core.database - DEBUG - [DB_OP] Starting create_tables
2026-02-08 00:37:56,122 - core.database - INFO - 🔧 Starting table creation...
2026-02-08 00:37:57,996 - core.database - INFO - Tables initialized successfully
2026-02-08 00:37:57,996 - core.database - DEBUG - [DB_OP] Create tables completed in 1.8745s
2026-02-08 00:37:58,069 - services.database - INFO - 🔧 Table creation completed
2026-02-08 00:37:58,069 - services.database - INFO - Database initialized successfully
2026-02-08 00:37:58,069 - services.database - DEBUG - [DB_OP] Database initialization completed in 1.9891s
2026-02-08 00:37:58,070 - services.mock_data - INFO - Processing mock data file state_regulations.json for table state_regulations
2026-02-08 00:38:00,463 - services.mock_data - INFO - Table state_regulations already has 50 rows; skipping mock insert
2026-02-08 00:38:00,536 - services.database - DEBUG - [DB_OP] Starting database initialization
2026-02-08 00:38:00,537 - services.database - INFO - 🔧 Starting database initialization...
2026-02-08 00:38:00,537 - core.database - INFO - Starting database initialization...
2026-02-08 00:38:00,537 - core.database - INFO - Database already initialized
2026-02-08 00:38:00,537 - services.database - INFO - 🔧 Database connection initialized, now creating tables if tables not exist...
2026-02-08 00:38:00,538 - core.database - DEBUG - [DB_OP] Starting create_tables
2026-02-08 00:38:00,538 - core.database - INFO - Tables already initialized
2026-02-08 00:38:00,538 - services.database - INFO - 🔧 Table creation completed
2026-02-08 00:38:00,539 - services.database - INFO - Database initialized successfully
2026-02-08 00:38:00,539 - services.database - DEBUG - [DB_OP] Database initialization completed in 0.0033s
2026-02-08 00:38:00,539 - core.config - DEBUG - Read dynamic attribute admin_user_id from environment variable ADMIN_USER_ID
2026-02-08 00:38:00,540 - core.config - DEBUG - Read dynamic attribute admin_user_email from environment variable ADMIN_USER_EMAIL
2026-02-08 00:38:00,986 - services.auth - DEBUG - Admin user 956410 already exists
2026-02-08 00:38:01,059 - main - INFO - === Application startup completed successfully ===
2026-02-08 00:48:34,825 - services.database - DEBUG - [DB_OP] Starting database close
2026-02-08 00:48:34,826 - core.database - INFO - Database connection closed and engine disposed
2026-02-08 00:48:34,826 - services.database - INFO - Database connections closed
2026-02-08 00:48:34,826 - services.database - DEBUG - [DB_OP] Database close completed in 0.0010s
