2026-02-09 22:56:26,273 - main - INFO - === Logging system initialized ===
2026-02-09 22:56:26,274 - main - INFO - Log file: logs/app_20260209_225626.log
2026-02-09 22:56:26,274 - main - INFO - Log level: INFO
2026-02-09 22:56:26,274 - main - INFO - Timestamp: 20260209_225626
2026-02-09 22:56:26,799 - main - INFO - Included router: routers.aihub.router
2026-02-09 22:56:26,820 - main - INFO - Included router: routers.auth.router
2026-02-09 22:56:26,866 - main - INFO - Included router: routers.documents.router
2026-02-09 22:56:26,923 - main - INFO - Included router: routers.extractions.router
2026-02-09 22:56:26,939 - main - INFO - Included router: routers.google_auth.router
2026-02-09 22:56:26,941 - main - INFO - Included router: routers.health.router
2026-02-09 22:56:27,155 - main - INFO - Included router: routers.lease_analysis.router
2026-02-09 22:56:27,197 - main - INFO - Included router: routers.payments.router
2026-02-09 22:56:27,215 - main - INFO - Included router: routers.settings.router
2026-02-09 22:56:27,252 - main - INFO - Included router: routers.state_regulations.router
2026-02-09 22:56:27,274 - main - INFO - Included router: routers.storage.router
2026-02-09 22:56:27,292 - core.config - DEBUG - Read dynamic attribute stripe_secret_key from environment variable STRIPE_SECRET_KEY
2026-02-09 22:56:27,301 - main - INFO - Included router: routers.stripe_payments.router
2026-02-09 22:56:27,312 - main - INFO - Included router: routers.user.router
2026-02-09 22:56:27,437 - main - INFO - Included router: routers.user_credits.router
2026-02-09 22:56:27,439 - main - INFO - === Application startup initiated ===
2026-02-09 22:56:27,439 - services.database - DEBUG - [DB_OP] Starting database initialization
2026-02-09 22:56:27,439 - services.database - INFO - 🔧 Starting database initialization...
2026-02-09 22:56:27,439 - core.database - INFO - Starting database initialization...
2026-02-09 22:56:27,439 - core.config - DEBUG - Read dynamic attribute database_url from environment variable DATABASE_URL
2026-02-09 22:56:27,439 - core.database - INFO - Normalizing database URL for async compatibility...
2026-02-09 22:56:27,440 - core.database - INFO - Creating async database engine...
2026-02-09 22:56:27,440 - core.database - INFO - Using QueuePool with connection pooling for non-Lambda environment
2026-02-09 22:56:27,485 - core.database - INFO - Database engine created successfully
2026-02-09 22:56:27,485 - core.database - INFO - Creating async session maker...
2026-02-09 22:56:27,485 - core.database - INFO - Async session maker created successfully
2026-02-09 22:56:27,485 - core.database - INFO - Database connection initialized successfully
2026-02-09 22:56:27,485 - services.database - INFO - 🔧 Database connection initialized, now creating tables if tables not exist...
2026-02-09 22:56:27,485 - core.database - DEBUG - [DB_OP] Starting create_tables
2026-02-09 22:56:27,485 - core.database - INFO - 🔧 Starting table creation...
2026-02-09 22:56:29,404 - core.database - INFO - Tables initialized successfully
2026-02-09 22:56:29,404 - core.database - DEBUG - [DB_OP] Create tables completed in 1.9188s
2026-02-09 22:56:29,464 - services.database - INFO - 🔧 Table creation completed
2026-02-09 22:56:29,465 - services.database - INFO - 🔧 Checking and repairing existing tables...
2026-02-09 22:56:29,936 - services.database - INFO - Existing columns in extractions table: ['monthly_rent', 'renewal_notice_days', 'created_at', 'security_deposit', 'document_id', 'id', 'lease_end_date', 'pet_policy', 'late_fee_terms', 'risk_flags', 'raw_extraction', 'compliance_data', 'source_map', 'pages_meta', 'user_id', 'tenant_name', 'landlord_name', 'property_address', 'lease_start_date']
2026-02-09 22:56:29,997 - services.database - INFO - 🔧 Table repair completed
2026-02-09 22:56:29,998 - services.database - INFO - Database initialized successfully
2026-02-09 22:56:29,998 - services.database - DEBUG - [DB_OP] Database initialization completed in 2.5588s
2026-02-09 22:56:29,999 - services.mock_data - INFO - Processing mock data file state_regulations.json for table state_regulations
2026-02-09 22:56:32,039 - services.mock_data - INFO - Table state_regulations already has 50 rows; skipping mock insert
2026-02-09 22:56:32,100 - services.database - DEBUG - [DB_OP] Starting database initialization
2026-02-09 22:56:32,101 - services.database - INFO - 🔧 Starting database initialization...
2026-02-09 22:56:32,101 - core.database - INFO - Starting database initialization...
2026-02-09 22:56:32,101 - core.database - INFO - Database already initialized
2026-02-09 22:56:32,101 - services.database - INFO - 🔧 Database connection initialized, now creating tables if tables not exist...
2026-02-09 22:56:32,101 - core.database - DEBUG - [DB_OP] Starting create_tables
2026-02-09 22:56:32,101 - core.database - INFO - Tables already initialized
2026-02-09 22:56:32,101 - services.database - INFO - 🔧 Table creation completed
2026-02-09 22:56:32,101 - services.database - INFO - 🔧 Checking and repairing existing tables...
2026-02-09 22:56:32,467 - services.database - INFO - Existing columns in extractions table: ['monthly_rent', 'renewal_notice_days', 'created_at', 'security_deposit', 'document_id', 'id', 'lease_end_date', 'pet_policy', 'late_fee_terms', 'risk_flags', 'raw_extraction', 'compliance_data', 'source_map', 'pages_meta', 'user_id', 'tenant_name', 'landlord_name', 'property_address', 'lease_start_date']
2026-02-09 22:56:32,528 - services.database - INFO - 🔧 Table repair completed
2026-02-09 22:56:32,528 - services.database - INFO - Database initialized successfully
2026-02-09 22:56:32,528 - services.database - DEBUG - [DB_OP] Database initialization completed in 0.4283s
2026-02-09 22:56:32,529 - core.config - DEBUG - Read dynamic attribute admin_user_id from environment variable ADMIN_USER_ID
2026-02-09 22:56:32,529 - core.config - DEBUG - Read dynamic attribute admin_user_email from environment variable ADMIN_USER_EMAIL
2026-02-09 22:56:32,905 - services.auth - DEBUG - Admin user 956410 already exists
2026-02-09 22:56:32,966 - main - INFO - === Application startup completed successfully ===
2026-02-09 22:57:01,666 - services.database - DEBUG - [DB_OP] Starting database close
2026-02-09 22:57:01,731 - core.database - INFO - Database connection closed and engine disposed
2026-02-09 22:57:01,731 - services.database - INFO - Database connections closed
2026-02-09 22:57:01,731 - services.database - DEBUG - [DB_OP] Database close completed in 0.0654s
