2026-02-10 00:40:12,852 - main - INFO - === Logging system initialized ===
2026-02-10 00:40:12,853 - main - INFO - Log file: logs/app_20260210_004012.log
2026-02-10 00:40:12,853 - main - INFO - Log level: INFO
2026-02-10 00:40:12,853 - main - INFO - Timestamp: 20260210_004012
2026-02-10 00:40:14,915 - main - INFO - Included router: routers.aihub.router
2026-02-10 00:40:14,930 - main - INFO - Included router: routers.auth.router
2026-02-10 00:40:15,212 - main - INFO - Included router: routers.documents.router
2026-02-10 00:40:15,518 - main - INFO - Included router: routers.extractions.router
2026-02-10 00:40:15,523 - main - INFO - Included router: routers.google_auth.router
2026-02-10 00:40:15,524 - main - INFO - Included router: routers.health.router
2026-02-10 00:40:15,709 - main - INFO - Included router: routers.lease_analysis.router
2026-02-10 00:40:15,755 - main - INFO - Included router: routers.payments.router
2026-02-10 00:40:15,778 - main - INFO - Included router: routers.settings.router
2026-02-10 00:40:15,816 - main - INFO - Included router: routers.state_regulations.router
2026-02-10 00:40:15,838 - main - INFO - Included router: routers.storage.router
2026-02-10 00:40:15,853 - core.config - DEBUG - Read dynamic attribute stripe_secret_key from environment variable STRIPE_SECRET_KEY
2026-02-10 00:40:15,862 - main - INFO - Included router: routers.stripe_payments.router
2026-02-10 00:40:15,868 - main - INFO - Included router: routers.user.router
2026-02-10 00:40:15,987 - main - INFO - Included router: routers.user_credits.router
2026-02-10 00:40:15,989 - main - INFO - === Application startup initiated ===
2026-02-10 00:40:15,989 - services.database - DEBUG - [DB_OP] Starting database initialization
2026-02-10 00:40:15,989 - services.database - INFO - 🔧 Starting database initialization...
2026-02-10 00:40:15,989 - core.database - INFO - Starting database initialization...
2026-02-10 00:40:15,989 - core.database - INFO - Normalizing database URL for async compatibility...
2026-02-10 00:40:15,990 - core.database - INFO - Creating async database engine...
2026-02-10 00:40:15,990 - core.database - INFO - Using QueuePool with connection pooling for non-Lambda environment
2026-02-10 00:40:16,061 - core.database - INFO - Database engine created successfully
2026-02-10 00:40:16,061 - core.database - INFO - Creating async session maker...
2026-02-10 00:40:16,061 - core.database - INFO - Async session maker created successfully
2026-02-10 00:40:16,061 - core.database - INFO - Database connection initialized successfully
2026-02-10 00:40:16,061 - services.database - INFO - 🔧 Database connection initialized, now creating tables if tables not exist...
2026-02-10 00:40:16,061 - core.database - DEBUG - [DB_OP] Starting create_tables
2026-02-10 00:40:16,061 - core.database - INFO - 🔧 Starting table creation...
2026-02-10 00:40:17,615 - core.database - INFO - Tables initialized successfully
2026-02-10 00:40:17,615 - core.database - DEBUG - [DB_OP] Create tables completed in 1.5539s
2026-02-10 00:40:17,676 - services.database - INFO - 🔧 Table creation completed
2026-02-10 00:40:17,676 - services.database - INFO - 🔧 Checking and repairing existing tables...
2026-02-10 00:40:18,104 - services.database - INFO - Existing columns in extractions table: ['monthly_rent', 'renewal_notice_days', 'created_at', 'security_deposit', 'document_id', 'id', 'lease_end_date', 'pet_policy', 'late_fee_terms', 'risk_flags', 'raw_extraction', 'compliance_data', 'source_map', 'pages_meta', 'user_id', 'tenant_name', 'landlord_name', 'property_address', 'lease_start_date']
2026-02-10 00:40:18,165 - services.database - INFO - 🔧 Table repair completed
2026-02-10 00:40:18,165 - services.database - INFO - Database initialized successfully
2026-02-10 00:40:18,165 - services.database - DEBUG - [DB_OP] Database initialization completed in 2.1764s
2026-02-10 00:40:18,166 - services.mock_data - INFO - Processing mock data file state_regulations.json for table state_regulations
2026-02-10 00:40:20,079 - services.mock_data - INFO - Table state_regulations already has 50 rows; skipping mock insert
2026-02-10 00:40:20,140 - services.database - DEBUG - [DB_OP] Starting database initialization
2026-02-10 00:40:20,140 - services.database - INFO - 🔧 Starting database initialization...
2026-02-10 00:40:20,141 - core.database - INFO - Starting database initialization...
2026-02-10 00:40:20,141 - core.database - INFO - Database already initialized
2026-02-10 00:40:20,141 - services.database - INFO - 🔧 Database connection initialized, now creating tables if tables not exist...
2026-02-10 00:40:20,141 - core.database - DEBUG - [DB_OP] Starting create_tables
2026-02-10 00:40:20,141 - core.database - INFO - Tables already initialized
2026-02-10 00:40:20,141 - services.database - INFO - 🔧 Table creation completed
2026-02-10 00:40:20,141 - services.database - INFO - 🔧 Checking and repairing existing tables...
2026-02-10 00:40:20,501 - services.database - INFO - Existing columns in extractions table: ['monthly_rent', 'renewal_notice_days', 'created_at', 'security_deposit', 'document_id', 'id', 'lease_end_date', 'pet_policy', 'late_fee_terms', 'risk_flags', 'raw_extraction', 'compliance_data', 'source_map', 'pages_meta', 'user_id', 'tenant_name', 'landlord_name', 'property_address', 'lease_start_date']
2026-02-10 00:40:20,561 - services.database - INFO - 🔧 Table repair completed
2026-02-10 00:40:20,562 - services.database - INFO - Database initialized successfully
2026-02-10 00:40:20,562 - services.database - DEBUG - [DB_OP] Database initialization completed in 0.4220s
2026-02-10 00:40:20,562 - core.config - DEBUG - Read dynamic attribute admin_user_id from environment variable ADMIN_USER_ID
2026-02-10 00:40:20,563 - core.config - DEBUG - Read dynamic attribute admin_user_email from environment variable ADMIN_USER_EMAIL
2026-02-10 00:40:20,930 - services.auth - DEBUG - Admin user 956410 already exists
2026-02-10 00:40:20,991 - main - INFO - === Application startup completed successfully ===
2026-02-10 00:50:53,839 - services.database - DEBUG - [DB_OP] Starting database close
2026-02-10 00:50:53,841 - core.database - INFO - Database connection closed and engine disposed
2026-02-10 00:50:53,841 - services.database - INFO - Database connections closed
2026-02-10 00:50:53,841 - services.database - DEBUG - [DB_OP] Database close completed in 0.0015s
