2026-02-10 00:38:27,799 - main - INFO - === Logging system initialized ===
2026-02-10 00:38:27,799 - main - INFO - Log file: logs/app_20260210_003827.log
2026-02-10 00:38:27,799 - main - INFO - Log level: INFO
2026-02-10 00:38:27,799 - main - INFO - Timestamp: 20260210_003827
2026-02-10 00:38:28,341 - main - INFO - Included router: routers.aihub.router
2026-02-10 00:38:28,363 - main - INFO - Included router: routers.auth.router
2026-02-10 00:38:28,409 - main - INFO - Included router: routers.documents.router
2026-02-10 00:38:28,467 - main - INFO - Included router: routers.extractions.router
2026-02-10 00:38:28,474 - main - INFO - Included router: routers.google_auth.router
2026-02-10 00:38:28,475 - main - INFO - Included router: routers.health.router
2026-02-10 00:38:28,719 - main - INFO - Included router: routers.lease_analysis.router
2026-02-10 00:38:28,761 - main - INFO - Included router: routers.payments.router
2026-02-10 00:38:28,778 - main - INFO - Included router: routers.settings.router
2026-02-10 00:38:28,815 - main - INFO - Included router: routers.state_regulations.router
2026-02-10 00:38:28,836 - main - INFO - Included router: routers.storage.router
2026-02-10 00:38:28,852 - main - WARNING - Failed to import module 'routers.stripe_payments': 'Settings' object has no attribute 'stripe_secret_key'
2026-02-10 00:38:28,859 - main - INFO - Included router: routers.user.router
2026-02-10 00:38:29,009 - main - INFO - Included router: routers.user_credits.router
2026-02-10 00:38:29,010 - main - INFO - === Application startup initiated ===
2026-02-10 00:38:29,010 - services.database - DEBUG - [DB_OP] Starting database initialization
2026-02-10 00:38:29,010 - services.database - INFO - 🔧 Starting database initialization...
2026-02-10 00:38:29,011 - core.database - INFO - Starting database initialization...
2026-02-10 00:38:29,011 - core.database - ERROR - No database URL provided. DATABASE_URL environment variable must be set.
2026-02-10 00:38:29,011 - services.database - ERROR - Failed to initialize database: DATABASE_URL environment variable is required
