2026-02-08 23:35:37,707 - main - INFO - === Logging system initialized ===
2026-02-08 23:35:37,707 - main - INFO - Log file: logs/app_20260208_233537.log
2026-02-08 23:35:37,707 - main - INFO - Log level: INFO
2026-02-08 23:35:37,707 - main - INFO - Timestamp: 20260208_233537
2026-02-08 23:35:38,204 - main - INFO - Included router: routers.aihub.router
2026-02-08 23:35:38,224 - main - INFO - Included router: routers.auth.router
2026-02-08 23:35:38,270 - main - INFO - Included router: routers.documents.router
2026-02-08 23:35:38,322 - main - INFO - Included router: routers.extractions.router
2026-02-08 23:35:38,328 - main - INFO - Included router: routers.google_auth.router
2026-02-08 23:35:38,330 - main - INFO - Included router: routers.health.router
2026-02-08 23:35:38,501 - main - INFO - Included router: routers.lease_analysis.router
2026-02-08 23:35:38,549 - main - INFO - Included router: routers.payments.router
2026-02-08 23:35:38,567 - main - INFO - Included router: routers.settings.router
2026-02-08 23:35:38,603 - main - INFO - Included router: routers.state_regulations.router
2026-02-08 23:35:38,627 - main - INFO - Included router: routers.storage.router
2026-02-08 23:35:38,647 - core.config - DEBUG - Read dynamic attribute stripe_secret_key from environment variable STRIPE_SECRET_KEY
2026-02-08 23:35:38,657 - main - INFO - Included router: routers.stripe_payments.router
2026-02-08 23:35:38,664 - main - INFO - Included router: routers.user.router
2026-02-08 23:35:38,872 - main - INFO - Included router: routers.user_credits.router
2026-02-08 23:35:38,874 - main - INFO - === Application startup initiated ===
2026-02-08 23:35:38,874 - services.database - DEBUG - [DB_OP] Starting database initialization
2026-02-08 23:35:38,874 - services.database - INFO - 🔧 Starting database initialization...
2026-02-08 23:35:38,874 - core.database - INFO - Starting database initialization...
2026-02-08 23:35:38,874 - core.config - DEBUG - Read dynamic attribute database_url from environment variable DATABASE_URL
2026-02-08 23:35:38,874 - core.database - INFO - Normalizing database URL for async compatibility...
2026-02-08 23:35:38,875 - core.database - INFO - Creating async database engine...
2026-02-08 23:35:38,875 - core.database - INFO - Using QueuePool with connection pooling for non-Lambda environment
2026-02-08 23:35:38,934 - core.database - INFO - Database engine created successfully
2026-02-08 23:35:38,934 - core.database - INFO - Creating async session maker...
2026-02-08 23:35:38,935 - core.database - INFO - Async session maker created successfully
2026-02-08 23:35:38,935 - core.database - INFO - Database connection initialized successfully
2026-02-08 23:35:38,936 - services.database - INFO - 🔧 Database connection initialized, now creating tables if tables not exist...
2026-02-08 23:35:38,936 - core.database - DEBUG - [DB_OP] Starting create_tables
2026-02-08 23:35:38,936 - core.database - INFO - 🔧 Starting table creation...
2026-02-08 23:35:40,531 - core.database - INFO - Tables initialized successfully
2026-02-08 23:35:40,531 - core.database - DEBUG - [DB_OP] Create tables completed in 1.5955s
2026-02-08 23:35:40,593 - services.database - INFO - 🔧 Table creation completed
2026-02-08 23:35:40,594 - services.database - INFO - Database initialized successfully
2026-02-08 23:35:40,594 - services.database - DEBUG - [DB_OP] Database initialization completed in 1.7204s
2026-02-08 23:35:40,595 - services.mock_data - INFO - Processing mock data file state_regulations.json for table state_regulations
2026-02-08 23:35:42,621 - services.mock_data - INFO - Table state_regulations already has 50 rows; skipping mock insert
2026-02-08 23:35:42,683 - services.database - DEBUG - [DB_OP] Starting database initialization
2026-02-08 23:35:42,683 - services.database - INFO - 🔧 Starting database initialization...
2026-02-08 23:35:42,683 - core.database - INFO - Starting database initialization...
2026-02-08 23:35:42,683 - core.database - INFO - Database already initialized
2026-02-08 23:35:42,684 - services.database - INFO - 🔧 Database connection initialized, now creating tables if tables not exist...
2026-02-08 23:35:42,684 - core.database - DEBUG - [DB_OP] Starting create_tables
2026-02-08 23:35:42,684 - core.database - INFO - Tables already initialized
2026-02-08 23:35:42,684 - services.database - INFO - 🔧 Table creation completed
2026-02-08 23:35:42,684 - services.database - INFO - Database initialized successfully
2026-02-08 23:35:42,685 - services.database - DEBUG - [DB_OP] Database initialization completed in 0.0016s
2026-02-08 23:35:42,685 - core.config - DEBUG - Read dynamic attribute admin_user_id from environment variable ADMIN_USER_ID
2026-02-08 23:35:42,685 - core.config - DEBUG - Read dynamic attribute admin_user_email from environment variable ADMIN_USER_EMAIL
2026-02-08 23:35:43,062 - services.auth - DEBUG - Admin user 956410 already exists
2026-02-08 23:35:43,124 - main - INFO - === Application startup completed successfully ===
2026-02-08 23:49:21,488 - services.database - DEBUG - [DB_OP] Starting database close
2026-02-08 23:49:21,489 - core.database - INFO - Database connection closed and engine disposed
2026-02-08 23:49:21,489 - services.database - INFO - Database connections closed
2026-02-08 23:49:21,490 - services.database - DEBUG - [DB_OP] Database close completed in 0.0015s
