2026-02-10 01:04:39,985 - main - INFO - === Logging system initialized ===
2026-02-10 01:04:39,985 - main - INFO - Log file: logs/app_20260210_010439.log
2026-02-10 01:04:39,985 - main - INFO - Log level: INFO
2026-02-10 01:04:39,985 - main - INFO - Timestamp: 20260210_010439
2026-02-10 01:04:47,490 - main - INFO - Included router: routers.aihub.router
2026-02-10 01:04:47,667 - main - INFO - Included router: routers.auth.router
2026-02-10 01:04:47,777 - main - INFO - Included router: routers.documents.router
2026-02-10 01:04:47,931 - main - INFO - Included router: routers.extractions.router
2026-02-10 01:04:47,956 - main - INFO - Included router: routers.google_auth.router
2026-02-10 01:04:47,981 - main - INFO - Included router: routers.health.router
2026-02-10 01:04:49,597 - main - INFO - Included router: routers.lease_analysis.router
2026-02-10 01:04:49,702 - main - INFO - Included router: routers.payments.router
2026-02-10 01:04:49,748 - main - INFO - Included router: routers.settings.router
2026-02-10 01:04:49,843 - main - INFO - Included router: routers.state_regulations.router
2026-02-10 01:04:49,895 - main - INFO - Included router: routers.storage.router
2026-02-10 01:04:50,437 - core.config - DEBUG - Read dynamic attribute stripe_secret_key from environment variable STRIPE_SECRET_KEY
2026-02-10 01:04:50,449 - main - INFO - Included router: routers.stripe_payments.router
2026-02-10 01:04:50,526 - main - INFO - Included router: routers.user.router
2026-02-10 01:04:50,726 - main - INFO - Included router: routers.user_credits.router
2026-02-10 01:04:50,728 - main - INFO - === Application startup initiated ===
2026-02-10 01:04:50,728 - services.database - DEBUG - [DB_OP] Starting database initialization
2026-02-10 01:04:50,728 - services.database - INFO - 🔧 Starting database initialization...
2026-02-10 01:04:50,728 - core.database - INFO - Starting database initialization...
2026-02-10 01:04:50,728 - core.database - INFO - Normalizing database URL for async compatibility...
2026-02-10 01:04:50,729 - core.database - INFO - Creating async database engine...
2026-02-10 01:04:50,729 - core.database - INFO - Using QueuePool with connection pooling for non-Lambda environment
2026-02-10 01:04:51,280 - core.database - INFO - Database engine created successfully
2026-02-10 01:04:51,280 - core.database - INFO - Creating async session maker...
2026-02-10 01:04:51,280 - core.database - INFO - Async session maker created successfully
2026-02-10 01:04:51,280 - core.database - INFO - Database connection initialized successfully
2026-02-10 01:04:51,280 - services.database - INFO - 🔧 Database connection initialized, now creating tables if tables not exist...
2026-02-10 01:04:51,280 - core.database - DEBUG - [DB_OP] Starting create_tables
2026-02-10 01:04:51,281 - core.database - INFO - 🔧 Starting table creation...
2026-02-10 01:04:52,798 - core.database - INFO - Tables initialized successfully
2026-02-10 01:04:52,799 - core.database - DEBUG - [DB_OP] Create tables completed in 1.5183s
2026-02-10 01:04:52,859 - services.database - INFO - 🔧 Table creation completed
2026-02-10 01:04:52,859 - services.database - INFO - 🔧 Checking and repairing existing tables...
2026-02-10 01:04:53,285 - services.database - INFO - Existing columns in extractions table: ['monthly_rent', 'renewal_notice_days', 'created_at', 'security_deposit', 'document_id', 'id', 'lease_end_date', 'pet_policy', 'late_fee_terms', 'risk_flags', 'raw_extraction', 'compliance_data', 'source_map', 'pages_meta', 'user_id', 'tenant_name', 'landlord_name', 'property_address', 'lease_start_date']
2026-02-10 01:04:53,344 - services.database - INFO - 🔧 Table repair completed
2026-02-10 01:04:53,344 - services.database - INFO - Database initialized successfully
2026-02-10 01:04:53,345 - services.database - DEBUG - [DB_OP] Database initialization completed in 2.6170s
2026-02-10 01:04:53,346 - services.mock_data - INFO - Processing mock data file state_regulations.json for table state_regulations
2026-02-10 01:04:55,212 - services.mock_data - INFO - Table state_regulations already has 50 rows; skipping mock insert
2026-02-10 01:04:55,271 - services.database - DEBUG - [DB_OP] Starting database initialization
2026-02-10 01:04:55,272 - services.database - INFO - 🔧 Starting database initialization...
2026-02-10 01:04:55,272 - core.database - INFO - Starting database initialization...
2026-02-10 01:04:55,272 - core.database - INFO - Database already initialized
2026-02-10 01:04:55,272 - services.database - INFO - 🔧 Database connection initialized, now creating tables if tables not exist...
2026-02-10 01:04:55,272 - core.database - DEBUG - [DB_OP] Starting create_tables
2026-02-10 01:04:55,272 - core.database - INFO - Tables already initialized
2026-02-10 01:04:55,272 - services.database - INFO - 🔧 Table creation completed
2026-02-10 01:04:55,272 - services.database - INFO - 🔧 Checking and repairing existing tables...
2026-02-10 01:04:55,622 - services.database - INFO - Existing columns in extractions table: ['monthly_rent', 'renewal_notice_days', 'created_at', 'security_deposit', 'document_id', 'id', 'lease_end_date', 'pet_policy', 'late_fee_terms', 'risk_flags', 'raw_extraction', 'compliance_data', 'source_map', 'pages_meta', 'user_id', 'tenant_name', 'landlord_name', 'property_address', 'lease_start_date']
2026-02-10 01:04:55,681 - services.database - INFO - 🔧 Table repair completed
2026-02-10 01:04:55,681 - services.database - INFO - Database initialized successfully
2026-02-10 01:04:55,682 - services.database - DEBUG - [DB_OP] Database initialization completed in 0.4104s
2026-02-10 01:04:55,682 - core.config - DEBUG - Read dynamic attribute admin_user_id from environment variable ADMIN_USER_ID
2026-02-10 01:04:55,682 - core.config - DEBUG - Read dynamic attribute admin_user_email from environment variable ADMIN_USER_EMAIL
2026-02-10 01:04:56,041 - services.auth - DEBUG - Admin user 956410 already exists
2026-02-10 01:04:56,100 - main - INFO - === Application startup completed successfully ===
2026-02-10 01:05:01,488 - services.database - DEBUG - [DB_OP] Starting database close
2026-02-10 01:05:01,549 - core.database - INFO - Database connection closed and engine disposed
2026-02-10 01:05:01,550 - services.database - INFO - Database connections closed
2026-02-10 01:05:01,550 - services.database - DEBUG - [DB_OP] Database close completed in 0.0623s
