2026-02-07 22:18:57,131 - main - INFO - === Logging system initialized ===
2026-02-07 22:18:57,132 - main - INFO - Log file: logs/app_20260207_221857.log
2026-02-07 22:18:57,132 - main - INFO - Log level: INFO
2026-02-07 22:18:57,132 - main - INFO - Timestamp: 20260207_221857
2026-02-07 22:18:57,748 - main - INFO - Included router: routers.aihub.router
2026-02-07 22:18:57,766 - main - INFO - Included router: routers.auth.router
2026-02-07 22:18:57,812 - main - INFO - Included router: routers.documents.router
2026-02-07 22:18:57,851 - main - INFO - Included router: routers.extractions.router
2026-02-07 22:18:57,855 - main - INFO - Included router: routers.health.router
2026-02-07 22:18:57,884 - main - INFO - Included router: routers.lease_analysis.router
2026-02-07 22:18:57,920 - main - INFO - Included router: routers.payments.router
2026-02-07 22:18:57,937 - main - INFO - Included router: routers.settings.router
2026-02-07 22:18:57,967 - main - INFO - Included router: routers.state_regulations.router
2026-02-07 22:18:58,000 - main - INFO - Included router: routers.storage.router
2026-02-07 22:18:58,072 - main - WARNING - Failed to import module 'routers.stripe_payments': 'Settings' object has no attribute 'stripe_secret_key'
2026-02-07 22:18:58,078 - main - INFO - Included router: routers.user.router
2026-02-07 22:18:58,118 - main - INFO - Included router: routers.user_credits.router
2026-02-07 22:18:58,121 - main - INFO - === Application startup initiated ===
2026-02-07 22:18:58,121 - services.database - DEBUG - [DB_OP] Starting database initialization
2026-02-07 22:18:58,121 - services.database - INFO - 🔧 Starting database initialization...
2026-02-07 22:18:58,121 - core.database - INFO - Starting database initialization...
2026-02-07 22:18:58,121 - services.database - ERROR - Failed to initialize database: 'Settings' object has no attribute 'database_url'
