2026-02-08 23:31:46,824 - main - INFO - === Logging system initialized ===
2026-02-08 23:31:46,824 - main - INFO - Log file: logs/app_20260208_233146.log
2026-02-08 23:31:46,825 - main - INFO - Log level: INFO
2026-02-08 23:31:46,825 - main - INFO - Timestamp: 20260208_233146
2026-02-08 23:31:54,855 - main - INFO - Included router: routers.aihub.router
2026-02-08 23:31:54,974 - main - INFO - Included router: routers.auth.router
2026-02-08 23:31:55,108 - main - INFO - Included router: routers.documents.router
2026-02-08 23:31:55,257 - main - INFO - Included router: routers.extractions.router
2026-02-08 23:31:55,268 - main - INFO - Included router: routers.google_auth.router
2026-02-08 23:31:55,284 - main - INFO - Included router: routers.health.router
2026-02-08 23:31:56,258 - main - INFO - Included router: routers.lease_analysis.router
2026-02-08 23:31:56,361 - main - INFO - Included router: routers.payments.router
2026-02-08 23:31:56,401 - main - INFO - Included router: routers.settings.router
2026-02-08 23:31:56,509 - main - INFO - Included router: routers.state_regulations.router
2026-02-08 23:31:56,589 - main - INFO - Included router: routers.storage.router
2026-02-08 23:31:56,900 - core.config - DEBUG - Read dynamic attribute stripe_secret_key from environment variable STRIPE_SECRET_KEY
2026-02-08 23:31:56,909 - main - INFO - Included router: routers.stripe_payments.router
2026-02-08 23:31:57,065 - main - INFO - Included router: routers.user.router
2026-02-08 23:31:57,122 - main - INFO - Included router: routers.user_credits.router
2026-02-08 23:31:57,124 - main - INFO - === Application startup initiated ===
2026-02-08 23:31:57,124 - services.database - DEBUG - [DB_OP] Starting database initialization
2026-02-08 23:31:57,124 - services.database - INFO - 🔧 Starting database initialization...
2026-02-08 23:31:57,124 - core.database - INFO - Starting database initialization...
2026-02-08 23:31:57,124 - core.config - DEBUG - Read dynamic attribute database_url from environment variable DATABASE_URL
2026-02-08 23:31:57,124 - core.database - INFO - Normalizing database URL for async compatibility...
2026-02-08 23:31:57,126 - core.database - INFO - Creating async database engine...
2026-02-08 23:31:57,126 - core.database - INFO - Using QueuePool with connection pooling for non-Lambda environment
2026-02-08 23:31:57,440 - core.database - INFO - Database engine created successfully
2026-02-08 23:31:57,440 - core.database - INFO - Creating async session maker...
2026-02-08 23:31:57,440 - core.database - INFO - Async session maker created successfully
2026-02-08 23:31:57,440 - core.database - INFO - Database connection initialized successfully
2026-02-08 23:31:57,440 - services.database - INFO - 🔧 Database connection initialized, now creating tables if tables not exist...
2026-02-08 23:31:57,440 - core.database - DEBUG - [DB_OP] Starting create_tables
2026-02-08 23:31:57,440 - core.database - INFO - 🔧 Starting table creation...
2026-02-08 23:31:59,546 - core.database - INFO - Tables initialized successfully
2026-02-08 23:31:59,546 - core.database - DEBUG - [DB_OP] Create tables completed in 2.1057s
2026-02-08 23:31:59,613 - services.database - INFO - 🔧 Table creation completed
2026-02-08 23:31:59,613 - services.database - INFO - Database initialized successfully
2026-02-08 23:31:59,613 - services.database - DEBUG - [DB_OP] Database initialization completed in 2.4894s
2026-02-08 23:31:59,615 - services.mock_data - INFO - Processing mock data file state_regulations.json for table state_regulations
2026-02-08 23:32:01,848 - services.mock_data - INFO - Table state_regulations already has 50 rows; skipping mock insert
2026-02-08 23:32:01,914 - services.database - DEBUG - [DB_OP] Starting database initialization
2026-02-08 23:32:01,914 - services.database - INFO - 🔧 Starting database initialization...
2026-02-08 23:32:01,915 - core.database - INFO - Starting database initialization...
2026-02-08 23:32:01,915 - core.database - INFO - Database already initialized
2026-02-08 23:32:01,915 - services.database - INFO - 🔧 Database connection initialized, now creating tables if tables not exist...
2026-02-08 23:32:01,915 - core.database - DEBUG - [DB_OP] Starting create_tables
2026-02-08 23:32:01,915 - core.database - INFO - Tables already initialized
2026-02-08 23:32:01,915 - services.database - INFO - 🔧 Table creation completed
2026-02-08 23:32:01,916 - services.database - INFO - Database initialized successfully
2026-02-08 23:32:01,916 - services.database - DEBUG - [DB_OP] Database initialization completed in 0.0015s
2026-02-08 23:32:01,916 - core.config - DEBUG - Read dynamic attribute admin_user_id from environment variable ADMIN_USER_ID
2026-02-08 23:32:01,916 - core.config - DEBUG - Read dynamic attribute admin_user_email from environment variable ADMIN_USER_EMAIL
2026-02-08 23:32:02,323 - services.auth - DEBUG - Admin user 956410 already exists
2026-02-08 23:32:02,389 - main - INFO - === Application startup completed successfully ===
2026-02-08 23:35:10,420 - services.database - DEBUG - [DB_OP] Starting database close
2026-02-08 23:35:10,491 - core.database - INFO - Database connection closed and engine disposed
2026-02-08 23:35:10,491 - services.database - INFO - Database connections closed
2026-02-08 23:35:10,491 - services.database - DEBUG - [DB_OP] Database close completed in 0.0712s
